{"__type":"$$EventMessageAudit","id":"e151afb5-2f91-4c17-b128-4168c02e1cdc","ts":"2026-01-19T19:05:22.443+00:00","eventName":"n8n.audit.workflow.created","message":"n8n.audit.workflow.created","payload":{"userId":"7f9787e3-90ba-4f7f-8380-c55119cc58d4","_email":"engfabiodesalvi@gmail.com","_firstName":"Fabio","_lastName":"Toledo Bonemer De Salvi","globalRole":"global:owner","workflowId":"zCPvmUqY7ee2uF1cNw9WT","workflowName":"Nodes Centrais - DIO - 3"}}
{"__type":"$$EventMessageConfirm","confirm":"e151afb5-2f91-4c17-b128-4168c02e1cdc","ts":"2026-01-19T19:05:22.444+00:00","source":{"id":"0","name":"eventBus"}}
{"__type":"$$EventMessageWorkflow","id":"5a6e172f-9c29-44f9-a1e9-3d368f763cd5","ts":null,"eventName":"n8n.workflow.started","message":"n8n.workflow.started","payload":{"executionId":"17","workflowId":"zCPvmUqY7ee2uF1cNw9WT","isManual":false,"workflowName":"Nodes Centrais - DIO - 3"}}
{"__type":"$$EventMessageConfirm","confirm":"5a6e172f-9c29-44f9-a1e9-3d368f763cd5","ts":null,"source":{"id":"0","name":"eventBus"}}
{"__type":"$$EventMessageNode","id":"91d844cc-1354-40bc-8581-925d9f4f462d","ts":null,"eventName":"n8n.node.started","message":"n8n.node.started","payload":{"workflowId":"zCPvmUqY7ee2uF1cNw9WT","workflowName":"Nodes Centrais - DIO - 3","executionId":"17","nodeType":"n8n-nodes-base.webhook","nodeName":"Webhook","nodeId":"de091d22-09d2-41a6-991c-bee01ae89517"}}
{"__type":"$$EventMessageConfirm","confirm":"91d844cc-1354-40bc-8581-925d9f4f462d","ts":null,"source":{"id":"0","name":"eventBus"}}
{"__type":"$$EventMessageNode","id":"274ab3e2-b811-44ba-9d6a-9187a68fa3b8","ts":null,"eventName":"n8n.node.finished","message":"n8n.node.finished","payload":{"workflowId":"zCPvmUqY7ee2uF1cNw9WT","workflowName":"Nodes Centrais - DIO - 3","executionId":"17","nodeType":"n8n-nodes-base.webhook","nodeName":"Webhook","nodeId":"de091d22-09d2-41a6-991c-bee01ae89517"}}
{"__type":"$$EventMessageConfirm","confirm":"274ab3e2-b811-44ba-9d6a-9187a68fa3b8","ts":null,"source":{"id":"0","name":"eventBus"}}
{"__type":"$$EventMessageNode","id":"70dada44-86a5-40e3-b927-fdc67b37d186","ts":null,"eventName":"n8n.node.started","message":"n8n.node.started","payload":{"workflowId":"zCPvmUqY7ee2uF1cNw9WT","workflowName":"Nodes Centrais - DIO - 3","executionId":"17","nodeType":"n8n-nodes-base.httpRequest","nodeName":"HTTP Request","nodeId":"28b6745a-b096-433d-978e-27485211ff31"}}
{"__type":"$$EventMessageConfirm","confirm":"70dada44-86a5-40e3-b927-fdc67b37d186","ts":null,"source":{"id":"0","name":"eventBus"}}
{"__type":"$$EventMessageNode","id":"cadc63da-ebb5-43eb-81d0-416848e7b77a","ts":null,"eventName":"n8n.node.finished","message":"n8n.node.finished","payload":{"workflowId":"zCPvmUqY7ee2uF1cNw9WT","workflowName":"Nodes Centrais - DIO - 3","executionId":"17","nodeType":"n8n-nodes-base.httpRequest","nodeName":"HTTP Request","nodeId":"28b6745a-b096-433d-978e-27485211ff31"}}
{"__type":"$$EventMessageConfirm","confirm":"cadc63da-ebb5-43eb-81d0-416848e7b77a","ts":null,"source":{"id":"0","name":"eventBus"}}
{"__type":"$$EventMessageWorkflow","id":"c2336132-0e3c-40b6-ba3d-0d62a80ce400","ts":null,"eventName":"n8n.workflow.success","message":"n8n.workflow.success","payload":{"executionId":"17","success":true,"isManual":true,"workflowId":"zCPvmUqY7ee2uF1cNw9WT","workflowName":"Nodes Centrais - DIO - 3"}}
{"__type":"$$EventMessageConfirm","confirm":"c2336132-0e3c-40b6-ba3d-0d62a80ce400","ts":null,"source":{"id":"0","name":"eventBus"}}
{"__type":"$$EventMessageWorkflow","id":"87d19def-a283-413d-a6e5-272daf3965dd","ts":null,"eventName":"n8n.workflow.started","message":"n8n.workflow.started","payload":{"executionId":"18","workflowId":"zCPvmUqY7ee2uF1cNw9WT","isManual":false,"workflowName":"Nodes Centrais - DIO - 3"}}
{"__type":"$$EventMessageConfirm","confirm":"87d19def-a283-413d-a6e5-272daf3965dd","ts":null,"source":{"id":"0","name":"eventBus"}}
{"__type":"$$EventMessageNode","id":"3b943143-65c8-4cdc-9da4-16b521325c09","ts":null,"eventName":"n8n.node.started","message":"n8n.node.started","payload":{"workflowId":"zCPvmUqY7ee2uF1cNw9WT","workflowName":"Nodes Centrais - DIO - 3","executionId":"18","nodeType":"n8n-nodes-base.httpRequest","nodeName":"HTTP Request","nodeId":"28b6745a-b096-433d-978e-27485211ff31"}}
{"__type":"$$EventMessageConfirm","confirm":"3b943143-65c8-4cdc-9da4-16b521325c09","ts":null,"source":{"id":"0","name":"eventBus"}}
{"__type":"$$EventMessageNode","id":"d63777ac-2cf3-44ce-adf3-b5e72be9c4bd","ts":null,"eventName":"n8n.node.finished","message":"n8n.node.finished","payload":{"workflowId":"zCPvmUqY7ee2uF1cNw9WT","workflowName":"Nodes Centrais - DIO - 3","executionId":"18","nodeType":"n8n-nodes-base.httpRequest","nodeName":"HTTP Request","nodeId":"28b6745a-b096-433d-978e-27485211ff31"}}
{"__type":"$$EventMessageConfirm","confirm":"d63777ac-2cf3-44ce-adf3-b5e72be9c4bd","ts":null,"source":{"id":"0","name":"eventBus"}}
{"__type":"$$EventMessageWorkflow","id":"f61d8d7e-bac0-4692-b077-53e71eba28a0","ts":null,"eventName":"n8n.workflow.success","message":"n8n.workflow.success","payload":{"userId":"7f9787e3-90ba-4f7f-8380-c55119cc58d4","executionId":"18","success":true,"isManual":true,"workflowId":"zCPvmUqY7ee2uF1cNw9WT","workflowName":"Nodes Centrais - DIO - 3"}}
{"__type":"$$EventMessageConfirm","confirm":"f61d8d7e-bac0-4692-b077-53e71eba28a0","ts":null,"source":{"id":"0","name":"eventBus"}}
{"__type":"$$EventMessageWorkflow","id":"4782d266-80cf-4372-a22c-078256260eec","ts":null,"eventName":"n8n.workflow.started","message":"n8n.workflow.started","payload":{"executionId":"19","workflowId":"zCPvmUqY7ee2uF1cNw9WT","isManual":false,"workflowName":"Nodes Centrais - DIO - 3"}}
{"__type":"$$EventMessageConfirm","confirm":"4782d266-80cf-4372-a22c-078256260eec","ts":null,"source":{"id":"0","name":"eventBus"}}
{"__type":"$$EventMessageNode","id":"6014167b-b7fe-48f0-9804-c1c8811d1886","ts":null,"eventName":"n8n.node.started","message":"n8n.node.started","payload":{"workflowId":"zCPvmUqY7ee2uF1cNw9WT","workflowName":"Nodes Centrais - DIO - 3","executionId":"19","nodeType":"n8n-nodes-base.httpRequest","nodeName":"HTTP Request","nodeId":"28b6745a-b096-433d-978e-27485211ff31"}}
{"__type":"$$EventMessageConfirm","confirm":"6014167b-b7fe-48f0-9804-c1c8811d1886","ts":null,"source":{"id":"0","name":"eventBus"}}
{"__type":"$$EventMessageNode","id":"87fb02c6-2488-43db-aa4b-7362797303de","ts":null,"eventName":"n8n.node.finished","message":"n8n.node.finished","payload":{"workflowId":"zCPvmUqY7ee2uF1cNw9WT","workflowName":"Nodes Centrais - DIO - 3","executionId":"19","nodeType":"n8n-nodes-base.httpRequest","nodeName":"HTTP Request","nodeId":"28b6745a-b096-433d-978e-27485211ff31"}}
{"__type":"$$EventMessageConfirm","confirm":"87fb02c6-2488-43db-aa4b-7362797303de","ts":null,"source":{"id":"0","name":"eventBus"}}
{"__type":"$$EventMessageWorkflow","id":"2e429404-1ed9-4329-98f2-25931e3df96d","ts":null,"eventName":"n8n.workflow.success","message":"n8n.workflow.success","payload":{"userId":"7f9787e3-90ba-4f7f-8380-c55119cc58d4","executionId":"19","success":true,"isManual":true,"workflowId":"zCPvmUqY7ee2uF1cNw9WT","workflowName":"Nodes Centrais - DIO - 3"}}
{"__type":"$$EventMessageConfirm","confirm":"2e429404-1ed9-4329-98f2-25931e3df96d","ts":null,"source":{"id":"0","name":"eventBus"}}
{"__type":"$$EventMessageAudit","id":"331a1b81-11b1-4b19-b72b-b7651032e2c0","ts":null,"eventName":"n8n.audit.workflow.updated","message":"n8n.audit.workflow.updated","payload":{"userId":"7f9787e3-90ba-4f7f-8380-c55119cc58d4","_email":"engfabiodesalvi@gmail.com","_firstName":"Fabio","_lastName":"Toledo Bonemer De Salvi","globalRole":"global:owner","workflowId":"zCPvmUqY7ee2uF1cNw9WT","workflowName":"Nodes Centrais - DIO - 3"}}
{"__type":"$$EventMessageConfirm","confirm":"331a1b81-11b1-4b19-b72b-b7651032e2c0","ts":null,"source":{"id":"0","name":"eventBus"}}
{"__type":"$$EventMessageAudit","id":"02ce7ed5-57b7-4f17-b08a-cfa2d3589843","ts":null,"eventName":"n8n.audit.workflow.updated","message":"n8n.audit.workflow.updated","payload":{"userId":"7f9787e3-90ba-4f7f-8380-c55119cc58d4","_email":"engfabiodesalvi@gmail.com","_firstName":"Fabio","_lastName":"Toledo Bonemer De Salvi","globalRole":"global:owner","workflowId":"zCPvmUqY7ee2uF1cNw9WT","workflowName":"Nodes Centrais - DIO - 3"}}
{"__type":"$$EventMessageConfirm","confirm":"02ce7ed5-57b7-4f17-b08a-cfa2d3589843","ts":null,"source":{"id":"0","name":"eventBus"}}
{"__type":"$$EventMessageAudit","id":"86f2d6ce-2d71-41d4-b5df-3b58f593c38f","ts":null,"eventName":"n8n.audit.workflow.updated","message":"n8n.audit.workflow.updated","payload":{"userId":"7f9787e3-90ba-4f7f-8380-c55119cc58d4","_email":"engfabiodesalvi@gmail.com","_firstName":"Fabio","_lastName":"Toledo Bonemer De Salvi","globalRole":"global:owner","workflowId":"zCPvmUqY7ee2uF1cNw9WT","workflowName":"Nodes Centrais - DIO - 3"}}
{"__type":"$$EventMessageConfirm","confirm":"86f2d6ce-2d71-41d4-b5df-3b58f593c38f","ts":null,"source":{"id":"0","name":"eventBus"}}
{"__type":"$$EventMessageWorkflow","id":"eb3ea93e-afde-47aa-8096-0395c39c61b7","ts":null,"eventName":"n8n.workflow.started","message":"n8n.workflow.started","payload":{"executionId":"20","workflowId":"zCPvmUqY7ee2uF1cNw9WT","isManual":false,"workflowName":"Nodes Centrais - DIO - 3"}}
{"__type":"$$EventMessageConfirm","confirm":"eb3ea93e-afde-47aa-8096-0395c39c61b7","ts":null,"source":{"id":"0","name":"eventBus"}}
{"__type":"$$EventMessageNode","id":"a5aa471a-65db-4f2c-a803-edb4ad070243","ts":null,"eventName":"n8n.node.started","message":"n8n.node.started","payload":{"workflowId":"zCPvmUqY7ee2uF1cNw9WT","workflowName":"Nodes Centrais - DIO - 3","executionId":"20","nodeType":"n8n-nodes-base.httpRequest","nodeName":"HTTP Request","nodeId":"28b6745a-b096-433d-978e-27485211ff31"}}
{"__type":"$$EventMessageConfirm","confirm":"a5aa471a-65db-4f2c-a803-edb4ad070243","ts":null,"source":{"id":"0","name":"eventBus"}}
{"__type":"$$EventMessageNode","id":"986254fd-8e92-4dc1-a2d1-fb755171dd42","ts":null,"eventName":"n8n.node.finished","message":"n8n.node.finished","payload":{"workflowId":"zCPvmUqY7ee2uF1cNw9WT","workflowName":"Nodes Centrais - DIO - 3","executionId":"20","nodeType":"n8n-nodes-base.httpRequest","nodeName":"HTTP Request","nodeId":"28b6745a-b096-433d-978e-27485211ff31"}}
{"__type":"$$EventMessageConfirm","confirm":"986254fd-8e92-4dc1-a2d1-fb755171dd42","ts":null,"source":{"id":"0","name":"eventBus"}}
{"__type":"$$EventMessageWorkflow","id":"8dc6bef1-06cd-430b-9281-6c3c9ca1cdec","ts":null,"eventName":"n8n.workflow.success","message":"n8n.workflow.success","payload":{"userId":"7f9787e3-90ba-4f7f-8380-c55119cc58d4","executionId":"20","success":true,"isManual":true,"workflowId":"zCPvmUqY7ee2uF1cNw9WT","workflowName":"Nodes Centrais - DIO - 3"}}
{"__type":"$$EventMessageConfirm","confirm":"8dc6bef1-06cd-430b-9281-6c3c9ca1cdec","ts":null,"source":{"id":"0","name":"eventBus"}}
{"__type":"$$EventMessageWorkflow","id":"cb10a55a-bec8-42ec-861d-e5ca93477010","ts":null,"eventName":"n8n.workflow.started","message":"n8n.workflow.started","payload":{"executionId":"21","workflowId":"zCPvmUqY7ee2uF1cNw9WT","isManual":false,"workflowName":"Nodes Centrais - DIO - 3"}}
{"__type":"$$EventMessageConfirm","confirm":"cb10a55a-bec8-42ec-861d-e5ca93477010","ts":null,"source":{"id":"0","name":"eventBus"}}
{"__type":"$$EventMessageNode","id":"0b29dacb-5016-4850-827b-0826d7e1658d","ts":null,"eventName":"n8n.node.started","message":"n8n.node.started","payload":{"workflowId":"zCPvmUqY7ee2uF1cNw9WT","workflowName":"Nodes Centrais - DIO - 3","executionId":"21","nodeType":"n8n-nodes-base.webhook","nodeName":"Webhook","nodeId":"de091d22-09d2-41a6-991c-bee01ae89517"}}
{"__type":"$$EventMessageConfirm","confirm":"0b29dacb-5016-4850-827b-0826d7e1658d","ts":null,"source":{"id":"0","name":"eventBus"}}
{"__type":"$$EventMessageNode","id":"22103665-f78a-4676-8b58-0f0f59283a03","ts":null,"eventName":"n8n.node.finished","message":"n8n.node.finished","payload":{"workflowId":"zCPvmUqY7ee2uF1cNw9WT","workflowName":"Nodes Centrais - DIO - 3","executionId":"21","nodeType":"n8n-nodes-base.webhook","nodeName":"Webhook","nodeId":"de091d22-09d2-41a6-991c-bee01ae89517"}}
{"__type":"$$EventMessageConfirm","confirm":"22103665-f78a-4676-8b58-0f0f59283a03","ts":null,"source":{"id":"0","name":"eventBus"}}
{"__type":"$$EventMessageWorkflow","id":"794bf52c-16cf-4175-b8d1-73a8a166e345","ts":null,"eventName":"n8n.workflow.success","message":"n8n.workflow.success","payload":{"executionId":"21","success":true,"isManual":true,"workflowId":"zCPvmUqY7ee2uF1cNw9WT","workflowName":"Nodes Centrais - DIO - 3"}}
{"__type":"$$EventMessageConfirm","confirm":"794bf52c-16cf-4175-b8d1-73a8a166e345","ts":null,"source":{"id":"0","name":"eventBus"}}
{"__type":"$$EventMessageAudit","id":"8a3c5de0-5d4d-437b-9ada-4c19221dd164","ts":null,"eventName":"n8n.audit.workflow.updated","message":"n8n.audit.workflow.updated","payload":{"userId":"7f9787e3-90ba-4f7f-8380-c55119cc58d4","_email":"engfabiodesalvi@gmail.com","_firstName":"Fabio","_lastName":"Toledo Bonemer De Salvi","globalRole":"global:owner","workflowId":"zCPvmUqY7ee2uF1cNw9WT","workflowName":"Nodes Centrais - DIO - 3"}}
{"__type":"$$EventMessageConfirm","confirm":"8a3c5de0-5d4d-437b-9ada-4c19221dd164","ts":null,"source":{"id":"0","name":"eventBus"}}
{"__type":"$$EventMessageWorkflow","id":"64a6de2e-430e-4a7e-88f3-120363fa4a86","ts":null,"eventName":"n8n.workflow.started","message":"n8n.workflow.started","payload":{"executionId":"22","workflowId":"zCPvmUqY7ee2uF1cNw9WT","isManual":false,"workflowName":"Nodes Centrais - DIO - 3"}}
{"__type":"$$EventMessageConfirm","confirm":"64a6de2e-430e-4a7e-88f3-120363fa4a86","ts":null,"source":{"id":"0","name":"eventBus"}}
{"__type":"$$EventMessageNode","id":"d17300c6-2aee-4163-97a3-3b5f9f4ffe84","ts":null,"eventName":"n8n.node.started","message":"n8n.node.started","payload":{"workflowId":"zCPvmUqY7ee2uF1cNw9WT","workflowName":"Nodes Centrais - DIO - 3","executionId":"22","nodeType":"n8n-nodes-base.webhook","nodeName":"Webhook","nodeId":"de091d22-09d2-41a6-991c-bee01ae89517"}}
{"__type":"$$EventMessageConfirm","confirm":"d17300c6-2aee-4163-97a3-3b5f9f4ffe84","ts":null,"source":{"id":"0","name":"eventBus"}}
{"__type":"$$EventMessageNode","id":"6603b1a9-dad3-48be-82c2-752adddc02f8","ts":null,"eventName":"n8n.node.finished","message":"n8n.node.finished","payload":{"workflowId":"zCPvmUqY7ee2uF1cNw9WT","workflowName":"Nodes Centrais - DIO - 3","executionId":"22","nodeType":"n8n-nodes-base.webhook","nodeName":"Webhook","nodeId":"de091d22-09d2-41a6-991c-bee01ae89517"}}
{"__type":"$$EventMessageConfirm","confirm":"6603b1a9-dad3-48be-82c2-752adddc02f8","ts":null,"source":{"id":"0","name":"eventBus"}}
{"__type":"$$EventMessageNode","id":"5644bfee-b0f4-443d-8678-3b10679e585d","ts":null,"eventName":"n8n.node.started","message":"n8n.node.started","payload":{"workflowId":"zCPvmUqY7ee2uF1cNw9WT","workflowName":"Nodes Centrais - DIO - 3","executionId":"22","nodeType":"n8n-nodes-base.httpRequest","nodeName":"HTTP Request","nodeId":"28b6745a-b096-433d-978e-27485211ff31"}}
{"__type":"$$EventMessageConfirm","confirm":"5644bfee-b0f4-443d-8678-3b10679e585d","ts":null,"source":{"id":"0","name":"eventBus"}}
{"__type":"$$EventMessageNode","id":"1126667a-0316-4ae2-b23f-12d89161c8b3","ts":null,"eventName":"n8n.node.finished","message":"n8n.node.finished","payload":{"workflowId":"zCPvmUqY7ee2uF1cNw9WT","workflowName":"Nodes Centrais - DIO - 3","executionId":"22","nodeType":"n8n-nodes-base.httpRequest","nodeName":"HTTP Request","nodeId":"28b6745a-b096-433d-978e-27485211ff31"}}
{"__type":"$$EventMessageConfirm","confirm":"1126667a-0316-4ae2-b23f-12d89161c8b3","ts":null,"source":{"id":"0","name":"eventBus"}}
{"__type":"$$EventMessageWorkflow","id":"310b1963-b117-463d-842c-572b921fde42","ts":null,"eventName":"n8n.workflow.success","message":"n8n.workflow.success","payload":{"executionId":"22","success":true,"isManual":true,"workflowId":"zCPvmUqY7ee2uF1cNw9WT","workflowName":"Nodes Centrais - DIO - 3"}}
{"__type":"$$EventMessageConfirm","confirm":"310b1963-b117-463d-842c-572b921fde42","ts":null,"source":{"id":"0","name":"eventBus"}}
{"__type":"$$EventMessageAudit","id":"92178d2b-45c2-402a-958a-793e34053e06","ts":null,"eventName":"n8n.audit.workflow.created","message":"n8n.audit.workflow.created","payload":{"userId":"7f9787e3-90ba-4f7f-8380-c55119cc58d4","_email":"engfabiodesalvi@gmail.com","_firstName":"Fabio","_lastName":"Toledo Bonemer De Salvi","globalRole":"global:owner","workflowId":"LMx6g0WMGIG6gFvT","workflowName":"Nodes Centrais - DIO - 4"}}
{"__type":"$$EventMessageConfirm","confirm":"92178d2b-45c2-402a-958a-793e34053e06","ts":null,"source":{"id":"0","name":"eventBus"}}
{"__type":"$$EventMessageWorkflow","id":"ebce8b20-60a5-4dcc-80ba-1ec88bd1ee64","ts":null,"eventName":"n8n.workflow.started","message":"n8n.workflow.started","payload":{"executionId":"23","workflowId":"LMx6g0WMGIG6gFvT","isManual":false,"workflowName":"Nodes Centrais - DIO - 4"}}
{"__type":"$$EventMessageConfirm","confirm":"ebce8b20-60a5-4dcc-80ba-1ec88bd1ee64","ts":null,"source":{"id":"0","name":"eventBus"}}
{"__type":"$$EventMessageNode","id":"c2848b00-713f-471d-b9ed-15f04d69e27d","ts":null,"eventName":"n8n.node.started","message":"n8n.node.started","payload":{"workflowId":"LMx6g0WMGIG6gFvT","workflowName":"Nodes Centrais - DIO - 4","executionId":"23","nodeType":"n8n-nodes-base.webhook","nodeName":"Webhook","nodeId":"175fcf38-e6fe-48d6-a706-0d140a813875"}}
{"__type":"$$EventMessageConfirm","confirm":"c2848b00-713f-471d-b9ed-15f04d69e27d","ts":null,"source":{"id":"0","name":"eventBus"}}
{"__type":"$$EventMessageNode","id":"47ccfeb9-a804-4ea1-a827-2d6be0f3631d","ts":null,"eventName":"n8n.node.finished","message":"n8n.node.finished","payload":{"workflowId":"LMx6g0WMGIG6gFvT","workflowName":"Nodes Centrais - DIO - 4","executionId":"23","nodeType":"n8n-nodes-base.webhook","nodeName":"Webhook","nodeId":"175fcf38-e6fe-48d6-a706-0d140a813875"}}
{"__type":"$$EventMessageConfirm","confirm":"47ccfeb9-a804-4ea1-a827-2d6be0f3631d","ts":null,"source":{"id":"0","name":"eventBus"}}
{"__type":"$$EventMessageWorkflow","id":"4d2bf425-0e97-496c-b45c-524b871c05c2","ts":null,"eventName":"n8n.workflow.success","message":"n8n.workflow.success","payload":{"executionId":"23","success":true,"isManual":true,"workflowId":"LMx6g0WMGIG6gFvT","workflowName":"Nodes Centrais - DIO - 4"}}
{"__type":"$$EventMessageConfirm","confirm":"4d2bf425-0e97-496c-b45c-524b871c05c2","ts":null,"source":{"id":"0","name":"eventBus"}}
{"__type":"$$EventMessageWorkflow","id":"5e387ef5-adac-4d66-8a61-fd21ce039c81","ts":null,"eventName":"n8n.workflow.started","message":"n8n.workflow.started","payload":{"executionId":"24","workflowId":"LMx6g0WMGIG6gFvT","isManual":false,"workflowName":"Nodes Centrais - DIO - 4"}}
{"__type":"$$EventMessageConfirm","confirm":"5e387ef5-adac-4d66-8a61-fd21ce039c81","ts":null,"source":{"id":"0","name":"eventBus"}}
{"__type":"$$EventMessageNode","id":"bee1a3e9-2178-4135-93a0-830e96729e88","ts":null,"eventName":"n8n.node.started","message":"n8n.node.started","payload":{"workflowId":"LMx6g0WMGIG6gFvT","workflowName":"Nodes Centrais - DIO - 4","executionId":"24","nodeType":"n8n-nodes-base.httpRequest","nodeName":"HTTP Request","nodeId":"f444efcc-0e29-4e96-b309-642384eb74ba"}}
{"__type":"$$EventMessageConfirm","confirm":"bee1a3e9-2178-4135-93a0-830e96729e88","ts":null,"source":{"id":"0","name":"eventBus"}}
{"__type":"$$EventMessageNode","id":"8e755b2e-fcdf-40ef-ae8a-9efcae9761c8","ts":null,"eventName":"n8n.node.finished","message":"n8n.node.finished","payload":{"workflowId":"LMx6g0WMGIG6gFvT","workflowName":"Nodes Centrais - DIO - 4","executionId":"24","nodeType":"n8n-nodes-base.httpRequest","nodeName":"HTTP Request","nodeId":"f444efcc-0e29-4e96-b309-642384eb74ba"}}
{"__type":"$$EventMessageConfirm","confirm":"8e755b2e-fcdf-40ef-ae8a-9efcae9761c8","ts":null,"source":{"id":"0","name":"eventBus"}}
{"__type":"$$EventMessageWorkflow","id":"a4a42c0e-7163-4939-be5f-3e9777264442","ts":null,"eventName":"n8n.workflow.success","message":"n8n.workflow.success","payload":{"userId":"7f9787e3-90ba-4f7f-8380-c55119cc58d4","executionId":"24","success":true,"isManual":true,"workflowId":"LMx6g0WMGIG6gFvT","workflowName":"Nodes Centrais - DIO - 4"}}
{"__type":"$$EventMessageConfirm","confirm":"a4a42c0e-7163-4939-be5f-3e9777264442","ts":null,"source":{"id":"0","name":"eventBus"}}
{"__type":"$$EventMessageAudit","id":"02747832-f1f4-42b6-bf12-ad5024410837","ts":null,"eventName":"n8n.audit.workflow.updated","message":"n8n.audit.workflow.updated","payload":{"userId":"7f9787e3-90ba-4f7f-8380-c55119cc58d4","_email":"engfabiodesalvi@gmail.com","_firstName":"Fabio","_lastName":"Toledo Bonemer De Salvi","globalRole":"global:owner","workflowId":"LMx6g0WMGIG6gFvT","workflowName":"Nodes Centrais - DIO - 4"}}
{"__type":"$$EventMessageConfirm","confirm":"02747832-f1f4-42b6-bf12-ad5024410837","ts":null,"source":{"id":"0","name":"eventBus"}}
{"__type":"$$EventMessageWorkflow","id":"98101b9f-9a90-41f9-ad33-7cef443c89e5","ts":null,"eventName":"n8n.workflow.started","message":"n8n.workflow.started","payload":{"executionId":"25","workflowId":"LMx6g0WMGIG6gFvT","isManual":false,"workflowName":"Nodes Centrais - DIO - 4"}}
{"__type":"$$EventMessageConfirm","confirm":"98101b9f-9a90-41f9-ad33-7cef443c89e5","ts":null,"source":{"id":"0","name":"eventBus"}}
{"__type":"$$EventMessageNode","id":"29885b9e-11ab-49e7-afa3-6be16491b4dc","ts":null,"eventName":"n8n.node.started","message":"n8n.node.started","payload":{"workflowId":"LMx6g0WMGIG6gFvT","workflowName":"Nodes Centrais - DIO - 4","executionId":"25","nodeType":"n8n-nodes-base.webhook","nodeName":"Webhook","nodeId":"175fcf38-e6fe-48d6-a706-0d140a813875"}}
{"__type":"$$EventMessageConfirm","confirm":"29885b9e-11ab-49e7-afa3-6be16491b4dc","ts":null,"source":{"id":"0","name":"eventBus"}}
{"__type":"$$EventMessageNode","id":"ee13b6e6-9f86-429f-af32-6c59f5eb1248","ts":null,"eventName":"n8n.node.finished","message":"n8n.node.finished","payload":{"workflowId":"LMx6g0WMGIG6gFvT","workflowName":"Nodes Centrais - DIO - 4","executionId":"25","nodeType":"n8n-nodes-base.webhook","nodeName":"Webhook","nodeId":"175fcf38-e6fe-48d6-a706-0d140a813875"}}
{"__type":"$$EventMessageConfirm","confirm":"ee13b6e6-9f86-429f-af32-6c59f5eb1248","ts":null,"source":{"id":"0","name":"eventBus"}}
{"__type":"$$EventMessageNode","id":"f501ead3-2bce-4fd0-83f2-41b9e1e026ef","ts":null,"eventName":"n8n.node.started","message":"n8n.node.started","payload":{"workflowId":"LMx6g0WMGIG6gFvT","workflowName":"Nodes Centrais - DIO - 4","executionId":"25","nodeType":"n8n-nodes-base.httpRequest","nodeName":"HTTP Request","nodeId":"f444efcc-0e29-4e96-b309-642384eb74ba"}}
{"__type":"$$EventMessageConfirm","confirm":"f501ead3-2bce-4fd0-83f2-41b9e1e026ef","ts":null,"source":{"id":"0","name":"eventBus"}}
{"__type":"$$EventMessageNode","id":"96877e7e-e126-4143-8010-e1d022fd8bf4","ts":null,"eventName":"n8n.node.finished","message":"n8n.node.finished","payload":{"workflowId":"LMx6g0WMGIG6gFvT","workflowName":"Nodes Centrais - DIO - 4","executionId":"25","nodeType":"n8n-nodes-base.httpRequest","nodeName":"HTTP Request","nodeId":"f444efcc-0e29-4e96-b309-642384eb74ba"}}
{"__type":"$$EventMessageConfirm","confirm":"96877e7e-e126-4143-8010-e1d022fd8bf4","ts":null,"source":{"id":"0","name":"eventBus"}}
{"__type":"$$EventMessageNode","id":"cb46aa42-6f34-4fb6-99a3-4848d5a38ac7","ts":null,"eventName":"n8n.node.started","message":"n8n.node.started","payload":{"workflowId":"LMx6g0WMGIG6gFvT","workflowName":"Nodes Centrais - DIO - 4","executionId":"25","nodeType":"n8n-nodes-base.set","nodeName":"Edit Fields","nodeId":"becc83bb-56e3-4903-9ef2-31a6cffaa957"}}
{"__type":"$$EventMessageConfirm","confirm":"cb46aa42-6f34-4fb6-99a3-4848d5a38ac7","ts":null,"source":{"id":"0","name":"eventBus"}}
{"__type":"$$EventMessageNode","id":"0825a279-e6e7-4d12-b0a3-f87a9aea8c7a","ts":null,"eventName":"n8n.node.finished","message":"n8n.node.finished","payload":{"workflowId":"LMx6g0WMGIG6gFvT","workflowName":"Nodes Centrais - DIO - 4","executionId":"25","nodeType":"n8n-nodes-base.set","nodeName":"Edit Fields","nodeId":"becc83bb-56e3-4903-9ef2-31a6cffaa957"}}
{"__type":"$$EventMessageConfirm","confirm":"0825a279-e6e7-4d12-b0a3-f87a9aea8c7a","ts":null,"source":{"id":"0","name":"eventBus"}}
{"__type":"$$EventMessageWorkflow","id":"56413262-969d-4b55-9bc5-0864d25de833","ts":null,"eventName":"n8n.workflow.failed","message":"n8n.workflow.failed","payload":{"executionId":"25","success":false,"isManual":true,"workflowId":"LMx6g0WMGIG6gFvT","workflowName":"Nodes Centrais - DIO - 4","lastNodeExecuted":"Edit Fields","errorNodeType":"n8n-nodes-base.set","errorMessage":"invalid syntax"}}
{"__type":"$$EventMessageConfirm","confirm":"56413262-969d-4b55-9bc5-0864d25de833","ts":null,"source":{"id":"0","name":"eventBus"}}
{"__type":"$$EventMessageWorkflow","id":"03b3e129-acad-4dff-92a1-7edb50504e9e","ts":null,"eventName":"n8n.workflow.started","message":"n8n.workflow.started","payload":{"executionId":"26","workflowId":"LMx6g0WMGIG6gFvT","isManual":false,"workflowName":"Nodes Centrais - DIO - 4"}}
{"__type":"$$EventMessageConfirm","confirm":"03b3e129-acad-4dff-92a1-7edb50504e9e","ts":null,"source":{"id":"0","name":"eventBus"}}
{"__type":"$$EventMessageNode","id":"9a288d38-b198-40a4-ba95-da8e696fe312","ts":null,"eventName":"n8n.node.started","message":"n8n.node.started","payload":{"workflowId":"LMx6g0WMGIG6gFvT","workflowName":"Nodes Centrais - DIO - 4","executionId":"26","nodeType":"n8n-nodes-base.set","nodeName":"Conversão Dolar x Real","nodeId":"becc83bb-56e3-4903-9ef2-31a6cffaa957"}}
{"__type":"$$EventMessageConfirm","confirm":"9a288d38-b198-40a4-ba95-da8e696fe312","ts":null,"source":{"id":"0","name":"eventBus"}}
{"__type":"$$EventMessageNode","id":"9af91e3a-f13a-46ed-9336-fca5c2566304","ts":null,"eventName":"n8n.node.finished","message":"n8n.node.finished","payload":{"workflowId":"LMx6g0WMGIG6gFvT","workflowName":"Nodes Centrais - DIO - 4","executionId":"26","nodeType":"n8n-nodes-base.set","nodeName":"Conversão Dolar x Real","nodeId":"becc83bb-56e3-4903-9ef2-31a6cffaa957"}}
{"__type":"$$EventMessageConfirm","confirm":"9af91e3a-f13a-46ed-9336-fca5c2566304","ts":null,"source":{"id":"0","name":"eventBus"}}
{"__type":"$$EventMessageWorkflow","id":"ddf38d21-1600-40f7-b086-1c01e4dc3d42","ts":null,"eventName":"n8n.workflow.success","message":"n8n.workflow.success","payload":{"userId":"7f9787e3-90ba-4f7f-8380-c55119cc58d4","executionId":"26","success":true,"isManual":true,"workflowId":"LMx6g0WMGIG6gFvT","workflowName":"Nodes Centrais - DIO - 4"}}
{"__type":"$$EventMessageConfirm","confirm":"ddf38d21-1600-40f7-b086-1c01e4dc3d42","ts":null,"source":{"id":"0","name":"eventBus"}}
{"__type":"$$EventMessageAudit","id":"2181f96c-9f85-4b2d-bf81-8372d1c5db1f","ts":null,"eventName":"n8n.audit.workflow.updated","message":"n8n.audit.workflow.updated","payload":{"userId":"7f9787e3-90ba-4f7f-8380-c55119cc58d4","_email":"engfabiodesalvi@gmail.com","_firstName":"Fabio","_lastName":"Toledo Bonemer De Salvi","globalRole":"global:owner","workflowId":"LMx6g0WMGIG6gFvT","workflowName":"Nodes Centrais - DIO - 4"}}
{"__type":"$$EventMessageConfirm","confirm":"2181f96c-9f85-4b2d-bf81-8372d1c5db1f","ts":null,"source":{"id":"0","name":"eventBus"}}
{"__type":"$$EventMessageWorkflow","id":"d3dc624d-c404-4d0c-bcee-5e7ca4e25342","ts":null,"eventName":"n8n.workflow.started","message":"n8n.workflow.started","payload":{"executionId":"27","workflowId":"LMx6g0WMGIG6gFvT","isManual":false,"workflowName":"Nodes Centrais - DIO - 4"}}
{"__type":"$$EventMessageConfirm","confirm":"d3dc624d-c404-4d0c-bcee-5e7ca4e25342","ts":null,"source":{"id":"0","name":"eventBus"}}
{"__type":"$$EventMessageNode","id":"c0557ed2-334a-4edb-998e-ed81063bd2f8","ts":null,"eventName":"n8n.node.started","message":"n8n.node.started","payload":{"workflowId":"LMx6g0WMGIG6gFvT","workflowName":"Nodes Centrais - DIO - 4","executionId":"27","nodeType":"n8n-nodes-base.if","nodeName":"If","nodeId":"fcaeb08c-3ff0-40af-9fc9-ea96928e49ce"}}
{"__type":"$$EventMessageConfirm","confirm":"c0557ed2-334a-4edb-998e-ed81063bd2f8","ts":null,"source":{"id":"0","name":"eventBus"}}
{"__type":"$$EventMessageNode","id":"fe6c8f37-0105-40e8-ac8d-8557dee5e06f","ts":null,"eventName":"n8n.node.finished","message":"n8n.node.finished","payload":{"workflowId":"LMx6g0WMGIG6gFvT","workflowName":"Nodes Centrais - DIO - 4","executionId":"27","nodeType":"n8n-nodes-base.if","nodeName":"If","nodeId":"fcaeb08c-3ff0-40af-9fc9-ea96928e49ce"}}
{"__type":"$$EventMessageConfirm","confirm":"fe6c8f37-0105-40e8-ac8d-8557dee5e06f","ts":null,"source":{"id":"0","name":"eventBus"}}
{"__type":"$$EventMessageWorkflow","id":"a3cd1abd-2f0e-49db-9d88-ccc1a27bce51","ts":null,"eventName":"n8n.workflow.success","message":"n8n.workflow.success","payload":{"userId":"7f9787e3-90ba-4f7f-8380-c55119cc58d4","executionId":"27","success":true,"isManual":true,"workflowId":"LMx6g0WMGIG6gFvT","workflowName":"Nodes Centrais - DIO - 4"}}
{"__type":"$$EventMessageConfirm","confirm":"a3cd1abd-2f0e-49db-9d88-ccc1a27bce51","ts":null,"source":{"id":"0","name":"eventBus"}}
{"__type":"$$EventMessageWorkflow","id":"a5982d8e-199e-40b9-b063-4a114ab9ef06","ts":null,"eventName":"n8n.workflow.started","message":"n8n.workflow.started","payload":{"executionId":"28","workflowId":"LMx6g0WMGIG6gFvT","isManual":false,"workflowName":"Nodes Centrais - DIO - 4"}}
{"__type":"$$EventMessageConfirm","confirm":"a5982d8e-199e-40b9-b063-4a114ab9ef06","ts":null,"source":{"id":"0","name":"eventBus"}}
{"__type":"$$EventMessageNode","id":"49b2a66e-6273-4aa9-8117-51e94f23a323","ts":null,"eventName":"n8n.node.started","message":"n8n.node.started","payload":{"workflowId":"LMx6g0WMGIG6gFvT","workflowName":"Nodes Centrais - DIO - 4","executionId":"28","nodeType":"n8n-nodes-base.if","nodeName":"If","nodeId":"fcaeb08c-3ff0-40af-9fc9-ea96928e49ce"}}
{"__type":"$$EventMessageConfirm","confirm":"49b2a66e-6273-4aa9-8117-51e94f23a323","ts":null,"source":{"id":"0","name":"eventBus"}}
{"__type":"$$EventMessageNode","id":"18978e97-4f09-4365-b6a8-173f5b4329dc","ts":null,"eventName":"n8n.node.finished","message":"n8n.node.finished","payload":{"workflowId":"LMx6g0WMGIG6gFvT","workflowName":"Nodes Centrais - DIO - 4","executionId":"28","nodeType":"n8n-nodes-base.if","nodeName":"If","nodeId":"fcaeb08c-3ff0-40af-9fc9-ea96928e49ce"}}
{"__type":"$$EventMessageConfirm","confirm":"18978e97-4f09-4365-b6a8-173f5b4329dc","ts":null,"source":{"id":"0","name":"eventBus"}}
{"__type":"$$EventMessageWorkflow","id":"9c3f730d-08ea-4230-9f5c-180f15dccbb8","ts":null,"eventName":"n8n.workflow.success","message":"n8n.workflow.success","payload":{"userId":"7f9787e3-90ba-4f7f-8380-c55119cc58d4","executionId":"28","success":true,"isManual":true,"workflowId":"LMx6g0WMGIG6gFvT","workflowName":"Nodes Centrais - DIO - 4"}}
{"__type":"$$EventMessageConfirm","confirm":"9c3f730d-08ea-4230-9f5c-180f15dccbb8","ts":null,"source":{"id":"0","name":"eventBus"}}
{"__type":"$$EventMessageAudit","id":"499cd992-a875-4b09-b9da-4c3b042babe2","ts":null,"eventName":"n8n.audit.workflow.updated","message":"n8n.audit.workflow.updated","payload":{"userId":"7f9787e3-90ba-4f7f-8380-c55119cc58d4","_email":"engfabiodesalvi@gmail.com","_firstName":"Fabio","_lastName":"Toledo Bonemer De Salvi","globalRole":"global:owner","workflowId":"LMx6g0WMGIG6gFvT","workflowName":"Nodes Centrais - DIO - 4"}}
{"__type":"$$EventMessageConfirm","confirm":"499cd992-a875-4b09-b9da-4c3b042babe2","ts":null,"source":{"id":"0","name":"eventBus"}}
{"__type":"$$EventMessageWorkflow","id":"173b7bb5-a368-49c8-991b-52fb9364b4d1","ts":null,"eventName":"n8n.workflow.started","message":"n8n.workflow.started","payload":{"executionId":"29","workflowId":"LMx6g0WMGIG6gFvT","isManual":false,"workflowName":"Nodes Centrais - DIO - 4"}}
{"__type":"$$EventMessageConfirm","confirm":"173b7bb5-a368-49c8-991b-52fb9364b4d1","ts":null,"source":{"id":"0","name":"eventBus"}}
{"__type":"$$EventMessageNode","id":"bcba1fb2-0e67-49c6-b4e6-708f6b68161e","ts":null,"eventName":"n8n.node.started","message":"n8n.node.started","payload":{"workflowId":"LMx6g0WMGIG6gFvT","workflowName":"Nodes Centrais - DIO - 4","executionId":"29","nodeType":"n8n-nodes-base.switch","nodeName":"Switch","nodeId":"5132305f-d034-40d9-a7f5-815468b1afbd"}}
{"__type":"$$EventMessageConfirm","confirm":"bcba1fb2-0e67-49c6-b4e6-708f6b68161e","ts":null,"source":{"id":"0","name":"eventBus"}}
{"__type":"$$EventMessageNode","id":"9ce395c1-b914-4406-a7df-2c79ab73e95d","ts":null,"eventName":"n8n.node.finished","message":"n8n.node.finished","payload":{"workflowId":"LMx6g0WMGIG6gFvT","workflowName":"Nodes Centrais - DIO - 4","executionId":"29","nodeType":"n8n-nodes-base.switch","nodeName":"Switch","nodeId":"5132305f-d034-40d9-a7f5-815468b1afbd"}}
{"__type":"$$EventMessageConfirm","confirm":"9ce395c1-b914-4406-a7df-2c79ab73e95d","ts":null,"source":{"id":"0","name":"eventBus"}}
{"__type":"$$EventMessageWorkflow","id":"b505071e-dee2-48b2-8df8-e456ef350075","ts":null,"eventName":"n8n.workflow.success","message":"n8n.workflow.success","payload":{"userId":"7f9787e3-90ba-4f7f-8380-c55119cc58d4","executionId":"29","success":true,"isManual":true,"workflowId":"LMx6g0WMGIG6gFvT","workflowName":"Nodes Centrais - DIO - 4"}}
{"__type":"$$EventMessageConfirm","confirm":"b505071e-dee2-48b2-8df8-e456ef350075","ts":null,"source":{"id":"0","name":"eventBus"}}
{"__type":"$$EventMessageWorkflow","id":"f9aa85cc-b7ef-428a-b50a-bf78d6cdcef7","ts":null,"eventName":"n8n.workflow.started","message":"n8n.workflow.started","payload":{"executionId":"30","workflowId":"LMx6g0WMGIG6gFvT","isManual":false,"workflowName":"Nodes Centrais - DIO - 4"}}
{"__type":"$$EventMessageConfirm","confirm":"f9aa85cc-b7ef-428a-b50a-bf78d6cdcef7","ts":null,"source":{"id":"0","name":"eventBus"}}
{"__type":"$$EventMessageNode","id":"947a772c-80a2-4fe2-970b-a381b06ba2a8","ts":null,"eventName":"n8n.node.started","message":"n8n.node.started","payload":{"workflowId":"LMx6g0WMGIG6gFvT","workflowName":"Nodes Centrais - DIO - 4","executionId":"30","nodeType":"n8n-nodes-base.switch","nodeName":"Switch","nodeId":"5132305f-d034-40d9-a7f5-815468b1afbd"}}
{"__type":"$$EventMessageConfirm","confirm":"947a772c-80a2-4fe2-970b-a381b06ba2a8","ts":null,"source":{"id":"0","name":"eventBus"}}
{"__type":"$$EventMessageNode","id":"bdd61a8a-6e3f-4c81-afcc-de95113a6965","ts":null,"eventName":"n8n.node.finished","message":"n8n.node.finished","payload":{"workflowId":"LMx6g0WMGIG6gFvT","workflowName":"Nodes Centrais - DIO - 4","executionId":"30","nodeType":"n8n-nodes-base.switch","nodeName":"Switch","nodeId":"5132305f-d034-40d9-a7f5-815468b1afbd"}}
{"__type":"$$EventMessageConfirm","confirm":"bdd61a8a-6e3f-4c81-afcc-de95113a6965","ts":null,"source":{"id":"0","name":"eventBus"}}
{"__type":"$$EventMessageWorkflow","id":"d514b97d-fbe5-4181-97fa-6c83bc6a1def","ts":null,"eventName":"n8n.workflow.success","message":"n8n.workflow.success","payload":{"userId":"7f9787e3-90ba-4f7f-8380-c55119cc58d4","executionId":"30","success":true,"isManual":true,"workflowId":"LMx6g0WMGIG6gFvT","workflowName":"Nodes Centrais - DIO - 4"}}
{"__type":"$$EventMessageConfirm","confirm":"d514b97d-fbe5-4181-97fa-6c83bc6a1def","ts":null,"source":{"id":"0","name":"eventBus"}}
{"__type":"$$EventMessageWorkflow","id":"e4164618-bf6e-4ad3-a602-edd73bdc97db","ts":null,"eventName":"n8n.workflow.started","message":"n8n.workflow.started","payload":{"executionId":"31","workflowId":"LMx6g0WMGIG6gFvT","isManual":false,"workflowName":"Nodes Centrais - DIO - 4"}}
{"__type":"$$EventMessageConfirm","confirm":"e4164618-bf6e-4ad3-a602-edd73bdc97db","ts":null,"source":{"id":"0","name":"eventBus"}}
{"__type":"$$EventMessageNode","id":"07fb4f03-e369-4fd8-ab03-8135101a3944","ts":null,"eventName":"n8n.node.started","message":"n8n.node.started","payload":{"workflowId":"LMx6g0WMGIG6gFvT","workflowName":"Nodes Centrais - DIO - 4","executionId":"31","nodeType":"n8n-nodes-base.switch","nodeName":"Switch","nodeId":"5132305f-d034-40d9-a7f5-815468b1afbd"}}
{"__type":"$$EventMessageConfirm","confirm":"07fb4f03-e369-4fd8-ab03-8135101a3944","ts":null,"source":{"id":"0","name":"eventBus"}}
{"__type":"$$EventMessageNode","id":"e8656ca6-600c-428e-9370-2f29c8d8a3ca","ts":null,"eventName":"n8n.node.finished","message":"n8n.node.finished","payload":{"workflowId":"LMx6g0WMGIG6gFvT","workflowName":"Nodes Centrais - DIO - 4","executionId":"31","nodeType":"n8n-nodes-base.switch","nodeName":"Switch","nodeId":"5132305f-d034-40d9-a7f5-815468b1afbd"}}
{"__type":"$$EventMessageConfirm","confirm":"e8656ca6-600c-428e-9370-2f29c8d8a3ca","ts":null,"source":{"id":"0","name":"eventBus"}}
{"__type":"$$EventMessageWorkflow","id":"d48878d3-9ff7-4133-9030-8a4164cf46ae","ts":null,"eventName":"n8n.workflow.success","message":"n8n.workflow.success","payload":{"userId":"7f9787e3-90ba-4f7f-8380-c55119cc58d4","executionId":"31","success":true,"isManual":true,"workflowId":"LMx6g0WMGIG6gFvT","workflowName":"Nodes Centrais - DIO - 4"}}
{"__type":"$$EventMessageConfirm","confirm":"d48878d3-9ff7-4133-9030-8a4164cf46ae","ts":null,"source":{"id":"0","name":"eventBus"}}
{"__type":"$$EventMessageWorkflow","id":"ece6cf9c-86f1-49b9-b4b4-5088011c0082","ts":null,"eventName":"n8n.workflow.started","message":"n8n.workflow.started","payload":{"executionId":"32","workflowId":"LMx6g0WMGIG6gFvT","isManual":false,"workflowName":"Nodes Centrais - DIO - 4"}}
{"__type":"$$EventMessageConfirm","confirm":"ece6cf9c-86f1-49b9-b4b4-5088011c0082","ts":null,"source":{"id":"0","name":"eventBus"}}
{"__type":"$$EventMessageNode","id":"dba0c406-c9c9-4ca0-b2d4-e80381124266","ts":null,"eventName":"n8n.node.started","message":"n8n.node.started","payload":{"workflowId":"LMx6g0WMGIG6gFvT","workflowName":"Nodes Centrais - DIO - 4","executionId":"32","nodeType":"n8n-nodes-base.switch","nodeName":"Switch","nodeId":"5132305f-d034-40d9-a7f5-815468b1afbd"}}
{"__type":"$$EventMessageConfirm","confirm":"dba0c406-c9c9-4ca0-b2d4-e80381124266","ts":null,"source":{"id":"0","name":"eventBus"}}
{"__type":"$$EventMessageNode","id":"675e7aaf-08cf-4176-964c-0aea81218ac8","ts":null,"eventName":"n8n.node.finished","message":"n8n.node.finished","payload":{"workflowId":"LMx6g0WMGIG6gFvT","workflowName":"Nodes Centrais - DIO - 4","executionId":"32","nodeType":"n8n-nodes-base.switch","nodeName":"Switch","nodeId":"5132305f-d034-40d9-a7f5-815468b1afbd"}}
{"__type":"$$EventMessageConfirm","confirm":"675e7aaf-08cf-4176-964c-0aea81218ac8","ts":null,"source":{"id":"0","name":"eventBus"}}
{"__type":"$$EventMessageWorkflow","id":"6a7eba85-7554-49df-becd-218d51e1a2af","ts":null,"eventName":"n8n.workflow.success","message":"n8n.workflow.success","payload":{"userId":"7f9787e3-90ba-4f7f-8380-c55119cc58d4","executionId":"32","success":true,"isManual":true,"workflowId":"LMx6g0WMGIG6gFvT","workflowName":"Nodes Centrais - DIO - 4"}}
{"__type":"$$EventMessageConfirm","confirm":"6a7eba85-7554-49df-becd-218d51e1a2af","ts":null,"source":{"id":"0","name":"eventBus"}}
{"__type":"$$EventMessageWorkflow","id":"985943a4-4e69-45c0-aa33-b35acea65705","ts":null,"eventName":"n8n.workflow.started","message":"n8n.workflow.started","payload":{"executionId":"33","workflowId":"LMx6g0WMGIG6gFvT","isManual":false,"workflowName":"Nodes Centrais - DIO - 4"}}
{"__type":"$$EventMessageConfirm","confirm":"985943a4-4e69-45c0-aa33-b35acea65705","ts":null,"source":{"id":"0","name":"eventBus"}}
{"__type":"$$EventMessageNode","id":"6c2155e0-86ab-4cdb-aa12-3d5144bebcd7","ts":null,"eventName":"n8n.node.started","message":"n8n.node.started","payload":{"workflowId":"LMx6g0WMGIG6gFvT","workflowName":"Nodes Centrais - DIO - 4","executionId":"33","nodeType":"n8n-nodes-base.switch","nodeName":"Switch","nodeId":"5132305f-d034-40d9-a7f5-815468b1afbd"}}
{"__type":"$$EventMessageConfirm","confirm":"6c2155e0-86ab-4cdb-aa12-3d5144bebcd7","ts":null,"source":{"id":"0","name":"eventBus"}}
{"__type":"$$EventMessageNode","id":"6296c4c8-1d12-4e14-8919-db3b166001e1","ts":null,"eventName":"n8n.node.finished","message":"n8n.node.finished","payload":{"workflowId":"LMx6g0WMGIG6gFvT","workflowName":"Nodes Centrais - DIO - 4","executionId":"33","nodeType":"n8n-nodes-base.switch","nodeName":"Switch","nodeId":"5132305f-d034-40d9-a7f5-815468b1afbd"}}
{"__type":"$$EventMessageConfirm","confirm":"6296c4c8-1d12-4e14-8919-db3b166001e1","ts":null,"source":{"id":"0","name":"eventBus"}}
{"__type":"$$EventMessageWorkflow","id":"e49cc2a9-9030-412b-8a2c-b34b3ed86bbe","ts":null,"eventName":"n8n.workflow.success","message":"n8n.workflow.success","payload":{"userId":"7f9787e3-90ba-4f7f-8380-c55119cc58d4","executionId":"33","success":true,"isManual":true,"workflowId":"LMx6g0WMGIG6gFvT","workflowName":"Nodes Centrais - DIO - 4"}}
{"__type":"$$EventMessageConfirm","confirm":"e49cc2a9-9030-412b-8a2c-b34b3ed86bbe","ts":null,"source":{"id":"0","name":"eventBus"}}
{"__type":"$$EventMessageWorkflow","id":"a4c5c15c-7053-4261-a13e-a9971efc8059","ts":null,"eventName":"n8n.workflow.started","message":"n8n.workflow.started","payload":{"executionId":"34","workflowId":"LMx6g0WMGIG6gFvT","isManual":false,"workflowName":"Nodes Centrais - DIO - 4"}}
{"__type":"$$EventMessageConfirm","confirm":"a4c5c15c-7053-4261-a13e-a9971efc8059","ts":null,"source":{"id":"0","name":"eventBus"}}
{"__type":"$$EventMessageNode","id":"0e32e161-ad03-4d3c-a9fa-20ff31f3df62","ts":null,"eventName":"n8n.node.started","message":"n8n.node.started","payload":{"workflowId":"LMx6g0WMGIG6gFvT","workflowName":"Nodes Centrais - DIO - 4","executionId":"34","nodeType":"n8n-nodes-base.switch","nodeName":"Switch","nodeId":"5132305f-d034-40d9-a7f5-815468b1afbd"}}
{"__type":"$$EventMessageConfirm","confirm":"0e32e161-ad03-4d3c-a9fa-20ff31f3df62","ts":null,"source":{"id":"0","name":"eventBus"}}
{"__type":"$$EventMessageNode","id":"f703f85a-8f71-4456-a7c7-3a91beb77c4f","ts":null,"eventName":"n8n.node.finished","message":"n8n.node.finished","payload":{"workflowId":"LMx6g0WMGIG6gFvT","workflowName":"Nodes Centrais - DIO - 4","executionId":"34","nodeType":"n8n-nodes-base.switch","nodeName":"Switch","nodeId":"5132305f-d034-40d9-a7f5-815468b1afbd"}}
{"__type":"$$EventMessageConfirm","confirm":"f703f85a-8f71-4456-a7c7-3a91beb77c4f","ts":null,"source":{"id":"0","name":"eventBus"}}
{"__type":"$$EventMessageWorkflow","id":"b3a1fbd5-04a7-4541-8445-8a12d007358a","ts":null,"eventName":"n8n.workflow.success","message":"n8n.workflow.success","payload":{"userId":"7f9787e3-90ba-4f7f-8380-c55119cc58d4","executionId":"34","success":true,"isManual":true,"workflowId":"LMx6g0WMGIG6gFvT","workflowName":"Nodes Centrais - DIO - 4"}}
{"__type":"$$EventMessageConfirm","confirm":"b3a1fbd5-04a7-4541-8445-8a12d007358a","ts":null,"source":{"id":"0","name":"eventBus"}}
{"__type":"$$EventMessageWorkflow","id":"65b633ca-6747-44c3-a898-664281d524e5","ts":null,"eventName":"n8n.workflow.started","message":"n8n.workflow.started","payload":{"executionId":"35","workflowId":"LMx6g0WMGIG6gFvT","isManual":false,"workflowName":"Nodes Centrais - DIO - 4"}}
{"__type":"$$EventMessageConfirm","confirm":"65b633ca-6747-44c3-a898-664281d524e5","ts":null,"source":{"id":"0","name":"eventBus"}}
{"__type":"$$EventMessageNode","id":"70356331-9e4a-414d-ab2e-f3f37c9f59c8","ts":null,"eventName":"n8n.node.started","message":"n8n.node.started","payload":{"workflowId":"LMx6g0WMGIG6gFvT","workflowName":"Nodes Centrais - DIO - 4","executionId":"35","nodeType":"n8n-nodes-base.switch","nodeName":"Switch","nodeId":"5132305f-d034-40d9-a7f5-815468b1afbd"}}
{"__type":"$$EventMessageConfirm","confirm":"70356331-9e4a-414d-ab2e-f3f37c9f59c8","ts":null,"source":{"id":"0","name":"eventBus"}}
{"__type":"$$EventMessageNode","id":"fa614403-067b-43d8-b322-8d8d2a44f098","ts":null,"eventName":"n8n.node.finished","message":"n8n.node.finished","payload":{"workflowId":"LMx6g0WMGIG6gFvT","workflowName":"Nodes Centrais - DIO - 4","executionId":"35","nodeType":"n8n-nodes-base.switch","nodeName":"Switch","nodeId":"5132305f-d034-40d9-a7f5-815468b1afbd"}}
{"__type":"$$EventMessageConfirm","confirm":"fa614403-067b-43d8-b322-8d8d2a44f098","ts":null,"source":{"id":"0","name":"eventBus"}}
{"__type":"$$EventMessageWorkflow","id":"99907999-77f4-4a83-9bb5-fa1318f8a04b","ts":null,"eventName":"n8n.workflow.success","message":"n8n.workflow.success","payload":{"userId":"7f9787e3-90ba-4f7f-8380-c55119cc58d4","executionId":"35","success":true,"isManual":true,"workflowId":"LMx6g0WMGIG6gFvT","workflowName":"Nodes Centrais - DIO - 4"}}
{"__type":"$$EventMessageConfirm","confirm":"99907999-77f4-4a83-9bb5-fa1318f8a04b","ts":null,"source":{"id":"0","name":"eventBus"}}
{"__type":"$$EventMessageWorkflow","id":"841ab825-1e51-44a2-8936-73e9de9bf5a3","ts":null,"eventName":"n8n.workflow.started","message":"n8n.workflow.started","payload":{"executionId":"36","workflowId":"LMx6g0WMGIG6gFvT","isManual":false,"workflowName":"Nodes Centrais - DIO - 4"}}
{"__type":"$$EventMessageConfirm","confirm":"841ab825-1e51-44a2-8936-73e9de9bf5a3","ts":null,"source":{"id":"0","name":"eventBus"}}
{"__type":"$$EventMessageNode","id":"69118fdf-bffc-4f42-a4b7-f60dfcb74727","ts":null,"eventName":"n8n.node.started","message":"n8n.node.started","payload":{"workflowId":"LMx6g0WMGIG6gFvT","workflowName":"Nodes Centrais - DIO - 4","executionId":"36","nodeType":"n8n-nodes-base.switch","nodeName":"Switch","nodeId":"5132305f-d034-40d9-a7f5-815468b1afbd"}}
{"__type":"$$EventMessageConfirm","confirm":"69118fdf-bffc-4f42-a4b7-f60dfcb74727","ts":null,"source":{"id":"0","name":"eventBus"}}
{"__type":"$$EventMessageNode","id":"6256976c-666d-4663-8ba2-aa02316849ce","ts":null,"eventName":"n8n.node.finished","message":"n8n.node.finished","payload":{"workflowId":"LMx6g0WMGIG6gFvT","workflowName":"Nodes Centrais - DIO - 4","executionId":"36","nodeType":"n8n-nodes-base.switch","nodeName":"Switch","nodeId":"5132305f-d034-40d9-a7f5-815468b1afbd"}}
{"__type":"$$EventMessageConfirm","confirm":"6256976c-666d-4663-8ba2-aa02316849ce","ts":null,"source":{"id":"0","name":"eventBus"}}
{"__type":"$$EventMessageWorkflow","id":"4a177107-df6d-4854-afa7-28e5a61f26bc","ts":null,"eventName":"n8n.workflow.success","message":"n8n.workflow.success","payload":{"userId":"7f9787e3-90ba-4f7f-8380-c55119cc58d4","executionId":"36","success":true,"isManual":true,"workflowId":"LMx6g0WMGIG6gFvT","workflowName":"Nodes Centrais - DIO - 4"}}
{"__type":"$$EventMessageConfirm","confirm":"4a177107-df6d-4854-afa7-28e5a61f26bc","ts":null,"source":{"id":"0","name":"eventBus"}}
{"__type":"$$EventMessageWorkflow","id":"86a7e24a-aa4f-45b6-ae70-4d9ef2f80c6f","ts":null,"eventName":"n8n.workflow.started","message":"n8n.workflow.started","payload":{"executionId":"37","workflowId":"LMx6g0WMGIG6gFvT","isManual":false,"workflowName":"Nodes Centrais - DIO - 4"}}
{"__type":"$$EventMessageConfirm","confirm":"86a7e24a-aa4f-45b6-ae70-4d9ef2f80c6f","ts":null,"source":{"id":"0","name":"eventBus"}}
{"__type":"$$EventMessageNode","id":"f976dfe2-e693-4cc4-8fc9-2bdc694749c1","ts":null,"eventName":"n8n.node.started","message":"n8n.node.started","payload":{"workflowId":"LMx6g0WMGIG6gFvT","workflowName":"Nodes Centrais - DIO - 4","executionId":"37","nodeType":"n8n-nodes-base.switch","nodeName":"Switch","nodeId":"5132305f-d034-40d9-a7f5-815468b1afbd"}}
{"__type":"$$EventMessageConfirm","confirm":"f976dfe2-e693-4cc4-8fc9-2bdc694749c1","ts":null,"source":{"id":"0","name":"eventBus"}}
{"__type":"$$EventMessageNode","id":"30a8d014-49e6-4e34-96ce-e7fe53d16a4f","ts":null,"eventName":"n8n.node.finished","message":"n8n.node.finished","payload":{"workflowId":"LMx6g0WMGIG6gFvT","workflowName":"Nodes Centrais - DIO - 4","executionId":"37","nodeType":"n8n-nodes-base.switch","nodeName":"Switch","nodeId":"5132305f-d034-40d9-a7f5-815468b1afbd"}}
{"__type":"$$EventMessageConfirm","confirm":"30a8d014-49e6-4e34-96ce-e7fe53d16a4f","ts":null,"source":{"id":"0","name":"eventBus"}}
{"__type":"$$EventMessageWorkflow","id":"478dd351-723f-4850-9ce1-cd75c5eb9085","ts":null,"eventName":"n8n.workflow.success","message":"n8n.workflow.success","payload":{"userId":"7f9787e3-90ba-4f7f-8380-c55119cc58d4","executionId":"37","success":true,"isManual":true,"workflowId":"LMx6g0WMGIG6gFvT","workflowName":"Nodes Centrais - DIO - 4"}}
{"__type":"$$EventMessageConfirm","confirm":"478dd351-723f-4850-9ce1-cd75c5eb9085","ts":null,"source":{"id":"0","name":"eventBus"}}
{"__type":"$$EventMessageWorkflow","id":"7cce5008-9213-45a9-961f-6984e43984ef","ts":null,"eventName":"n8n.workflow.started","message":"n8n.workflow.started","payload":{"executionId":"38","workflowId":"LMx6g0WMGIG6gFvT","isManual":false,"workflowName":"Nodes Centrais - DIO - 4"}}
{"__type":"$$EventMessageConfirm","confirm":"7cce5008-9213-45a9-961f-6984e43984ef","ts":null,"source":{"id":"0","name":"eventBus"}}
{"__type":"$$EventMessageNode","id":"22471e5a-4792-4c97-aca0-2342d9bcc8fd","ts":null,"eventName":"n8n.node.started","message":"n8n.node.started","payload":{"workflowId":"LMx6g0WMGIG6gFvT","workflowName":"Nodes Centrais - DIO - 4","executionId":"38","nodeType":"n8n-nodes-base.switch","nodeName":"Switch","nodeId":"5132305f-d034-40d9-a7f5-815468b1afbd"}}
{"__type":"$$EventMessageConfirm","confirm":"22471e5a-4792-4c97-aca0-2342d9bcc8fd","ts":null,"source":{"id":"0","name":"eventBus"}}
{"__type":"$$EventMessageNode","id":"c8013820-d6da-4a63-bbc5-0ca28539afaf","ts":null,"eventName":"n8n.node.finished","message":"n8n.node.finished","payload":{"workflowId":"LMx6g0WMGIG6gFvT","workflowName":"Nodes Centrais - DIO - 4","executionId":"38","nodeType":"n8n-nodes-base.switch","nodeName":"Switch","nodeId":"5132305f-d034-40d9-a7f5-815468b1afbd"}}
{"__type":"$$EventMessageConfirm","confirm":"c8013820-d6da-4a63-bbc5-0ca28539afaf","ts":null,"source":{"id":"0","name":"eventBus"}}
{"__type":"$$EventMessageWorkflow","id":"9073747c-98f0-47f9-9caf-04e2ca4dc325","ts":null,"eventName":"n8n.workflow.success","message":"n8n.workflow.success","payload":{"userId":"7f9787e3-90ba-4f7f-8380-c55119cc58d4","executionId":"38","success":true,"isManual":true,"workflowId":"LMx6g0WMGIG6gFvT","workflowName":"Nodes Centrais - DIO - 4"}}
{"__type":"$$EventMessageConfirm","confirm":"9073747c-98f0-47f9-9caf-04e2ca4dc325","ts":null,"source":{"id":"0","name":"eventBus"}}
{"__type":"$$EventMessageAudit","id":"019a4af5-7f4c-4e6c-ae2a-c8696d95a9b2","ts":null,"eventName":"n8n.audit.workflow.updated","message":"n8n.audit.workflow.updated","payload":{"userId":"7f9787e3-90ba-4f7f-8380-c55119cc58d4","_email":"engfabiodesalvi@gmail.com","_firstName":"Fabio","_lastName":"Toledo Bonemer De Salvi","globalRole":"global:owner","workflowId":"LMx6g0WMGIG6gFvT","workflowName":"Nodes Centrais - DIO - 4"}}
{"__type":"$$EventMessageConfirm","confirm":"019a4af5-7f4c-4e6c-ae2a-c8696d95a9b2","ts":null,"source":{"id":"0","name":"eventBus"}}
{"__type":"$$EventMessageWorkflow","id":"23c73480-6ac4-4cc9-9a06-3ae5a0f532ee","ts":null,"eventName":"n8n.workflow.started","message":"n8n.workflow.started","payload":{"executionId":"39","workflowId":"LMx6g0WMGIG6gFvT","isManual":false,"workflowName":"Nodes Centrais - DIO - 4"}}
{"__type":"$$EventMessageConfirm","confirm":"23c73480-6ac4-4cc9-9a06-3ae5a0f532ee","ts":null,"source":{"id":"0","name":"eventBus"}}
{"__type":"$$EventMessageNode","id":"3a5e80b3-fcd1-466d-ab01-52219afe17ca","ts":null,"eventName":"n8n.node.started","message":"n8n.node.started","payload":{"workflowId":"LMx6g0WMGIG6gFvT","workflowName":"Nodes Centrais - DIO - 4","executionId":"39","nodeType":"n8n-nodes-base.if","nodeName":"If","nodeId":"fcaeb08c-3ff0-40af-9fc9-ea96928e49ce"}}
{"__type":"$$EventMessageConfirm","confirm":"3a5e80b3-fcd1-466d-ab01-52219afe17ca","ts":null,"source":{"id":"0","name":"eventBus"}}
{"__type":"$$EventMessageNode","id":"ae3b6288-0c3d-440f-9877-1434a2cf2acb","ts":null,"eventName":"n8n.node.finished","message":"n8n.node.finished","payload":{"workflowId":"LMx6g0WMGIG6gFvT","workflowName":"Nodes Centrais - DIO - 4","executionId":"39","nodeType":"n8n-nodes-base.if","nodeName":"If","nodeId":"fcaeb08c-3ff0-40af-9fc9-ea96928e49ce"}}
{"__type":"$$EventMessageConfirm","confirm":"ae3b6288-0c3d-440f-9877-1434a2cf2acb","ts":null,"source":{"id":"0","name":"eventBus"}}
{"__type":"$$EventMessageWorkflow","id":"53206b22-e990-41da-82d7-5d37813ad135","ts":null,"eventName":"n8n.workflow.success","message":"n8n.workflow.success","payload":{"userId":"7f9787e3-90ba-4f7f-8380-c55119cc58d4","executionId":"39","success":true,"isManual":true,"workflowId":"LMx6g0WMGIG6gFvT","workflowName":"Nodes Centrais - DIO - 4"}}
{"__type":"$$EventMessageConfirm","confirm":"53206b22-e990-41da-82d7-5d37813ad135","ts":null,"source":{"id":"0","name":"eventBus"}}
{"__type":"$$EventMessageWorkflow","id":"b4c18b71-ef9f-4f13-bd2f-5947fbbd1893","ts":null,"eventName":"n8n.workflow.started","message":"n8n.workflow.started","payload":{"executionId":"40","workflowId":"LMx6g0WMGIG6gFvT","isManual":false,"workflowName":"Nodes Centrais - DIO - 4"}}
{"__type":"$$EventMessageConfirm","confirm":"b4c18b71-ef9f-4f13-bd2f-5947fbbd1893","ts":null,"source":{"id":"0","name":"eventBus"}}
{"__type":"$$EventMessageNode","id":"789e8692-a7eb-4a12-bd61-c552f75ebe62","ts":null,"eventName":"n8n.node.started","message":"n8n.node.started","payload":{"workflowId":"LMx6g0WMGIG6gFvT","workflowName":"Nodes Centrais - DIO - 4","executionId":"40","nodeType":"n8n-nodes-base.if","nodeName":"If","nodeId":"fcaeb08c-3ff0-40af-9fc9-ea96928e49ce"}}
{"__type":"$$EventMessageConfirm","confirm":"789e8692-a7eb-4a12-bd61-c552f75ebe62","ts":null,"source":{"id":"0","name":"eventBus"}}
{"__type":"$$EventMessageNode","id":"f7698aaf-3075-4801-aeca-52ce5088b1e0","ts":null,"eventName":"n8n.node.finished","message":"n8n.node.finished","payload":{"workflowId":"LMx6g0WMGIG6gFvT","workflowName":"Nodes Centrais - DIO - 4","executionId":"40","nodeType":"n8n-nodes-base.if","nodeName":"If","nodeId":"fcaeb08c-3ff0-40af-9fc9-ea96928e49ce"}}
{"__type":"$$EventMessageConfirm","confirm":"f7698aaf-3075-4801-aeca-52ce5088b1e0","ts":null,"source":{"id":"0","name":"eventBus"}}
{"__type":"$$EventMessageWorkflow","id":"a528e9e1-6fd0-47bb-ba5a-afe5dd4f36bc","ts":null,"eventName":"n8n.workflow.success","message":"n8n.workflow.success","payload":{"userId":"7f9787e3-90ba-4f7f-8380-c55119cc58d4","executionId":"40","success":true,"isManual":true,"workflowId":"LMx6g0WMGIG6gFvT","workflowName":"Nodes Centrais - DIO - 4"}}
{"__type":"$$EventMessageConfirm","confirm":"a528e9e1-6fd0-47bb-ba5a-afe5dd4f36bc","ts":null,"source":{"id":"0","name":"eventBus"}}
{"__type":"$$EventMessageWorkflow","id":"fe3b4c1f-dcd8-446a-90b1-b7831e6113a1","ts":null,"eventName":"n8n.workflow.started","message":"n8n.workflow.started","payload":{"executionId":"41","workflowId":"LMx6g0WMGIG6gFvT","isManual":false,"workflowName":"Nodes Centrais - DIO - 4"}}
{"__type":"$$EventMessageConfirm","confirm":"fe3b4c1f-dcd8-446a-90b1-b7831e6113a1","ts":null,"source":{"id":"0","name":"eventBus"}}
{"__type":"$$EventMessageNode","id":"62bda584-ed2a-4994-990c-734089402689","ts":null,"eventName":"n8n.node.started","message":"n8n.node.started","payload":{"workflowId":"LMx6g0WMGIG6gFvT","workflowName":"Nodes Centrais - DIO - 4","executionId":"41","nodeType":"n8n-nodes-base.if","nodeName":"If","nodeId":"fcaeb08c-3ff0-40af-9fc9-ea96928e49ce"}}
{"__type":"$$EventMessageConfirm","confirm":"62bda584-ed2a-4994-990c-734089402689","ts":null,"source":{"id":"0","name":"eventBus"}}
{"__type":"$$EventMessageNode","id":"f2da4e21-4926-4cb4-8c64-83f1c78ba2e6","ts":null,"eventName":"n8n.node.finished","message":"n8n.node.finished","payload":{"workflowId":"LMx6g0WMGIG6gFvT","workflowName":"Nodes Centrais - DIO - 4","executionId":"41","nodeType":"n8n-nodes-base.if","nodeName":"If","nodeId":"fcaeb08c-3ff0-40af-9fc9-ea96928e49ce"}}
{"__type":"$$EventMessageConfirm","confirm":"f2da4e21-4926-4cb4-8c64-83f1c78ba2e6","ts":null,"source":{"id":"0","name":"eventBus"}}
{"__type":"$$EventMessageWorkflow","id":"414030b0-d819-49d9-8712-777d7fb4dd15","ts":null,"eventName":"n8n.workflow.success","message":"n8n.workflow.success","payload":{"userId":"7f9787e3-90ba-4f7f-8380-c55119cc58d4","executionId":"41","success":true,"isManual":true,"workflowId":"LMx6g0WMGIG6gFvT","workflowName":"Nodes Centrais - DIO - 4"}}
{"__type":"$$EventMessageConfirm","confirm":"414030b0-d819-49d9-8712-777d7fb4dd15","ts":null,"source":{"id":"0","name":"eventBus"}}
{"__type":"$$EventMessageAudit","id":"dcb0ab7f-89c6-4acc-9385-dc9f525309dc","ts":null,"eventName":"n8n.audit.workflow.updated","message":"n8n.audit.workflow.updated","payload":{"userId":"7f9787e3-90ba-4f7f-8380-c55119cc58d4","_email":"engfabiodesalvi@gmail.com","_firstName":"Fabio","_lastName":"Toledo Bonemer De Salvi","globalRole":"global:owner","workflowId":"LMx6g0WMGIG6gFvT","workflowName":"Nodes Centrais - DIO - 4"}}
{"__type":"$$EventMessageConfirm","confirm":"dcb0ab7f-89c6-4acc-9385-dc9f525309dc","ts":null,"source":{"id":"0","name":"eventBus"}}
{"__type":"$$EventMessageWorkflow","id":"5dd6492a-77ce-4425-8705-2961cf9846a1","ts":null,"eventName":"n8n.workflow.started","message":"n8n.workflow.started","payload":{"executionId":"42","workflowId":"LMx6g0WMGIG6gFvT","isManual":false,"workflowName":"Nodes Centrais - DIO - 4"}}
{"__type":"$$EventMessageConfirm","confirm":"5dd6492a-77ce-4425-8705-2961cf9846a1","ts":null,"source":{"id":"0","name":"eventBus"}}
{"__type":"$$EventMessageNode","id":"9efa628d-cce4-4482-aac2-e6c13b866561","ts":null,"eventName":"n8n.node.started","message":"n8n.node.started","payload":{"workflowId":"LMx6g0WMGIG6gFvT","workflowName":"Nodes Centrais - DIO - 4","executionId":"42","nodeType":"n8n-nodes-base.webhook","nodeName":"Webhook","nodeId":"175fcf38-e6fe-48d6-a706-0d140a813875"}}
{"__type":"$$EventMessageConfirm","confirm":"9efa628d-cce4-4482-aac2-e6c13b866561","ts":null,"source":{"id":"0","name":"eventBus"}}
{"__type":"$$EventMessageNode","id":"1c477cc3-0f9d-413c-92bb-d53a85b28f34","ts":null,"eventName":"n8n.node.finished","message":"n8n.node.finished","payload":{"workflowId":"LMx6g0WMGIG6gFvT","workflowName":"Nodes Centrais - DIO - 4","executionId":"42","nodeType":"n8n-nodes-base.webhook","nodeName":"Webhook","nodeId":"175fcf38-e6fe-48d6-a706-0d140a813875"}}
{"__type":"$$EventMessageConfirm","confirm":"1c477cc3-0f9d-413c-92bb-d53a85b28f34","ts":null,"source":{"id":"0","name":"eventBus"}}
{"__type":"$$EventMessageNode","id":"2e427323-6df3-4990-adc1-e6ab708b2a88","ts":null,"eventName":"n8n.node.started","message":"n8n.node.started","payload":{"workflowId":"LMx6g0WMGIG6gFvT","workflowName":"Nodes Centrais - DIO - 4","executionId":"42","nodeType":"n8n-nodes-base.httpRequest","nodeName":"HTTP Request","nodeId":"f444efcc-0e29-4e96-b309-642384eb74ba"}}
{"__type":"$$EventMessageConfirm","confirm":"2e427323-6df3-4990-adc1-e6ab708b2a88","ts":null,"source":{"id":"0","name":"eventBus"}}
{"__type":"$$EventMessageNode","id":"c7bba4ff-144a-46f2-a9fc-3ea2935c22a1","ts":null,"eventName":"n8n.node.finished","message":"n8n.node.finished","payload":{"workflowId":"LMx6g0WMGIG6gFvT","workflowName":"Nodes Centrais - DIO - 4","executionId":"42","nodeType":"n8n-nodes-base.httpRequest","nodeName":"HTTP Request","nodeId":"f444efcc-0e29-4e96-b309-642384eb74ba"}}
{"__type":"$$EventMessageConfirm","confirm":"c7bba4ff-144a-46f2-a9fc-3ea2935c22a1","ts":null,"source":{"id":"0","name":"eventBus"}}
{"__type":"$$EventMessageNode","id":"b32b88a4-96dc-4cdc-8523-8e3b15580901","ts":null,"eventName":"n8n.node.started","message":"n8n.node.started","payload":{"workflowId":"LMx6g0WMGIG6gFvT","workflowName":"Nodes Centrais - DIO - 4","executionId":"42","nodeType":"n8n-nodes-base.set","nodeName":"Conversão Dolar x Real","nodeId":"becc83bb-56e3-4903-9ef2-31a6cffaa957"}}
{"__type":"$$EventMessageConfirm","confirm":"b32b88a4-96dc-4cdc-8523-8e3b15580901","ts":null,"source":{"id":"0","name":"eventBus"}}
{"__type":"$$EventMessageNode","id":"2734b125-a792-452f-a530-863bc2c41714","ts":null,"eventName":"n8n.node.finished","message":"n8n.node.finished","payload":{"workflowId":"LMx6g0WMGIG6gFvT","workflowName":"Nodes Centrais - DIO - 4","executionId":"42","nodeType":"n8n-nodes-base.set","nodeName":"Conversão Dolar x Real","nodeId":"becc83bb-56e3-4903-9ef2-31a6cffaa957"}}
{"__type":"$$EventMessageConfirm","confirm":"2734b125-a792-452f-a530-863bc2c41714","ts":null,"source":{"id":"0","name":"eventBus"}}
{"__type":"$$EventMessageNode","id":"3ee3b6b2-b12a-4c8e-8831-84488951dc41","ts":null,"eventName":"n8n.node.started","message":"n8n.node.started","payload":{"workflowId":"LMx6g0WMGIG6gFvT","workflowName":"Nodes Centrais - DIO - 4","executionId":"42","nodeType":"n8n-nodes-base.if","nodeName":"If","nodeId":"fcaeb08c-3ff0-40af-9fc9-ea96928e49ce"}}
{"__type":"$$EventMessageConfirm","confirm":"3ee3b6b2-b12a-4c8e-8831-84488951dc41","ts":null,"source":{"id":"0","name":"eventBus"}}
{"__type":"$$EventMessageNode","id":"1ca20aeb-2f31-4624-a6ba-a96db590eed9","ts":null,"eventName":"n8n.node.finished","message":"n8n.node.finished","payload":{"workflowId":"LMx6g0WMGIG6gFvT","workflowName":"Nodes Centrais - DIO - 4","executionId":"42","nodeType":"n8n-nodes-base.if","nodeName":"If","nodeId":"fcaeb08c-3ff0-40af-9fc9-ea96928e49ce"}}
{"__type":"$$EventMessageConfirm","confirm":"1ca20aeb-2f31-4624-a6ba-a96db590eed9","ts":null,"source":{"id":"0","name":"eventBus"}}
{"__type":"$$EventMessageNode","id":"3678b254-f289-4387-9b6c-ba8c8e607951","ts":null,"eventName":"n8n.node.started","message":"n8n.node.started","payload":{"workflowId":"LMx6g0WMGIG6gFvT","workflowName":"Nodes Centrais - DIO - 4","executionId":"42","nodeType":"n8n-nodes-base.switch","nodeName":"Switch","nodeId":"5132305f-d034-40d9-a7f5-815468b1afbd"}}
{"__type":"$$EventMessageConfirm","confirm":"3678b254-f289-4387-9b6c-ba8c8e607951","ts":null,"source":{"id":"0","name":"eventBus"}}
{"__type":"$$EventMessageNode","id":"60f97230-ddd7-4354-a548-9db7721ad107","ts":null,"eventName":"n8n.node.finished","message":"n8n.node.finished","payload":{"workflowId":"LMx6g0WMGIG6gFvT","workflowName":"Nodes Centrais - DIO - 4","executionId":"42","nodeType":"n8n-nodes-base.switch","nodeName":"Switch","nodeId":"5132305f-d034-40d9-a7f5-815468b1afbd"}}
{"__type":"$$EventMessageConfirm","confirm":"60f97230-ddd7-4354-a548-9db7721ad107","ts":null,"source":{"id":"0","name":"eventBus"}}
{"__type":"$$EventMessageWorkflow","id":"04f017d4-1c2c-4552-aa6f-758717c6fbe0","ts":null,"eventName":"n8n.workflow.success","message":"n8n.workflow.success","payload":{"executionId":"42","success":true,"isManual":true,"workflowId":"LMx6g0WMGIG6gFvT","workflowName":"Nodes Centrais - DIO - 4"}}
{"__type":"$$EventMessageConfirm","confirm":"04f017d4-1c2c-4552-aa6f-758717c6fbe0","ts":null,"source":{"id":"0","name":"eventBus"}}
{"__type":"$$EventMessageWorkflow","id":"1f0e0c61-f3ef-4383-9f9b-39f4d3f6a17b","ts":null,"eventName":"n8n.workflow.started","message":"n8n.workflow.started","payload":{"executionId":"43","workflowId":"LMx6g0WMGIG6gFvT","isManual":false,"workflowName":"Nodes Centrais - DIO - 4"}}
{"__type":"$$EventMessageConfirm","confirm":"1f0e0c61-f3ef-4383-9f9b-39f4d3f6a17b","ts":null,"source":{"id":"0","name":"eventBus"}}
{"__type":"$$EventMessageNode","id":"235cca94-7f32-4d6b-b8c6-26fe2f06a1c3","ts":null,"eventName":"n8n.node.started","message":"n8n.node.started","payload":{"workflowId":"LMx6g0WMGIG6gFvT","workflowName":"Nodes Centrais - DIO - 4","executionId":"43","nodeType":"n8n-nodes-base.webhook","nodeName":"Webhook","nodeId":"175fcf38-e6fe-48d6-a706-0d140a813875"}}
{"__type":"$$EventMessageConfirm","confirm":"235cca94-7f32-4d6b-b8c6-26fe2f06a1c3","ts":null,"source":{"id":"0","name":"eventBus"}}
{"__type":"$$EventMessageNode","id":"b5791e61-8672-4b6b-9bae-ffd09881df7a","ts":null,"eventName":"n8n.node.finished","message":"n8n.node.finished","payload":{"workflowId":"LMx6g0WMGIG6gFvT","workflowName":"Nodes Centrais - DIO - 4","executionId":"43","nodeType":"n8n-nodes-base.webhook","nodeName":"Webhook","nodeId":"175fcf38-e6fe-48d6-a706-0d140a813875"}}
{"__type":"$$EventMessageConfirm","confirm":"b5791e61-8672-4b6b-9bae-ffd09881df7a","ts":null,"source":{"id":"0","name":"eventBus"}}
{"__type":"$$EventMessageNode","id":"458de91c-5341-4532-a24d-7268f80ffb67","ts":null,"eventName":"n8n.node.started","message":"n8n.node.started","payload":{"workflowId":"LMx6g0WMGIG6gFvT","workflowName":"Nodes Centrais - DIO - 4","executionId":"43","nodeType":"n8n-nodes-base.httpRequest","nodeName":"HTTP Request","nodeId":"f444efcc-0e29-4e96-b309-642384eb74ba"}}
{"__type":"$$EventMessageConfirm","confirm":"458de91c-5341-4532-a24d-7268f80ffb67","ts":null,"source":{"id":"0","name":"eventBus"}}
{"__type":"$$EventMessageNode","id":"b078e98b-ac32-4c56-9138-d02bf6ac344d","ts":null,"eventName":"n8n.node.finished","message":"n8n.node.finished","payload":{"workflowId":"LMx6g0WMGIG6gFvT","workflowName":"Nodes Centrais - DIO - 4","executionId":"43","nodeType":"n8n-nodes-base.httpRequest","nodeName":"HTTP Request","nodeId":"f444efcc-0e29-4e96-b309-642384eb74ba"}}
{"__type":"$$EventMessageConfirm","confirm":"b078e98b-ac32-4c56-9138-d02bf6ac344d","ts":null,"source":{"id":"0","name":"eventBus"}}
{"__type":"$$EventMessageNode","id":"5b670c64-1a80-4f1d-98d7-641149f75694","ts":null,"eventName":"n8n.node.started","message":"n8n.node.started","payload":{"workflowId":"LMx6g0WMGIG6gFvT","workflowName":"Nodes Centrais - DIO - 4","executionId":"43","nodeType":"n8n-nodes-base.set","nodeName":"Conversão Dolar x Real","nodeId":"becc83bb-56e3-4903-9ef2-31a6cffaa957"}}
{"__type":"$$EventMessageConfirm","confirm":"5b670c64-1a80-4f1d-98d7-641149f75694","ts":null,"source":{"id":"0","name":"eventBus"}}
{"__type":"$$EventMessageNode","id":"5962fe1e-e4ef-4ccc-97ab-f8e5fb088097","ts":null,"eventName":"n8n.node.finished","message":"n8n.node.finished","payload":{"workflowId":"LMx6g0WMGIG6gFvT","workflowName":"Nodes Centrais - DIO - 4","executionId":"43","nodeType":"n8n-nodes-base.set","nodeName":"Conversão Dolar x Real","nodeId":"becc83bb-56e3-4903-9ef2-31a6cffaa957"}}
{"__type":"$$EventMessageConfirm","confirm":"5962fe1e-e4ef-4ccc-97ab-f8e5fb088097","ts":null,"source":{"id":"0","name":"eventBus"}}
{"__type":"$$EventMessageNode","id":"a3d41a31-3076-4dd7-86cd-d1e1dc2b990b","ts":null,"eventName":"n8n.node.started","message":"n8n.node.started","payload":{"workflowId":"LMx6g0WMGIG6gFvT","workflowName":"Nodes Centrais - DIO - 4","executionId":"43","nodeType":"n8n-nodes-base.if","nodeName":"If","nodeId":"fcaeb08c-3ff0-40af-9fc9-ea96928e49ce"}}
{"__type":"$$EventMessageConfirm","confirm":"a3d41a31-3076-4dd7-86cd-d1e1dc2b990b","ts":null,"source":{"id":"0","name":"eventBus"}}
{"__type":"$$EventMessageNode","id":"0928f327-fd14-401c-b8e1-1cb2885021c8","ts":null,"eventName":"n8n.node.finished","message":"n8n.node.finished","payload":{"workflowId":"LMx6g0WMGIG6gFvT","workflowName":"Nodes Centrais - DIO - 4","executionId":"43","nodeType":"n8n-nodes-base.if","nodeName":"If","nodeId":"fcaeb08c-3ff0-40af-9fc9-ea96928e49ce"}}
{"__type":"$$EventMessageConfirm","confirm":"0928f327-fd14-401c-b8e1-1cb2885021c8","ts":null,"source":{"id":"0","name":"eventBus"}}
{"__type":"$$EventMessageNode","id":"787fab0b-8d78-4c04-93ce-15fcbfb3ea68","ts":null,"eventName":"n8n.node.started","message":"n8n.node.started","payload":{"workflowId":"LMx6g0WMGIG6gFvT","workflowName":"Nodes Centrais - DIO - 4","executionId":"43","nodeType":"n8n-nodes-base.switch","nodeName":"Switch","nodeId":"5132305f-d034-40d9-a7f5-815468b1afbd"}}
{"__type":"$$EventMessageConfirm","confirm":"787fab0b-8d78-4c04-93ce-15fcbfb3ea68","ts":null,"source":{"id":"0","name":"eventBus"}}
{"__type":"$$EventMessageNode","id":"b4fb4d24-a064-47ac-bc7c-ca9c3463b6cc","ts":null,"eventName":"n8n.node.finished","message":"n8n.node.finished","payload":{"workflowId":"LMx6g0WMGIG6gFvT","workflowName":"Nodes Centrais - DIO - 4","executionId":"43","nodeType":"n8n-nodes-base.switch","nodeName":"Switch","nodeId":"5132305f-d034-40d9-a7f5-815468b1afbd"}}
{"__type":"$$EventMessageConfirm","confirm":"b4fb4d24-a064-47ac-bc7c-ca9c3463b6cc","ts":null,"source":{"id":"0","name":"eventBus"}}
{"__type":"$$EventMessageWorkflow","id":"0cbf7e29-874c-493b-8e5b-892adeb9e755","ts":null,"eventName":"n8n.workflow.success","message":"n8n.workflow.success","payload":{"executionId":"43","success":true,"isManual":true,"workflowId":"LMx6g0WMGIG6gFvT","workflowName":"Nodes Centrais - DIO - 4"}}
{"__type":"$$EventMessageConfirm","confirm":"0cbf7e29-874c-493b-8e5b-892adeb9e755","ts":null,"source":{"id":"0","name":"eventBus"}}
{"__type":"$$EventMessageAudit","id":"d1257bd9-e998-41d7-abf2-30e8ae99f5f7","ts":null,"eventName":"n8n.audit.workflow.updated","message":"n8n.audit.workflow.updated","payload":{"userId":"7f9787e3-90ba-4f7f-8380-c55119cc58d4","_email":"engfabiodesalvi@gmail.com","_firstName":"Fabio","_lastName":"Toledo Bonemer De Salvi","globalRole":"global:owner","workflowId":"LMx6g0WMGIG6gFvT","workflowName":"Nodes Centrais - DIO - 4"}}
{"__type":"$$EventMessageConfirm","confirm":"d1257bd9-e998-41d7-abf2-30e8ae99f5f7","ts":null,"source":{"id":"0","name":"eventBus"}}
{"__type":"$$EventMessageWorkflow","id":"c6f27345-3595-44b9-94a9-b9e348510d1c","ts":null,"eventName":"n8n.workflow.started","message":"n8n.workflow.started","payload":{"executionId":"44","workflowId":"LMx6g0WMGIG6gFvT","isManual":false,"workflowName":"Nodes Centrais - DIO - 4"}}
{"__type":"$$EventMessageConfirm","confirm":"c6f27345-3595-44b9-94a9-b9e348510d1c","ts":null,"source":{"id":"0","name":"eventBus"}}
{"__type":"$$EventMessageNode","id":"1653b71e-4307-430f-9aed-8198685abafc","ts":null,"eventName":"n8n.node.started","message":"n8n.node.started","payload":{"workflowId":"LMx6g0WMGIG6gFvT","workflowName":"Nodes Centrais - DIO - 4","executionId":"44","nodeType":"n8n-nodes-base.webhook","nodeName":"Webhook","nodeId":"175fcf38-e6fe-48d6-a706-0d140a813875"}}
{"__type":"$$EventMessageConfirm","confirm":"1653b71e-4307-430f-9aed-8198685abafc","ts":null,"source":{"id":"0","name":"eventBus"}}
{"__type":"$$EventMessageNode","id":"35261066-72ed-465c-b631-d75b9c00896d","ts":null,"eventName":"n8n.node.finished","message":"n8n.node.finished","payload":{"workflowId":"LMx6g0WMGIG6gFvT","workflowName":"Nodes Centrais - DIO - 4","executionId":"44","nodeType":"n8n-nodes-base.webhook","nodeName":"Webhook","nodeId":"175fcf38-e6fe-48d6-a706-0d140a813875"}}
{"__type":"$$EventMessageConfirm","confirm":"35261066-72ed-465c-b631-d75b9c00896d","ts":null,"source":{"id":"0","name":"eventBus"}}
{"__type":"$$EventMessageWorkflow","id":"d23e5eb5-16b8-420b-9b9b-034ce0b1dcb6","ts":null,"eventName":"n8n.workflow.success","message":"n8n.workflow.success","payload":{"executionId":"44","success":true,"isManual":true,"workflowId":"LMx6g0WMGIG6gFvT","workflowName":"Nodes Centrais - DIO - 4"}}
{"__type":"$$EventMessageConfirm","confirm":"d23e5eb5-16b8-420b-9b9b-034ce0b1dcb6","ts":null,"source":{"id":"0","name":"eventBus"}}
{"__type":"$$EventMessageAudit","id":"12bb8417-80e0-4325-89c6-a8f9228ec21d","ts":null,"eventName":"n8n.audit.workflow.updated","message":"n8n.audit.workflow.updated","payload":{"userId":"7f9787e3-90ba-4f7f-8380-c55119cc58d4","_email":"engfabiodesalvi@gmail.com","_firstName":"Fabio","_lastName":"Toledo Bonemer De Salvi","globalRole":"global:owner","workflowId":"LMx6g0WMGIG6gFvT","workflowName":"Nodes Centrais - DIO - 4"}}
{"__type":"$$EventMessageConfirm","confirm":"12bb8417-80e0-4325-89c6-a8f9228ec21d","ts":null,"source":{"id":"0","name":"eventBus"}}
{"__type":"$$EventMessageAudit","id":"114836ba-70fb-4e8e-8640-0d4c417691ff","ts":null,"eventName":"n8n.audit.workflow.created","message":"n8n.audit.workflow.created","payload":{"userId":"7f9787e3-90ba-4f7f-8380-c55119cc58d4","_email":"engfabiodesalvi@gmail.com","_firstName":"Fabio","_lastName":"Toledo Bonemer De Salvi","globalRole":"global:owner","workflowId":"4w4NezlLHC8mNE4J","workflowName":"Nodes Centrais - DIO - 5"}}
{"__type":"$$EventMessageConfirm","confirm":"114836ba-70fb-4e8e-8640-0d4c417691ff","ts":null,"source":{"id":"0","name":"eventBus"}}
{"__type":"$$EventMessageWorkflow","id":"daba7570-aa5d-4b16-8c62-40c7383417ea","ts":null,"eventName":"n8n.workflow.started","message":"n8n.workflow.started","payload":{"executionId":"45","workflowId":"4w4NezlLHC8mNE4J","isManual":false,"workflowName":"Nodes Centrais - DIO - 5"}}
{"__type":"$$EventMessageConfirm","confirm":"daba7570-aa5d-4b16-8c62-40c7383417ea","ts":null,"source":{"id":"0","name":"eventBus"}}
{"__type":"$$EventMessageNode","id":"5d73d137-c9b5-49bf-9fba-78a40ee1e9b3","ts":null,"eventName":"n8n.node.started","message":"n8n.node.started","payload":{"workflowId":"4w4NezlLHC8mNE4J","workflowName":"Nodes Centrais - DIO - 5","executionId":"45","nodeType":"n8n-nodes-base.webhook","nodeName":"Webhook","nodeId":"59cc1c87-4595-4392-9b7b-64ed148b5978"}}
{"__type":"$$EventMessageConfirm","confirm":"5d73d137-c9b5-49bf-9fba-78a40ee1e9b3","ts":null,"source":{"id":"0","name":"eventBus"}}
{"__type":"$$EventMessageNode","id":"31e9ed9d-4591-41ae-8db9-12a1732355ad","ts":null,"eventName":"n8n.node.finished","message":"n8n.node.finished","payload":{"workflowId":"4w4NezlLHC8mNE4J","workflowName":"Nodes Centrais - DIO - 5","executionId":"45","nodeType":"n8n-nodes-base.webhook","nodeName":"Webhook","nodeId":"59cc1c87-4595-4392-9b7b-64ed148b5978"}}
{"__type":"$$EventMessageConfirm","confirm":"31e9ed9d-4591-41ae-8db9-12a1732355ad","ts":null,"source":{"id":"0","name":"eventBus"}}
{"__type":"$$EventMessageWorkflow","id":"dda2ea34-2489-4768-a3b0-ee855d35ff00","ts":null,"eventName":"n8n.workflow.success","message":"n8n.workflow.success","payload":{"executionId":"45","success":true,"isManual":true,"workflowId":"4w4NezlLHC8mNE4J","workflowName":"Nodes Centrais - DIO - 5"}}
{"__type":"$$EventMessageConfirm","confirm":"dda2ea34-2489-4768-a3b0-ee855d35ff00","ts":null,"source":{"id":"0","name":"eventBus"}}
{"__type":"$$EventMessageWorkflow","id":"32a57db7-ef47-4ae4-a4fa-5ba42d48f1db","ts":null,"eventName":"n8n.workflow.started","message":"n8n.workflow.started","payload":{"executionId":"46","workflowId":"4w4NezlLHC8mNE4J","isManual":false,"workflowName":"Nodes Centrais - DIO - 5"}}
{"__type":"$$EventMessageConfirm","confirm":"32a57db7-ef47-4ae4-a4fa-5ba42d48f1db","ts":null,"source":{"id":"0","name":"eventBus"}}
{"__type":"$$EventMessageNode","id":"b112c371-25c1-4dae-9445-476d9108b41a","ts":null,"eventName":"n8n.node.started","message":"n8n.node.started","payload":{"workflowId":"4w4NezlLHC8mNE4J","workflowName":"Nodes Centrais - DIO - 5","executionId":"46","nodeType":"n8n-nodes-base.httpRequest","nodeName":"HTTP Request","nodeId":"aac8c993-a7d5-4465-a096-ec4b05985aa1"}}
{"__type":"$$EventMessageConfirm","confirm":"b112c371-25c1-4dae-9445-476d9108b41a","ts":null,"source":{"id":"0","name":"eventBus"}}
{"__type":"$$EventMessageNode","id":"ef545e14-0b11-404f-b32a-c576bfc92e4d","ts":null,"eventName":"n8n.node.finished","message":"n8n.node.finished","payload":{"workflowId":"4w4NezlLHC8mNE4J","workflowName":"Nodes Centrais - DIO - 5","executionId":"46","nodeType":"n8n-nodes-base.httpRequest","nodeName":"HTTP Request","nodeId":"aac8c993-a7d5-4465-a096-ec4b05985aa1"}}
{"__type":"$$EventMessageConfirm","confirm":"ef545e14-0b11-404f-b32a-c576bfc92e4d","ts":null,"source":{"id":"0","name":"eventBus"}}
{"__type":"$$EventMessageWorkflow","id":"714760be-6dae-48e8-8dc9-9557cc40647e","ts":null,"eventName":"n8n.workflow.failed","message":"n8n.workflow.failed","payload":{"userId":"7f9787e3-90ba-4f7f-8380-c55119cc58d4","executionId":"46","success":false,"isManual":true,"workflowId":"4w4NezlLHC8mNE4J","workflowName":"Nodes Centrais - DIO - 5","lastNodeExecuted":"HTTP Request","errorNodeType":"n8n-nodes-base.httpRequest","errorMessage":"The resource you are requesting could not be found"}}
{"__type":"$$EventMessageConfirm","confirm":"714760be-6dae-48e8-8dc9-9557cc40647e","ts":null,"source":{"id":"0","name":"eventBus"}}
{"__type":"$$EventMessageWorkflow","id":"c0735a85-41a3-45d7-b7ca-88c534094483","ts":null,"eventName":"n8n.workflow.started","message":"n8n.workflow.started","payload":{"executionId":"47","workflowId":"4w4NezlLHC8mNE4J","isManual":false,"workflowName":"Nodes Centrais - DIO - 5"}}
{"__type":"$$EventMessageConfirm","confirm":"c0735a85-41a3-45d7-b7ca-88c534094483","ts":null,"source":{"id":"0","name":"eventBus"}}
{"__type":"$$EventMessageNode","id":"4215101d-45eb-43bb-ab7c-48f2c61a048f","ts":null,"eventName":"n8n.node.started","message":"n8n.node.started","payload":{"workflowId":"4w4NezlLHC8mNE4J","workflowName":"Nodes Centrais - DIO - 5","executionId":"47","nodeType":"n8n-nodes-base.webhook","nodeName":"Webhook","nodeId":"59cc1c87-4595-4392-9b7b-64ed148b5978"}}
{"__type":"$$EventMessageConfirm","confirm":"4215101d-45eb-43bb-ab7c-48f2c61a048f","ts":null,"source":{"id":"0","name":"eventBus"}}
{"__type":"$$EventMessageNode","id":"c35ca5a2-29c3-4168-ac3a-513ea91a5d99","ts":null,"eventName":"n8n.node.finished","message":"n8n.node.finished","payload":{"workflowId":"4w4NezlLHC8mNE4J","workflowName":"Nodes Centrais - DIO - 5","executionId":"47","nodeType":"n8n-nodes-base.webhook","nodeName":"Webhook","nodeId":"59cc1c87-4595-4392-9b7b-64ed148b5978"}}
{"__type":"$$EventMessageConfirm","confirm":"c35ca5a2-29c3-4168-ac3a-513ea91a5d99","ts":null,"source":{"id":"0","name":"eventBus"}}
{"__type":"$$EventMessageWorkflow","id":"02d949ea-a6aa-462f-9650-d3be54ea3281","ts":null,"eventName":"n8n.workflow.success","message":"n8n.workflow.success","payload":{"executionId":"47","success":true,"isManual":true,"workflowId":"4w4NezlLHC8mNE4J","workflowName":"Nodes Centrais - DIO - 5"}}
{"__type":"$$EventMessageConfirm","confirm":"02d949ea-a6aa-462f-9650-d3be54ea3281","ts":null,"source":{"id":"0","name":"eventBus"}}
{"__type":"$$EventMessageAudit","id":"c2db595f-e4f9-4ebf-a079-eaa60f25be4a","ts":null,"eventName":"n8n.audit.workflow.updated","message":"n8n.audit.workflow.updated","payload":{"userId":"7f9787e3-90ba-4f7f-8380-c55119cc58d4","_email":"engfabiodesalvi@gmail.com","_firstName":"Fabio","_lastName":"Toledo Bonemer De Salvi","globalRole":"global:owner","workflowId":"4w4NezlLHC8mNE4J","workflowName":"Nodes Centrais - DIO - 5"}}
{"__type":"$$EventMessageConfirm","confirm":"c2db595f-e4f9-4ebf-a079-eaa60f25be4a","ts":null,"source":{"id":"0","name":"eventBus"}}
{"__type":"$$EventMessageAudit","id":"a4f8657f-addf-4a57-a290-0a08598f147a","ts":null,"eventName":"n8n.audit.workflow.updated","message":"n8n.audit.workflow.updated","payload":{"userId":"7f9787e3-90ba-4f7f-8380-c55119cc58d4","_email":"engfabiodesalvi@gmail.com","_firstName":"Fabio","_lastName":"Toledo Bonemer De Salvi","globalRole":"global:owner","workflowId":"LMx6g0WMGIG6gFvT","workflowName":"Nodes Centrais - DIO - 4"}}
{"__type":"$$EventMessageConfirm","confirm":"a4f8657f-addf-4a57-a290-0a08598f147a","ts":null,"source":{"id":"0","name":"eventBus"}}
{"__type":"$$EventMessageWorkflow","id":"17f17923-a5d2-40e4-94d0-15c8af2e1889","ts":null,"eventName":"n8n.workflow.started","message":"n8n.workflow.started","payload":{"executionId":"48","workflowId":"LMx6g0WMGIG6gFvT","isManual":false,"workflowName":"Nodes Centrais - DIO - 4"}}
{"__type":"$$EventMessageConfirm","confirm":"17f17923-a5d2-40e4-94d0-15c8af2e1889","ts":null,"source":{"id":"0","name":"eventBus"}}
{"__type":"$$EventMessageNode","id":"0f119db1-2cb5-4d0c-9698-46484d98604f","ts":null,"eventName":"n8n.node.started","message":"n8n.node.started","payload":{"workflowId":"LMx6g0WMGIG6gFvT","workflowName":"Nodes Centrais - DIO - 4","executionId":"48","nodeType":"n8n-nodes-base.webhook","nodeName":"Webhook","nodeId":"175fcf38-e6fe-48d6-a706-0d140a813875"}}
{"__type":"$$EventMessageConfirm","confirm":"0f119db1-2cb5-4d0c-9698-46484d98604f","ts":null,"source":{"id":"0","name":"eventBus"}}
{"__type":"$$EventMessageNode","id":"75ece03d-92c1-4b5f-b15c-ed450ffc18dd","ts":null,"eventName":"n8n.node.finished","message":"n8n.node.finished","payload":{"workflowId":"LMx6g0WMGIG6gFvT","workflowName":"Nodes Centrais - DIO - 4","executionId":"48","nodeType":"n8n-nodes-base.webhook","nodeName":"Webhook","nodeId":"175fcf38-e6fe-48d6-a706-0d140a813875"}}
{"__type":"$$EventMessageConfirm","confirm":"75ece03d-92c1-4b5f-b15c-ed450ffc18dd","ts":null,"source":{"id":"0","name":"eventBus"}}
{"__type":"$$EventMessageNode","id":"565e71de-da89-4a38-9352-df0c2e60c591","ts":null,"eventName":"n8n.node.started","message":"n8n.node.started","payload":{"workflowId":"LMx6g0WMGIG6gFvT","workflowName":"Nodes Centrais - DIO - 4","executionId":"48","nodeType":"n8n-nodes-base.httpRequest","nodeName":"HTTP Request","nodeId":"f444efcc-0e29-4e96-b309-642384eb74ba"}}
{"__type":"$$EventMessageConfirm","confirm":"565e71de-da89-4a38-9352-df0c2e60c591","ts":null,"source":{"id":"0","name":"eventBus"}}
{"__type":"$$EventMessageNode","id":"2183df0a-6f29-46f3-be69-7b57a5e294c5","ts":null,"eventName":"n8n.node.finished","message":"n8n.node.finished","payload":{"workflowId":"LMx6g0WMGIG6gFvT","workflowName":"Nodes Centrais - DIO - 4","executionId":"48","nodeType":"n8n-nodes-base.httpRequest","nodeName":"HTTP Request","nodeId":"f444efcc-0e29-4e96-b309-642384eb74ba"}}
{"__type":"$$EventMessageConfirm","confirm":"2183df0a-6f29-46f3-be69-7b57a5e294c5","ts":null,"source":{"id":"0","name":"eventBus"}}
{"__type":"$$EventMessageNode","id":"03d2c727-88c4-4138-a4b6-d439fcfca0d4","ts":null,"eventName":"n8n.node.started","message":"n8n.node.started","payload":{"workflowId":"LMx6g0WMGIG6gFvT","workflowName":"Nodes Centrais - DIO - 4","executionId":"48","nodeType":"n8n-nodes-base.set","nodeName":"Conversão Dolar x Real","nodeId":"becc83bb-56e3-4903-9ef2-31a6cffaa957"}}
{"__type":"$$EventMessageConfirm","confirm":"03d2c727-88c4-4138-a4b6-d439fcfca0d4","ts":null,"source":{"id":"0","name":"eventBus"}}
{"__type":"$$EventMessageNode","id":"017d4e70-e92b-4876-a541-19b91a7f3101","ts":null,"eventName":"n8n.node.finished","message":"n8n.node.finished","payload":{"workflowId":"LMx6g0WMGIG6gFvT","workflowName":"Nodes Centrais - DIO - 4","executionId":"48","nodeType":"n8n-nodes-base.set","nodeName":"Conversão Dolar x Real","nodeId":"becc83bb-56e3-4903-9ef2-31a6cffaa957"}}
{"__type":"$$EventMessageConfirm","confirm":"017d4e70-e92b-4876-a541-19b91a7f3101","ts":null,"source":{"id":"0","name":"eventBus"}}
{"__type":"$$EventMessageNode","id":"0c5458dd-ea62-4a51-b479-0821016da878","ts":null,"eventName":"n8n.node.started","message":"n8n.node.started","payload":{"workflowId":"LMx6g0WMGIG6gFvT","workflowName":"Nodes Centrais - DIO - 4","executionId":"48","nodeType":"n8n-nodes-base.if","nodeName":"If","nodeId":"fcaeb08c-3ff0-40af-9fc9-ea96928e49ce"}}
{"__type":"$$EventMessageConfirm","confirm":"0c5458dd-ea62-4a51-b479-0821016da878","ts":null,"source":{"id":"0","name":"eventBus"}}
{"__type":"$$EventMessageNode","id":"ce1c9a7e-4ffe-4cc0-83df-7c740881df02","ts":null,"eventName":"n8n.node.finished","message":"n8n.node.finished","payload":{"workflowId":"LMx6g0WMGIG6gFvT","workflowName":"Nodes Centrais - DIO - 4","executionId":"48","nodeType":"n8n-nodes-base.if","nodeName":"If","nodeId":"fcaeb08c-3ff0-40af-9fc9-ea96928e49ce"}}
{"__type":"$$EventMessageConfirm","confirm":"ce1c9a7e-4ffe-4cc0-83df-7c740881df02","ts":null,"source":{"id":"0","name":"eventBus"}}
{"__type":"$$EventMessageNode","id":"7b15aaa1-a767-44a2-ab24-3a6932ef7e62","ts":null,"eventName":"n8n.node.started","message":"n8n.node.started","payload":{"workflowId":"LMx6g0WMGIG6gFvT","workflowName":"Nodes Centrais - DIO - 4","executionId":"48","nodeType":"n8n-nodes-base.switch","nodeName":"Switch","nodeId":"5132305f-d034-40d9-a7f5-815468b1afbd"}}
{"__type":"$$EventMessageConfirm","confirm":"7b15aaa1-a767-44a2-ab24-3a6932ef7e62","ts":null,"source":{"id":"0","name":"eventBus"}}
{"__type":"$$EventMessageNode","id":"6429c9b9-0020-4d9d-8dc3-e07b2bd4c395","ts":null,"eventName":"n8n.node.finished","message":"n8n.node.finished","payload":{"workflowId":"LMx6g0WMGIG6gFvT","workflowName":"Nodes Centrais - DIO - 4","executionId":"48","nodeType":"n8n-nodes-base.switch","nodeName":"Switch","nodeId":"5132305f-d034-40d9-a7f5-815468b1afbd"}}
{"__type":"$$EventMessageConfirm","confirm":"6429c9b9-0020-4d9d-8dc3-e07b2bd4c395","ts":null,"source":{"id":"0","name":"eventBus"}}
{"__type":"$$EventMessageWorkflow","id":"ee41a9e8-6e2e-48d1-a65d-8a10238af653","ts":null,"eventName":"n8n.workflow.success","message":"n8n.workflow.success","payload":{"executionId":"48","success":true,"isManual":true,"workflowId":"LMx6g0WMGIG6gFvT","workflowName":"Nodes Centrais - DIO - 4"}}
{"__type":"$$EventMessageConfirm","confirm":"ee41a9e8-6e2e-48d1-a65d-8a10238af653","ts":null,"source":{"id":"0","name":"eventBus"}}
{"__type":"$$EventMessageWorkflow","id":"07039f49-8a59-458c-8a67-9cc68745da5d","ts":null,"eventName":"n8n.workflow.started","message":"n8n.workflow.started","payload":{"executionId":"49","workflowId":"4w4NezlLHC8mNE4J","isManual":false,"workflowName":"Nodes Centrais - DIO - 5"}}
{"__type":"$$EventMessageConfirm","confirm":"07039f49-8a59-458c-8a67-9cc68745da5d","ts":null,"source":{"id":"0","name":"eventBus"}}
{"__type":"$$EventMessageNode","id":"e3ac565d-db35-477f-a133-9e11ccbf23eb","ts":null,"eventName":"n8n.node.started","message":"n8n.node.started","payload":{"workflowId":"4w4NezlLHC8mNE4J","workflowName":"Nodes Centrais - DIO - 5","executionId":"49","nodeType":"n8n-nodes-base.webhook","nodeName":"Webhook","nodeId":"59cc1c87-4595-4392-9b7b-64ed148b5978"}}
{"__type":"$$EventMessageConfirm","confirm":"e3ac565d-db35-477f-a133-9e11ccbf23eb","ts":null,"source":{"id":"0","name":"eventBus"}}
{"__type":"$$EventMessageNode","id":"0e4aa152-c368-420e-9b9a-1d8e0e4a8b12","ts":null,"eventName":"n8n.node.finished","message":"n8n.node.finished","payload":{"workflowId":"4w4NezlLHC8mNE4J","workflowName":"Nodes Centrais - DIO - 5","executionId":"49","nodeType":"n8n-nodes-base.webhook","nodeName":"Webhook","nodeId":"59cc1c87-4595-4392-9b7b-64ed148b5978"}}
{"__type":"$$EventMessageConfirm","confirm":"0e4aa152-c368-420e-9b9a-1d8e0e4a8b12","ts":null,"source":{"id":"0","name":"eventBus"}}
{"__type":"$$EventMessageNode","id":"a722af10-f80d-4b68-be06-24322ca52cfe","ts":null,"eventName":"n8n.node.started","message":"n8n.node.started","payload":{"workflowId":"4w4NezlLHC8mNE4J","workflowName":"Nodes Centrais - DIO - 5","executionId":"49","nodeType":"n8n-nodes-base.httpRequest","nodeName":"HTTP Request","nodeId":"aac8c993-a7d5-4465-a096-ec4b05985aa1"}}
{"__type":"$$EventMessageConfirm","confirm":"a722af10-f80d-4b68-be06-24322ca52cfe","ts":null,"source":{"id":"0","name":"eventBus"}}
{"__type":"$$EventMessageNode","id":"a1a6ba92-a100-4a06-8843-ded1cc974f2b","ts":null,"eventName":"n8n.node.finished","message":"n8n.node.finished","payload":{"workflowId":"4w4NezlLHC8mNE4J","workflowName":"Nodes Centrais - DIO - 5","executionId":"49","nodeType":"n8n-nodes-base.httpRequest","nodeName":"HTTP Request","nodeId":"aac8c993-a7d5-4465-a096-ec4b05985aa1"}}
{"__type":"$$EventMessageConfirm","confirm":"a1a6ba92-a100-4a06-8843-ded1cc974f2b","ts":null,"source":{"id":"0","name":"eventBus"}}
{"__type":"$$EventMessageNode","id":"b122c92b-6017-48d2-8639-4f8e86a34c69","ts":null,"eventName":"n8n.node.started","message":"n8n.node.started","payload":{"workflowId":"4w4NezlLHC8mNE4J","workflowName":"Nodes Centrais - DIO - 5","executionId":"49","nodeType":"n8n-nodes-base.set","nodeName":"Conversão Dolar x Real","nodeId":"d4dd653f-0dbf-46f5-8ac8-59cc8259d874"}}
{"__type":"$$EventMessageConfirm","confirm":"b122c92b-6017-48d2-8639-4f8e86a34c69","ts":null,"source":{"id":"0","name":"eventBus"}}
{"__type":"$$EventMessageNode","id":"47f1700f-49c6-4ff8-92c4-6f659e116eba","ts":null,"eventName":"n8n.node.finished","message":"n8n.node.finished","payload":{"workflowId":"4w4NezlLHC8mNE4J","workflowName":"Nodes Centrais - DIO - 5","executionId":"49","nodeType":"n8n-nodes-base.set","nodeName":"Conversão Dolar x Real","nodeId":"d4dd653f-0dbf-46f5-8ac8-59cc8259d874"}}
{"__type":"$$EventMessageConfirm","confirm":"47f1700f-49c6-4ff8-92c4-6f659e116eba","ts":null,"source":{"id":"0","name":"eventBus"}}
{"__type":"$$EventMessageNode","id":"79e678c1-eebd-4f18-abcd-f01175fe0ec0","ts":null,"eventName":"n8n.node.started","message":"n8n.node.started","payload":{"workflowId":"4w4NezlLHC8mNE4J","workflowName":"Nodes Centrais - DIO - 5","executionId":"49","nodeType":"n8n-nodes-base.if","nodeName":"If","nodeId":"53c8f2cd-d11a-4e06-8f41-41d34891cec4"}}
{"__type":"$$EventMessageConfirm","confirm":"79e678c1-eebd-4f18-abcd-f01175fe0ec0","ts":null,"source":{"id":"0","name":"eventBus"}}
{"__type":"$$EventMessageNode","id":"a9e098d8-3457-4dee-8758-e3b682ccd389","ts":null,"eventName":"n8n.node.finished","message":"n8n.node.finished","payload":{"workflowId":"4w4NezlLHC8mNE4J","workflowName":"Nodes Centrais - DIO - 5","executionId":"49","nodeType":"n8n-nodes-base.if","nodeName":"If","nodeId":"53c8f2cd-d11a-4e06-8f41-41d34891cec4"}}
{"__type":"$$EventMessageConfirm","confirm":"a9e098d8-3457-4dee-8758-e3b682ccd389","ts":null,"source":{"id":"0","name":"eventBus"}}
{"__type":"$$EventMessageNode","id":"21ce8ab9-2920-43fd-88b9-ac2c7eebdeea","ts":null,"eventName":"n8n.node.started","message":"n8n.node.started","payload":{"workflowId":"4w4NezlLHC8mNE4J","workflowName":"Nodes Centrais - DIO - 5","executionId":"49","nodeType":"n8n-nodes-base.switch","nodeName":"Switch","nodeId":"74825652-efa2-40d6-a1dd-691aba59d089"}}
{"__type":"$$EventMessageConfirm","confirm":"21ce8ab9-2920-43fd-88b9-ac2c7eebdeea","ts":null,"source":{"id":"0","name":"eventBus"}}
{"__type":"$$EventMessageNode","id":"80d6ec60-e345-433b-acbb-3ac62985411a","ts":null,"eventName":"n8n.node.finished","message":"n8n.node.finished","payload":{"workflowId":"4w4NezlLHC8mNE4J","workflowName":"Nodes Centrais - DIO - 5","executionId":"49","nodeType":"n8n-nodes-base.switch","nodeName":"Switch","nodeId":"74825652-efa2-40d6-a1dd-691aba59d089"}}
{"__type":"$$EventMessageConfirm","confirm":"80d6ec60-e345-433b-acbb-3ac62985411a","ts":null,"source":{"id":"0","name":"eventBus"}}
{"__type":"$$EventMessageWorkflow","id":"01d7fe6e-2ffd-410e-ab02-605cd3ea8846","ts":null,"eventName":"n8n.workflow.success","message":"n8n.workflow.success","payload":{"executionId":"49","success":true,"isManual":true,"workflowId":"4w4NezlLHC8mNE4J","workflowName":"Nodes Centrais - DIO - 5"}}
{"__type":"$$EventMessageConfirm","confirm":"01d7fe6e-2ffd-410e-ab02-605cd3ea8846","ts":null,"source":{"id":"0","name":"eventBus"}}
{"__type":"$$EventMessageAudit","id":"f2fd607c-2ed9-4c93-b23d-51db148c379b","ts":null,"eventName":"n8n.audit.workflow.updated","message":"n8n.audit.workflow.updated","payload":{"userId":"7f9787e3-90ba-4f7f-8380-c55119cc58d4","_email":"engfabiodesalvi@gmail.com","_firstName":"Fabio","_lastName":"Toledo Bonemer De Salvi","globalRole":"global:owner","workflowId":"4w4NezlLHC8mNE4J","workflowName":"Nodes Centrais - DIO - 5"}}
{"__type":"$$EventMessageConfirm","confirm":"f2fd607c-2ed9-4c93-b23d-51db148c379b","ts":null,"source":{"id":"0","name":"eventBus"}}
{"__type":"$$EventMessageWorkflow","id":"22703be9-8aa8-423c-9371-e09f8d5c557f","ts":null,"eventName":"n8n.workflow.started","message":"n8n.workflow.started","payload":{"executionId":"50","workflowId":"4w4NezlLHC8mNE4J","isManual":false,"workflowName":"Nodes Centrais - DIO - 5"}}
{"__type":"$$EventMessageConfirm","confirm":"22703be9-8aa8-423c-9371-e09f8d5c557f","ts":null,"source":{"id":"0","name":"eventBus"}}
{"__type":"$$EventMessageNode","id":"a88cfffa-40d6-4981-a3ad-27653bb1637f","ts":null,"eventName":"n8n.node.started","message":"n8n.node.started","payload":{"workflowId":"4w4NezlLHC8mNE4J","workflowName":"Nodes Centrais - DIO - 5","executionId":"50","nodeType":"n8n-nodes-base.switch","nodeName":"Switch","nodeId":"74825652-efa2-40d6-a1dd-691aba59d089"}}
{"__type":"$$EventMessageConfirm","confirm":"a88cfffa-40d6-4981-a3ad-27653bb1637f","ts":null,"source":{"id":"0","name":"eventBus"}}
{"__type":"$$EventMessageNode","id":"19fa1865-c902-4275-afa1-2a575d218d97","ts":null,"eventName":"n8n.node.finished","message":"n8n.node.finished","payload":{"workflowId":"4w4NezlLHC8mNE4J","workflowName":"Nodes Centrais - DIO - 5","executionId":"50","nodeType":"n8n-nodes-base.switch","nodeName":"Switch","nodeId":"74825652-efa2-40d6-a1dd-691aba59d089"}}
{"__type":"$$EventMessageConfirm","confirm":"19fa1865-c902-4275-afa1-2a575d218d97","ts":null,"source":{"id":"0","name":"eventBus"}}
{"__type":"$$EventMessageWorkflow","id":"2aecf0e9-54ec-4847-8568-8a12f0857949","ts":null,"eventName":"n8n.workflow.success","message":"n8n.workflow.success","payload":{"userId":"7f9787e3-90ba-4f7f-8380-c55119cc58d4","executionId":"50","success":true,"isManual":true,"workflowId":"4w4NezlLHC8mNE4J","workflowName":"Nodes Centrais - DIO - 5"}}
{"__type":"$$EventMessageConfirm","confirm":"2aecf0e9-54ec-4847-8568-8a12f0857949","ts":null,"source":{"id":"0","name":"eventBus"}}
{"__type":"$$EventMessageAudit","id":"63089f1d-a5fe-484a-a004-7a57a388f271","ts":null,"eventName":"n8n.audit.workflow.updated","message":"n8n.audit.workflow.updated","payload":{"userId":"7f9787e3-90ba-4f7f-8380-c55119cc58d4","_email":"engfabiodesalvi@gmail.com","_firstName":"Fabio","_lastName":"Toledo Bonemer De Salvi","globalRole":"global:owner","workflowId":"4w4NezlLHC8mNE4J","workflowName":"Nodes Centrais - DIO - 5"}}
{"__type":"$$EventMessageConfirm","confirm":"63089f1d-a5fe-484a-a004-7a57a388f271","ts":null,"source":{"id":"0","name":"eventBus"}}
{"__type":"$$EventMessageAudit","id":"0d319b0a-c467-433c-80cf-4e0063c512fb","ts":null,"eventName":"n8n.audit.workflow.updated","message":"n8n.audit.workflow.updated","payload":{"userId":"7f9787e3-90ba-4f7f-8380-c55119cc58d4","_email":"engfabiodesalvi@gmail.com","_firstName":"Fabio","_lastName":"Toledo Bonemer De Salvi","globalRole":"global:owner","workflowId":"4w4NezlLHC8mNE4J","workflowName":"Nodes Centrais - DIO - 5"}}
{"__type":"$$EventMessageConfirm","confirm":"0d319b0a-c467-433c-80cf-4e0063c512fb","ts":null,"source":{"id":"0","name":"eventBus"}}
