{"__type":"$$EventMessageAudit","id":"487aa5b5-40fb-49da-b549-037495e55f7f","ts":"2026-01-21T16:58:46.361-03:00","eventName":"n8n.audit.user.login.success","message":"n8n.audit.user.login.success","payload":{"userId":"0a93214d-7da7-4c6c-a88e-0e126f96f983","_email":"engfabiodesalvi@gmail.com","_firstName":"Fabio","_lastName":"engfabiodesalvi@gmail.com","globalRole":"global:owner","authenticationMethod":"email"}}
{"__type":"$$EventMessageConfirm","confirm":"487aa5b5-40fb-49da-b549-037495e55f7f","ts":"2026-01-21T16:58:46.367-03:00","source":{"id":"0","name":"eventBus"}}
{"__type":"$$EventMessageWorkflow","id":"def3e2c0-4671-46d9-9b7f-31ee7395d2bf","ts":"2026-01-21T17:00:07.709-03:00","eventName":"n8n.workflow.started","message":"n8n.workflow.started","payload":{"executionId":"32","workflowId":"kRvD9OE3z6kH5FeG","isManual":false,"workflowName":"Nodes Centrais - DIO - 6"}}
{"__type":"$$EventMessageConfirm","confirm":"def3e2c0-4671-46d9-9b7f-31ee7395d2bf","ts":"2026-01-21T17:00:07.710-03:00","source":{"id":"0","name":"eventBus"}}
{"__type":"$$EventMessageNode","id":"a59d225b-7044-4593-917c-7888a94c8c20","ts":"2026-01-21T17:00:07.714-03:00","eventName":"n8n.node.started","message":"n8n.node.started","payload":{"workflowId":"kRvD9OE3z6kH5FeG","workflowName":"Nodes Centrais - DIO - 6","executionId":"32","nodeType":"n8n-nodes-base.webhook","nodeName":"Monitora par-moedas","nodeId":"d8ca22df-f472-4520-88ac-423181480938"}}
{"__type":"$$EventMessageConfirm","confirm":"a59d225b-7044-4593-917c-7888a94c8c20","ts":"2026-01-21T17:00:07.715-03:00","source":{"id":"0","name":"eventBus"}}
{"__type":"$$EventMessageNode","id":"151b1be7-11cd-47bd-a972-f3a8a9e690fa","ts":"2026-01-21T17:00:07.721-03:00","eventName":"n8n.node.finished","message":"n8n.node.finished","payload":{"workflowId":"kRvD9OE3z6kH5FeG","workflowName":"Nodes Centrais - DIO - 6","executionId":"32","nodeType":"n8n-nodes-base.webhook","nodeName":"Monitora par-moedas","nodeId":"d8ca22df-f472-4520-88ac-423181480938"}}
{"__type":"$$EventMessageConfirm","confirm":"151b1be7-11cd-47bd-a972-f3a8a9e690fa","ts":"2026-01-21T17:00:07.721-03:00","source":{"id":"0","name":"eventBus"}}
{"__type":"$$EventMessageNode","id":"fa5a8928-05cf-4693-98cd-41de0f364af2","ts":"2026-01-21T17:00:07.724-03:00","eventName":"n8n.node.started","message":"n8n.node.started","payload":{"workflowId":"kRvD9OE3z6kH5FeG","workflowName":"Nodes Centrais - DIO - 6","executionId":"32","nodeType":"n8n-nodes-base.httpRequest","nodeName":"Consultar cotação do par-moeda","nodeId":"9fe41d87-022a-4b19-a5b9-a0a75b92df60"}}
{"__type":"$$EventMessageConfirm","confirm":"fa5a8928-05cf-4693-98cd-41de0f364af2","ts":"2026-01-21T17:00:07.725-03:00","source":{"id":"0","name":"eventBus"}}
{"__type":"$$EventMessageNode","id":"a418a348-a2d3-429c-bb27-4a5779818c0b","ts":"2026-01-21T17:00:07.937-03:00","eventName":"n8n.node.finished","message":"n8n.node.finished","payload":{"workflowId":"kRvD9OE3z6kH5FeG","workflowName":"Nodes Centrais - DIO - 6","executionId":"32","nodeType":"n8n-nodes-base.httpRequest","nodeName":"Consultar cotação do par-moeda","nodeId":"9fe41d87-022a-4b19-a5b9-a0a75b92df60"}}
{"__type":"$$EventMessageConfirm","confirm":"a418a348-a2d3-429c-bb27-4a5779818c0b","ts":"2026-01-21T17:00:07.937-03:00","source":{"id":"0","name":"eventBus"}}
{"__type":"$$EventMessageNode","id":"b3aa26ed-e615-4354-9ab2-143f731775d8","ts":"2026-01-21T17:00:07.938-03:00","eventName":"n8n.node.started","message":"n8n.node.started","payload":{"workflowId":"kRvD9OE3z6kH5FeG","workflowName":"Nodes Centrais - DIO - 6","executionId":"32","nodeType":"n8n-nodes-base.set","nodeName":"Conversão Dolar x Real","nodeId":"b1e8a702-448b-4f03-837c-e07cd81bb360"}}
{"__type":"$$EventMessageConfirm","confirm":"b3aa26ed-e615-4354-9ab2-143f731775d8","ts":"2026-01-21T17:00:07.938-03:00","source":{"id":"0","name":"eventBus"}}
{"__type":"$$EventMessageNode","id":"af093662-1e69-4198-aad2-26880fabb2bb","ts":"2026-01-21T17:00:07.958-03:00","eventName":"n8n.node.finished","message":"n8n.node.finished","payload":{"workflowId":"kRvD9OE3z6kH5FeG","workflowName":"Nodes Centrais - DIO - 6","executionId":"32","nodeType":"n8n-nodes-base.set","nodeName":"Conversão Dolar x Real","nodeId":"b1e8a702-448b-4f03-837c-e07cd81bb360"}}
{"__type":"$$EventMessageConfirm","confirm":"af093662-1e69-4198-aad2-26880fabb2bb","ts":"2026-01-21T17:00:07.959-03:00","source":{"id":"0","name":"eventBus"}}
{"__type":"$$EventMessageNode","id":"2f640bc3-3faf-41af-b597-3e6b163f1e83","ts":"2026-01-21T17:00:07.960-03:00","eventName":"n8n.node.started","message":"n8n.node.started","payload":{"workflowId":"kRvD9OE3z6kH5FeG","workflowName":"Nodes Centrais - DIO - 6","executionId":"32","nodeType":"n8n-nodes-base.switch","nodeName":"Cotação do Dolar","nodeId":"b00e96cb-9238-47f6-be42-1b4341efb576"}}
{"__type":"$$EventMessageConfirm","confirm":"2f640bc3-3faf-41af-b597-3e6b163f1e83","ts":"2026-01-21T17:00:07.960-03:00","source":{"id":"0","name":"eventBus"}}
{"__type":"$$EventMessageNode","id":"dcf720fb-0d99-4ecc-80fe-594e1b342d23","ts":"2026-01-21T17:00:07.980-03:00","eventName":"n8n.node.finished","message":"n8n.node.finished","payload":{"workflowId":"kRvD9OE3z6kH5FeG","workflowName":"Nodes Centrais - DIO - 6","executionId":"32","nodeType":"n8n-nodes-base.switch","nodeName":"Cotação do Dolar","nodeId":"b00e96cb-9238-47f6-be42-1b4341efb576"}}
{"__type":"$$EventMessageConfirm","confirm":"dcf720fb-0d99-4ecc-80fe-594e1b342d23","ts":"2026-01-21T17:00:07.981-03:00","source":{"id":"0","name":"eventBus"}}
{"__type":"$$EventMessageNode","id":"84c3f67e-6573-47c6-9ccc-9bb54d624f23","ts":"2026-01-21T17:00:07.982-03:00","eventName":"n8n.node.started","message":"n8n.node.started","payload":{"workflowId":"kRvD9OE3z6kH5FeG","workflowName":"Nodes Centrais - DIO - 6","executionId":"32","nodeType":"n8n-nodes-base.emailSend","nodeName":"Send email","nodeId":"031b7326-3c53-48cc-8c27-fa1c00395a61"}}
{"__type":"$$EventMessageConfirm","confirm":"84c3f67e-6573-47c6-9ccc-9bb54d624f23","ts":"2026-01-21T17:00:07.982-03:00","source":{"id":"0","name":"eventBus"}}
{"__type":"$$EventMessageConfirm","confirm":"6157fefe-0cfe-46d9-82a8-3c1a8f08c690","ts":"2026-01-21T17:00:10.791-03:00","source":{"id":"0","name":"eventBus"}}
{"__type":"$$EventMessageWorkflow","id":"60174dd1-4d9f-4f24-a26b-966f1b6b2e60","ts":"2026-01-21T17:00:10.815-03:00","eventName":"n8n.workflow.failed","message":"n8n.workflow.failed","payload":{"executionId":"32","success":false,"isManual":true,"workflowId":"kRvD9OE3z6kH5FeG","workflowName":"Nodes Centrais - DIO - 6","lastNodeExecuted":"Send email","errorNodeType":"n8n-nodes-base.emailSend","errorMessage":"Invalid login: 535-5.7.8 Username and Password not accepted. For more information, go to\n535 5.7.8  https://support.google.com/mail/?p=BadCredentials 5a478bee46e88-2b7081418f3sm6118515eec.34 - gsmtp"}}
{"__type":"$$EventMessageConfirm","confirm":"60174dd1-4d9f-4f24-a26b-966f1b6b2e60","ts":"2026-01-21T17:00:10.815-03:00","source":{"id":"0","name":"eventBus"}}
{"__type":"$$EventMessageWorkflow","id":"8cbab541-9775-4493-aee2-25b03b5a9fba","ts":"2026-01-21T17:00:29.223-03:00","eventName":"n8n.workflow.started","message":"n8n.workflow.started","payload":{"executionId":"33","workflowId":"kRvD9OE3z6kH5FeG","isManual":false,"workflowName":"Nodes Centrais - DIO - 6"}}
{"__type":"$$EventMessageConfirm","confirm":"8cbab541-9775-4493-aee2-25b03b5a9fba","ts":"2026-01-21T17:00:29.223-03:00","source":{"id":"0","name":"eventBus"}}
{"__type":"$$EventMessageNode","id":"fbffe088-0211-47ae-90e1-352a340bc334","ts":"2026-01-21T17:00:29.224-03:00","eventName":"n8n.node.started","message":"n8n.node.started","payload":{"workflowId":"kRvD9OE3z6kH5FeG","workflowName":"Nodes Centrais - DIO - 6","executionId":"33","nodeType":"n8n-nodes-base.webhook","nodeName":"Monitora par-moedas","nodeId":"d8ca22df-f472-4520-88ac-423181480938"}}
{"__type":"$$EventMessageConfirm","confirm":"fbffe088-0211-47ae-90e1-352a340bc334","ts":"2026-01-21T17:00:29.224-03:00","source":{"id":"0","name":"eventBus"}}
{"__type":"$$EventMessageNode","id":"0b2b7a19-baec-4693-9edd-78fc6bf9fe28","ts":"2026-01-21T17:00:29.225-03:00","eventName":"n8n.node.finished","message":"n8n.node.finished","payload":{"workflowId":"kRvD9OE3z6kH5FeG","workflowName":"Nodes Centrais - DIO - 6","executionId":"33","nodeType":"n8n-nodes-base.webhook","nodeName":"Monitora par-moedas","nodeId":"d8ca22df-f472-4520-88ac-423181480938"}}
{"__type":"$$EventMessageConfirm","confirm":"0b2b7a19-baec-4693-9edd-78fc6bf9fe28","ts":"2026-01-21T17:00:29.225-03:00","source":{"id":"0","name":"eventBus"}}
{"__type":"$$EventMessageNode","id":"e9a54a18-e7a5-402f-92e7-3bb4f23640c9","ts":"2026-01-21T17:00:29.226-03:00","eventName":"n8n.node.started","message":"n8n.node.started","payload":{"workflowId":"kRvD9OE3z6kH5FeG","workflowName":"Nodes Centrais - DIO - 6","executionId":"33","nodeType":"n8n-nodes-base.httpRequest","nodeName":"Consultar cotação do par-moeda","nodeId":"9fe41d87-022a-4b19-a5b9-a0a75b92df60"}}
{"__type":"$$EventMessageConfirm","confirm":"e9a54a18-e7a5-402f-92e7-3bb4f23640c9","ts":"2026-01-21T17:00:29.226-03:00","source":{"id":"0","name":"eventBus"}}
{"__type":"$$EventMessageNode","id":"a2fb710d-c79a-4752-aff8-4054d9dc30be","ts":"2026-01-21T17:00:29.332-03:00","eventName":"n8n.node.finished","message":"n8n.node.finished","payload":{"workflowId":"kRvD9OE3z6kH5FeG","workflowName":"Nodes Centrais - DIO - 6","executionId":"33","nodeType":"n8n-nodes-base.httpRequest","nodeName":"Consultar cotação do par-moeda","nodeId":"9fe41d87-022a-4b19-a5b9-a0a75b92df60"}}
{"__type":"$$EventMessageConfirm","confirm":"a2fb710d-c79a-4752-aff8-4054d9dc30be","ts":"2026-01-21T17:00:29.332-03:00","source":{"id":"0","name":"eventBus"}}
{"__type":"$$EventMessageNode","id":"aaec3b23-70f8-4963-a219-39b3c2420da3","ts":"2026-01-21T17:00:29.335-03:00","eventName":"n8n.node.started","message":"n8n.node.started","payload":{"workflowId":"kRvD9OE3z6kH5FeG","workflowName":"Nodes Centrais - DIO - 6","executionId":"33","nodeType":"n8n-nodes-base.set","nodeName":"Conversão Dolar x Real","nodeId":"b1e8a702-448b-4f03-837c-e07cd81bb360"}}
{"__type":"$$EventMessageConfirm","confirm":"aaec3b23-70f8-4963-a219-39b3c2420da3","ts":"2026-01-21T17:00:29.335-03:00","source":{"id":"0","name":"eventBus"}}
{"__type":"$$EventMessageNode","id":"f0dd94f1-c973-4301-8f75-e0033cf1e9c5","ts":"2026-01-21T17:00:29.343-03:00","eventName":"n8n.node.finished","message":"n8n.node.finished","payload":{"workflowId":"kRvD9OE3z6kH5FeG","workflowName":"Nodes Centrais - DIO - 6","executionId":"33","nodeType":"n8n-nodes-base.set","nodeName":"Conversão Dolar x Real","nodeId":"b1e8a702-448b-4f03-837c-e07cd81bb360"}}
{"__type":"$$EventMessageConfirm","confirm":"f0dd94f1-c973-4301-8f75-e0033cf1e9c5","ts":"2026-01-21T17:00:29.343-03:00","source":{"id":"0","name":"eventBus"}}
{"__type":"$$EventMessageNode","id":"a5c208b0-d0fa-4b78-82f9-dc9878faad18","ts":"2026-01-21T17:00:29.344-03:00","eventName":"n8n.node.started","message":"n8n.node.started","payload":{"workflowId":"kRvD9OE3z6kH5FeG","workflowName":"Nodes Centrais - DIO - 6","executionId":"33","nodeType":"n8n-nodes-base.switch","nodeName":"Cotação do Dolar","nodeId":"b00e96cb-9238-47f6-be42-1b4341efb576"}}
{"__type":"$$EventMessageConfirm","confirm":"a5c208b0-d0fa-4b78-82f9-dc9878faad18","ts":"2026-01-21T17:00:29.344-03:00","source":{"id":"0","name":"eventBus"}}
{"__type":"$$EventMessageNode","id":"ef1d5213-c16c-4044-8f65-7dedfc4671fa","ts":"2026-01-21T17:00:29.351-03:00","eventName":"n8n.node.finished","message":"n8n.node.finished","payload":{"workflowId":"kRvD9OE3z6kH5FeG","workflowName":"Nodes Centrais - DIO - 6","executionId":"33","nodeType":"n8n-nodes-base.switch","nodeName":"Cotação do Dolar","nodeId":"b00e96cb-9238-47f6-be42-1b4341efb576"}}
{"__type":"$$EventMessageConfirm","confirm":"ef1d5213-c16c-4044-8f65-7dedfc4671fa","ts":"2026-01-21T17:00:29.351-03:00","source":{"id":"0","name":"eventBus"}}
{"__type":"$$EventMessageNode","id":"88185f2e-fbf5-4f72-8886-a36d2ba2c25e","ts":"2026-01-21T17:00:29.352-03:00","eventName":"n8n.node.started","message":"n8n.node.started","payload":{"workflowId":"kRvD9OE3z6kH5FeG","workflowName":"Nodes Centrais - DIO - 6","executionId":"33","nodeType":"n8n-nodes-base.googleSheets","nodeName":"Salva cotação na planilha","nodeId":"963ef536-75df-4307-a4c7-6d62e9fd0f2f"}}
{"__type":"$$EventMessageConfirm","confirm":"88185f2e-fbf5-4f72-8886-a36d2ba2c25e","ts":"2026-01-21T17:00:29.352-03:00","source":{"id":"0","name":"eventBus"}}
{"__type":"$$EventMessageNode","id":"17a28faa-c5dd-4638-b449-fcf26cbcc757","ts":"2026-01-21T17:00:33.238-03:00","eventName":"n8n.node.finished","message":"n8n.node.finished","payload":{"workflowId":"kRvD9OE3z6kH5FeG","workflowName":"Nodes Centrais - DIO - 6","executionId":"33","nodeType":"n8n-nodes-base.googleSheets","nodeName":"Salva cotação na planilha","nodeId":"963ef536-75df-4307-a4c7-6d62e9fd0f2f"}}
{"__type":"$$EventMessageConfirm","confirm":"17a28faa-c5dd-4638-b449-fcf26cbcc757","ts":"2026-01-21T17:00:33.238-03:00","source":{"id":"0","name":"eventBus"}}
{"__type":"$$EventMessageNode","id":"a73e82b1-67e8-4212-92d8-27696846b454","ts":"2026-01-21T17:00:33.240-03:00","eventName":"n8n.node.started","message":"n8n.node.started","payload":{"workflowId":"kRvD9OE3z6kH5FeG","workflowName":"Nodes Centrais - DIO - 6","executionId":"33","nodeType":"n8n-nodes-base.emailSend","nodeName":"Send email","nodeId":"031b7326-3c53-48cc-8c27-fa1c00395a61"}}
{"__type":"$$EventMessageConfirm","confirm":"a73e82b1-67e8-4212-92d8-27696846b454","ts":"2026-01-21T17:00:33.240-03:00","source":{"id":"0","name":"eventBus"}}
{"__type":"$$EventMessageNode","id":"5645aa2a-1aeb-4988-bbc9-6f9f11a15ef6","ts":"2026-01-21T17:00:36.320-03:00","eventName":"n8n.node.finished","message":"n8n.node.finished","payload":{"workflowId":"kRvD9OE3z6kH5FeG","workflowName":"Nodes Centrais - DIO - 6","executionId":"33","nodeType":"n8n-nodes-base.emailSend","nodeName":"Send email","nodeId":"031b7326-3c53-48cc-8c27-fa1c00395a61"}}
{"__type":"$$EventMessageConfirm","confirm":"5645aa2a-1aeb-4988-bbc9-6f9f11a15ef6","ts":"2026-01-21T17:00:36.320-03:00","source":{"id":"0","name":"eventBus"}}
{"__type":"$$EventMessageWorkflow","id":"d880bb2e-d3d7-4c71-a6c3-62bc7a5f67f1","ts":"2026-01-21T17:00:36.345-03:00","eventName":"n8n.workflow.failed","message":"n8n.workflow.failed","payload":{"executionId":"33","success":false,"isManual":true,"workflowId":"kRvD9OE3z6kH5FeG","workflowName":"Nodes Centrais - DIO - 6","lastNodeExecuted":"Send email","errorNodeType":"n8n-nodes-base.emailSend","errorMessage":"Invalid login: 535-5.7.8 Username and Password not accepted. For more information, go to\n535 5.7.8  https://support.google.com/mail/?p=BadCredentials 41be03b00d2f7-c5edf130f1csm15379894a12.0 - gsmtp"}}
{"__type":"$$EventMessageConfirm","confirm":"d880bb2e-d3d7-4c71-a6c3-62bc7a5f67f1","ts":"2026-01-21T17:00:36.345-03:00","source":{"id":"0","name":"eventBus"}}
{"__type":"$$EventMessageAudit","id":"27523ee6-1894-43d1-b498-2afe297cec01","ts":"2026-01-21T17:01:58.765-03:00","eventName":"n8n.audit.workflow.updated","message":"n8n.audit.workflow.updated","payload":{"userId":"0a93214d-7da7-4c6c-a88e-0e126f96f983","_email":"engfabiodesalvi@gmail.com","_firstName":"Fabio","_lastName":"engfabiodesalvi@gmail.com","globalRole":"global:owner","workflowId":"kRvD9OE3z6kH5FeG","workflowName":"Nodes Centrais - DIO - 6"}}
{"__type":"$$EventMessageConfirm","confirm":"27523ee6-1894-43d1-b498-2afe297cec01","ts":"2026-01-21T17:01:58.768-03:00","source":{"id":"0","name":"eventBus"}}
{"__type":"$$EventMessageAudit","id":"e17a373d-da02-4b72-9306-cf8dcf71956f","ts":"2026-01-21T17:07:22.005-03:00","eventName":"n8n.audit.user.credentials.updated","message":"n8n.audit.user.credentials.updated","payload":{"userId":"0a93214d-7da7-4c6c-a88e-0e126f96f983","_email":"engfabiodesalvi@gmail.com","_firstName":"Fabio","_lastName":"engfabiodesalvi@gmail.com","globalRole":"global:owner","credentialType":"smtp","credentialId":"7ySW43qqFN5va8st"}}
{"__type":"$$EventMessageConfirm","confirm":"e17a373d-da02-4b72-9306-cf8dcf71956f","ts":"2026-01-21T17:07:22.006-03:00","source":{"id":"0","name":"eventBus"}}
{"__type":"$$EventMessageAudit","id":"ea952847-c030-4282-b972-323328f0879b","ts":"2026-01-21T17:07:36.979-03:00","eventName":"n8n.audit.user.credentials.updated","message":"n8n.audit.user.credentials.updated","payload":{"userId":"0a93214d-7da7-4c6c-a88e-0e126f96f983","_email":"engfabiodesalvi@gmail.com","_firstName":"Fabio","_lastName":"engfabiodesalvi@gmail.com","globalRole":"global:owner","credentialType":"smtp","credentialId":"7ySW43qqFN5va8st"}}
{"__type":"$$EventMessageConfirm","confirm":"ea952847-c030-4282-b972-323328f0879b","ts":"2026-01-21T17:07:36.979-03:00","source":{"id":"0","name":"eventBus"}}
{"__type":"$$EventMessageAudit","id":"a194b72a-5071-45dd-bf1c-8c563e7fdc39","ts":"2026-01-21T17:07:44.661-03:00","eventName":"n8n.audit.user.credentials.updated","message":"n8n.audit.user.credentials.updated","payload":{"userId":"0a93214d-7da7-4c6c-a88e-0e126f96f983","_email":"engfabiodesalvi@gmail.com","_firstName":"Fabio","_lastName":"engfabiodesalvi@gmail.com","globalRole":"global:owner","credentialType":"smtp","credentialId":"7ySW43qqFN5va8st"}}
{"__type":"$$EventMessageConfirm","confirm":"a194b72a-5071-45dd-bf1c-8c563e7fdc39","ts":"2026-01-21T17:07:44.661-03:00","source":{"id":"0","name":"eventBus"}}
{"__type":"$$EventMessageAudit","id":"47d51a65-0bcb-47b7-bd08-3c5ff5f26e70","ts":"2026-01-21T17:07:55.836-03:00","eventName":"n8n.audit.user.credentials.updated","message":"n8n.audit.user.credentials.updated","payload":{"userId":"0a93214d-7da7-4c6c-a88e-0e126f96f983","_email":"engfabiodesalvi@gmail.com","_firstName":"Fabio","_lastName":"engfabiodesalvi@gmail.com","globalRole":"global:owner","credentialType":"smtp","credentialId":"7ySW43qqFN5va8st"}}
{"__type":"$$EventMessageConfirm","confirm":"47d51a65-0bcb-47b7-bd08-3c5ff5f26e70","ts":"2026-01-21T17:07:55.836-03:00","source":{"id":"0","name":"eventBus"}}
{"__type":"$$EventMessageWorkflow","id":"6c4e3849-fb62-4a52-b6ec-9addd4fbe520","ts":"2026-01-21T17:08:43.112-03:00","eventName":"n8n.workflow.started","message":"n8n.workflow.started","payload":{"executionId":"34","workflowId":"kRvD9OE3z6kH5FeG","isManual":false,"workflowName":"Nodes Centrais - DIO - 6"}}
{"__type":"$$EventMessageConfirm","confirm":"6c4e3849-fb62-4a52-b6ec-9addd4fbe520","ts":"2026-01-21T17:08:43.112-03:00","source":{"id":"0","name":"eventBus"}}
{"__type":"$$EventMessageNode","id":"b19cddff-c3fc-431b-ba80-19a000dcf798","ts":"2026-01-21T17:08:43.113-03:00","eventName":"n8n.node.started","message":"n8n.node.started","payload":{"workflowId":"kRvD9OE3z6kH5FeG","workflowName":"Nodes Centrais - DIO - 6","executionId":"34","nodeType":"n8n-nodes-base.webhook","nodeName":"Monitora par-moedas","nodeId":"d8ca22df-f472-4520-88ac-423181480938"}}
{"__type":"$$EventMessageConfirm","confirm":"b19cddff-c3fc-431b-ba80-19a000dcf798","ts":"2026-01-21T17:08:43.113-03:00","source":{"id":"0","name":"eventBus"}}
{"__type":"$$EventMessageNode","id":"300fa932-e93c-4378-8e16-d892138791be","ts":"2026-01-21T17:08:43.115-03:00","eventName":"n8n.node.finished","message":"n8n.node.finished","payload":{"workflowId":"kRvD9OE3z6kH5FeG","workflowName":"Nodes Centrais - DIO - 6","executionId":"34","nodeType":"n8n-nodes-base.webhook","nodeName":"Monitora par-moedas","nodeId":"d8ca22df-f472-4520-88ac-423181480938"}}
{"__type":"$$EventMessageConfirm","confirm":"300fa932-e93c-4378-8e16-d892138791be","ts":"2026-01-21T17:08:43.116-03:00","source":{"id":"0","name":"eventBus"}}
{"__type":"$$EventMessageNode","id":"bb70b998-183b-4bc6-8782-afcfee83fa7e","ts":"2026-01-21T17:08:43.118-03:00","eventName":"n8n.node.started","message":"n8n.node.started","payload":{"workflowId":"kRvD9OE3z6kH5FeG","workflowName":"Nodes Centrais - DIO - 6","executionId":"34","nodeType":"n8n-nodes-base.httpRequest","nodeName":"Consultar cotação do par-moeda","nodeId":"9fe41d87-022a-4b19-a5b9-a0a75b92df60"}}
{"__type":"$$EventMessageConfirm","confirm":"bb70b998-183b-4bc6-8782-afcfee83fa7e","ts":"2026-01-21T17:08:43.118-03:00","source":{"id":"0","name":"eventBus"}}
{"__type":"$$EventMessageNode","id":"b7f8db45-91a5-4803-97ba-89f00ed5e19a","ts":"2026-01-21T17:08:43.252-03:00","eventName":"n8n.node.finished","message":"n8n.node.finished","payload":{"workflowId":"kRvD9OE3z6kH5FeG","workflowName":"Nodes Centrais - DIO - 6","executionId":"34","nodeType":"n8n-nodes-base.httpRequest","nodeName":"Consultar cotação do par-moeda","nodeId":"9fe41d87-022a-4b19-a5b9-a0a75b92df60"}}
{"__type":"$$EventMessageConfirm","confirm":"b7f8db45-91a5-4803-97ba-89f00ed5e19a","ts":"2026-01-21T17:08:43.252-03:00","source":{"id":"0","name":"eventBus"}}
{"__type":"$$EventMessageNode","id":"57fe389d-658f-4623-af00-2abff293c9cd","ts":"2026-01-21T17:08:43.255-03:00","eventName":"n8n.node.started","message":"n8n.node.started","payload":{"workflowId":"kRvD9OE3z6kH5FeG","workflowName":"Nodes Centrais - DIO - 6","executionId":"34","nodeType":"n8n-nodes-base.set","nodeName":"Conversão Dolar x Real","nodeId":"b1e8a702-448b-4f03-837c-e07cd81bb360"}}
{"__type":"$$EventMessageConfirm","confirm":"57fe389d-658f-4623-af00-2abff293c9cd","ts":"2026-01-21T17:08:43.255-03:00","source":{"id":"0","name":"eventBus"}}
{"__type":"$$EventMessageNode","id":"272c3c24-1de0-41ed-bbb6-cfc407f87139","ts":"2026-01-21T17:08:43.259-03:00","eventName":"n8n.node.finished","message":"n8n.node.finished","payload":{"workflowId":"kRvD9OE3z6kH5FeG","workflowName":"Nodes Centrais - DIO - 6","executionId":"34","nodeType":"n8n-nodes-base.set","nodeName":"Conversão Dolar x Real","nodeId":"b1e8a702-448b-4f03-837c-e07cd81bb360"}}
{"__type":"$$EventMessageConfirm","confirm":"272c3c24-1de0-41ed-bbb6-cfc407f87139","ts":"2026-01-21T17:08:43.259-03:00","source":{"id":"0","name":"eventBus"}}
{"__type":"$$EventMessageNode","id":"da951c7b-33e5-4999-b410-779bc46381cd","ts":"2026-01-21T17:08:43.261-03:00","eventName":"n8n.node.started","message":"n8n.node.started","payload":{"workflowId":"kRvD9OE3z6kH5FeG","workflowName":"Nodes Centrais - DIO - 6","executionId":"34","nodeType":"n8n-nodes-base.switch","nodeName":"Cotação do Dolar","nodeId":"b00e96cb-9238-47f6-be42-1b4341efb576"}}
{"__type":"$$EventMessageConfirm","confirm":"da951c7b-33e5-4999-b410-779bc46381cd","ts":"2026-01-21T17:08:43.261-03:00","source":{"id":"0","name":"eventBus"}}
{"__type":"$$EventMessageNode","id":"4dc091df-05df-4c56-98b0-a41094f7406b","ts":"2026-01-21T17:08:43.275-03:00","eventName":"n8n.node.finished","message":"n8n.node.finished","payload":{"workflowId":"kRvD9OE3z6kH5FeG","workflowName":"Nodes Centrais - DIO - 6","executionId":"34","nodeType":"n8n-nodes-base.switch","nodeName":"Cotação do Dolar","nodeId":"b00e96cb-9238-47f6-be42-1b4341efb576"}}
{"__type":"$$EventMessageConfirm","confirm":"4dc091df-05df-4c56-98b0-a41094f7406b","ts":"2026-01-21T17:08:43.275-03:00","source":{"id":"0","name":"eventBus"}}
{"__type":"$$EventMessageNode","id":"97e95906-a98f-489b-95e4-9ef52ad6078e","ts":"2026-01-21T17:08:43.277-03:00","eventName":"n8n.node.started","message":"n8n.node.started","payload":{"workflowId":"kRvD9OE3z6kH5FeG","workflowName":"Nodes Centrais - DIO - 6","executionId":"34","nodeType":"n8n-nodes-base.emailSend","nodeName":"Send email","nodeId":"031b7326-3c53-48cc-8c27-fa1c00395a61"}}
{"__type":"$$EventMessageConfirm","confirm":"97e95906-a98f-489b-95e4-9ef52ad6078e","ts":"2026-01-21T17:08:43.278-03:00","source":{"id":"0","name":"eventBus"}}
{"__type":"$$EventMessageNode","id":"47e9ccda-1783-4692-a86a-e93964878da6","ts":"2026-01-21T17:08:47.197-03:00","eventName":"n8n.node.finished","message":"n8n.node.finished","payload":{"workflowId":"kRvD9OE3z6kH5FeG","workflowName":"Nodes Centrais - DIO - 6","executionId":"34","nodeType":"n8n-nodes-base.emailSend","nodeName":"Send email","nodeId":"031b7326-3c53-48cc-8c27-fa1c00395a61"}}
{"__type":"$$EventMessageConfirm","confirm":"47e9ccda-1783-4692-a86a-e93964878da6","ts":"2026-01-21T17:08:47.198-03:00","source":{"id":"0","name":"eventBus"}}
{"__type":"$$EventMessageWorkflow","id":"672199d5-91df-48b8-879f-32a0b851281b","ts":"2026-01-21T17:08:47.210-03:00","eventName":"n8n.workflow.success","message":"n8n.workflow.success","payload":{"executionId":"34","success":true,"isManual":true,"workflowId":"kRvD9OE3z6kH5FeG","workflowName":"Nodes Centrais - DIO - 6"}}
{"__type":"$$EventMessageConfirm","confirm":"672199d5-91df-48b8-879f-32a0b851281b","ts":"2026-01-21T17:08:47.210-03:00","source":{"id":"0","name":"eventBus"}}
{"__type":"$$EventMessageAudit","id":"d3959f14-5d41-4227-95f2-c8690470e0a6","ts":"2026-01-21T17:09:35.642-03:00","eventName":"n8n.audit.workflow.updated","message":"n8n.audit.workflow.updated","payload":{"userId":"0a93214d-7da7-4c6c-a88e-0e126f96f983","_email":"engfabiodesalvi@gmail.com","_firstName":"Fabio","_lastName":"engfabiodesalvi@gmail.com","globalRole":"global:owner","workflowId":"kRvD9OE3z6kH5FeG","workflowName":"Nodes Centrais - DIO - 6","settingsChanged":{"timeSavedMode":{"from":null,"to":"fixed"},"callerPolicy":{"from":null,"to":"workflowsFromSameOwner"}}}}
{"__type":"$$EventMessageConfirm","confirm":"d3959f14-5d41-4227-95f2-c8690470e0a6","ts":"2026-01-21T17:09:35.643-03:00","source":{"id":"0","name":"eventBus"}}
{"__type":"$$EventMessageAudit","id":"f2d500fe-e739-4770-9d13-b9243c23e4b0","ts":"2026-01-21T17:24:38.632-03:00","eventName":"n8n.audit.workflow.created","message":"n8n.audit.workflow.created","payload":{"userId":"0a93214d-7da7-4c6c-a88e-0e126f96f983","_email":"engfabiodesalvi@gmail.com","_firstName":"Fabio","_lastName":"engfabiodesalvi@gmail.com","globalRole":"global:owner","workflowId":"69R69hKgsyjh72sS86nKP","workflowName":"My workflow"}}
{"__type":"$$EventMessageConfirm","confirm":"f2d500fe-e739-4770-9d13-b9243c23e4b0","ts":"2026-01-21T17:24:38.633-03:00","source":{"id":"0","name":"eventBus"}}
{"__type":"$$EventMessageWorkflow","id":"bee60ab9-462e-4e2a-99dd-3b8118292325","ts":"2026-01-21T17:24:38.871-03:00","eventName":"n8n.workflow.started","message":"n8n.workflow.started","payload":{"executionId":"35","workflowId":"69R69hKgsyjh72sS86nKP","isManual":false,"workflowName":"My workflow"}}
{"__type":"$$EventMessageConfirm","confirm":"bee60ab9-462e-4e2a-99dd-3b8118292325","ts":"2026-01-21T17:24:38.872-03:00","source":{"id":"0","name":"eventBus"}}
{"__type":"$$EventMessageNode","id":"705adbe7-b025-4bee-b28d-08adb137c3fb","ts":"2026-01-21T17:24:38.873-03:00","eventName":"n8n.node.started","message":"n8n.node.started","payload":{"workflowId":"69R69hKgsyjh72sS86nKP","workflowName":"My workflow","executionId":"35","nodeType":"n8n-nodes-base.scheduleTrigger","nodeName":"Dispara no dia 21/01/2026 às 6PM","nodeId":"04e82b79-f82c-4417-9ad9-69dd69d35845"}}
{"__type":"$$EventMessageConfirm","confirm":"705adbe7-b025-4bee-b28d-08adb137c3fb","ts":"2026-01-21T17:24:38.873-03:00","source":{"id":"0","name":"eventBus"}}
{"__type":"$$EventMessageNode","id":"66d56928-7052-43f6-aa7a-571f82159369","ts":"2026-01-21T17:24:38.896-03:00","eventName":"n8n.node.finished","message":"n8n.node.finished","payload":{"workflowId":"69R69hKgsyjh72sS86nKP","workflowName":"My workflow","executionId":"35","nodeType":"n8n-nodes-base.scheduleTrigger","nodeName":"Dispara no dia 21/01/2026 às 6PM","nodeId":"04e82b79-f82c-4417-9ad9-69dd69d35845"}}
{"__type":"$$EventMessageConfirm","confirm":"66d56928-7052-43f6-aa7a-571f82159369","ts":"2026-01-21T17:24:38.897-03:00","source":{"id":"0","name":"eventBus"}}
{"__type":"$$EventMessageNode","id":"de175730-80f7-44cc-ae0e-21a75aff3714","ts":"2026-01-21T17:24:38.897-03:00","eventName":"n8n.node.started","message":"n8n.node.started","payload":{"workflowId":"69R69hKgsyjh72sS86nKP","workflowName":"My workflow","executionId":"35","nodeType":"n8n-nodes-base.googleSheets","nodeName":"Obtém candidatos","nodeId":"737aa85f-9690-4e37-b7b3-358bb5c1018f"}}
{"__type":"$$EventMessageConfirm","confirm":"de175730-80f7-44cc-ae0e-21a75aff3714","ts":"2026-01-21T17:24:38.897-03:00","source":{"id":"0","name":"eventBus"}}
{"__type":"$$EventMessageNode","id":"d374add6-7469-4140-9dba-aa5af0fd123a","ts":"2026-01-21T17:24:39.619-03:00","eventName":"n8n.node.finished","message":"n8n.node.finished","payload":{"workflowId":"69R69hKgsyjh72sS86nKP","workflowName":"My workflow","executionId":"35","nodeType":"n8n-nodes-base.googleSheets","nodeName":"Obtém candidatos","nodeId":"737aa85f-9690-4e37-b7b3-358bb5c1018f"}}
{"__type":"$$EventMessageConfirm","confirm":"d374add6-7469-4140-9dba-aa5af0fd123a","ts":"2026-01-21T17:24:39.619-03:00","source":{"id":"0","name":"eventBus"}}
{"__type":"$$EventMessageWorkflow","id":"bc75db7a-3981-4930-85d4-2c2d3c2b13eb","ts":"2026-01-21T17:24:39.625-03:00","eventName":"n8n.workflow.success","message":"n8n.workflow.success","payload":{"userId":"0a93214d-7da7-4c6c-a88e-0e126f96f983","executionId":"35","success":true,"isManual":true,"workflowId":"69R69hKgsyjh72sS86nKP","workflowName":"My workflow"}}
{"__type":"$$EventMessageConfirm","confirm":"bc75db7a-3981-4930-85d4-2c2d3c2b13eb","ts":"2026-01-21T17:24:39.626-03:00","source":{"id":"0","name":"eventBus"}}
{"__type":"$$EventMessageWorkflow","id":"71d83b3b-8180-493c-adb5-236347c0cacc","ts":"2026-01-21T17:26:51.899-03:00","eventName":"n8n.workflow.started","message":"n8n.workflow.started","payload":{"executionId":"36","workflowId":"69R69hKgsyjh72sS86nKP","isManual":false,"workflowName":"My workflow"}}
{"__type":"$$EventMessageConfirm","confirm":"71d83b3b-8180-493c-adb5-236347c0cacc","ts":"2026-01-21T17:26:51.900-03:00","source":{"id":"0","name":"eventBus"}}
{"__type":"$$EventMessageNode","id":"d678038a-4f7e-41b7-a677-a4074f4b83a6","ts":"2026-01-21T17:26:51.903-03:00","eventName":"n8n.node.started","message":"n8n.node.started","payload":{"workflowId":"69R69hKgsyjh72sS86nKP","workflowName":"My workflow","executionId":"36","nodeType":"n8n-nodes-base.if","nodeName":"Candidato aprovado?","nodeId":"84d3b796-8dcc-4598-a73b-3ee54cb91403"}}
{"__type":"$$EventMessageConfirm","confirm":"d678038a-4f7e-41b7-a677-a4074f4b83a6","ts":"2026-01-21T17:26:51.903-03:00","source":{"id":"0","name":"eventBus"}}
{"__type":"$$EventMessageNode","id":"69807c72-500e-48f1-ba02-d9613920a0cf","ts":"2026-01-21T17:26:51.988-03:00","eventName":"n8n.node.finished","message":"n8n.node.finished","payload":{"workflowId":"69R69hKgsyjh72sS86nKP","workflowName":"My workflow","executionId":"36","nodeType":"n8n-nodes-base.if","nodeName":"Candidato aprovado?","nodeId":"84d3b796-8dcc-4598-a73b-3ee54cb91403"}}
{"__type":"$$EventMessageConfirm","confirm":"69807c72-500e-48f1-ba02-d9613920a0cf","ts":"2026-01-21T17:26:51.989-03:00","source":{"id":"0","name":"eventBus"}}
{"__type":"$$EventMessageWorkflow","id":"d4cb3af2-5dc1-44f5-9c0f-3c340c4da6b8","ts":"2026-01-21T17:26:52.000-03:00","eventName":"n8n.workflow.success","message":"n8n.workflow.success","payload":{"userId":"0a93214d-7da7-4c6c-a88e-0e126f96f983","executionId":"36","success":true,"isManual":true,"workflowId":"69R69hKgsyjh72sS86nKP","workflowName":"My workflow"}}
{"__type":"$$EventMessageConfirm","confirm":"d4cb3af2-5dc1-44f5-9c0f-3c340c4da6b8","ts":"2026-01-21T17:26:52.022-03:00","source":{"id":"0","name":"eventBus"}}
{"__type":"$$EventMessageWorkflow","id":"1fd054f1-0e19-4dbb-8e05-f7f02c4af7f6","ts":"2026-01-21T17:29:28.002-03:00","eventName":"n8n.workflow.started","message":"n8n.workflow.started","payload":{"executionId":"37","workflowId":"69R69hKgsyjh72sS86nKP","isManual":false,"workflowName":"My workflow"}}
{"__type":"$$EventMessageConfirm","confirm":"1fd054f1-0e19-4dbb-8e05-f7f02c4af7f6","ts":"2026-01-21T17:29:28.003-03:00","source":{"id":"0","name":"eventBus"}}
{"__type":"$$EventMessageNode","id":"69013c89-88c4-429c-9aff-69ba60a149ab","ts":"2026-01-21T17:29:28.011-03:00","eventName":"n8n.node.started","message":"n8n.node.started","payload":{"workflowId":"69R69hKgsyjh72sS86nKP","workflowName":"My workflow","executionId":"37","nodeType":"n8n-nodes-base.splitInBatches","nodeName":"Para cada candidato","nodeId":"d33b8e09-a71e-42aa-93f5-ccceb95c8e18"}}
{"__type":"$$EventMessageConfirm","confirm":"69013c89-88c4-429c-9aff-69ba60a149ab","ts":"2026-01-21T17:29:28.012-03:00","source":{"id":"0","name":"eventBus"}}
{"__type":"$$EventMessageNode","id":"7bb88ebf-3483-4931-853d-67b3ac034887","ts":"2026-01-21T17:29:28.015-03:00","eventName":"n8n.node.finished","message":"n8n.node.finished","payload":{"workflowId":"69R69hKgsyjh72sS86nKP","workflowName":"My workflow","executionId":"37","nodeType":"n8n-nodes-base.splitInBatches","nodeName":"Para cada candidato","nodeId":"d33b8e09-a71e-42aa-93f5-ccceb95c8e18"}}
{"__type":"$$EventMessageConfirm","confirm":"7bb88ebf-3483-4931-853d-67b3ac034887","ts":"2026-01-21T17:29:28.016-03:00","source":{"id":"0","name":"eventBus"}}
{"__type":"$$EventMessageNode","id":"6f3e21da-441a-4e37-be61-98810e72ffa1","ts":"2026-01-21T17:29:28.022-03:00","eventName":"n8n.node.started","message":"n8n.node.started","payload":{"workflowId":"69R69hKgsyjh72sS86nKP","workflowName":"My workflow","executionId":"37","nodeType":"n8n-nodes-base.noOp","nodeName":"Replace Me","nodeId":"7105f268-732e-4e86-b278-bde66e1fc25f"}}
{"__type":"$$EventMessageConfirm","confirm":"6f3e21da-441a-4e37-be61-98810e72ffa1","ts":"2026-01-21T17:29:28.023-03:00","source":{"id":"0","name":"eventBus"}}
{"__type":"$$EventMessageNode","id":"bf547d0f-b1b3-4bc3-8a28-418b40d52928","ts":"2026-01-21T17:29:28.024-03:00","eventName":"n8n.node.finished","message":"n8n.node.finished","payload":{"workflowId":"69R69hKgsyjh72sS86nKP","workflowName":"My workflow","executionId":"37","nodeType":"n8n-nodes-base.noOp","nodeName":"Replace Me","nodeId":"7105f268-732e-4e86-b278-bde66e1fc25f"}}
{"__type":"$$EventMessageConfirm","confirm":"bf547d0f-b1b3-4bc3-8a28-418b40d52928","ts":"2026-01-21T17:29:28.024-03:00","source":{"id":"0","name":"eventBus"}}
{"__type":"$$EventMessageNode","id":"3b3ab809-a991-4cb8-a99c-f762881f2e5b","ts":"2026-01-21T17:29:28.031-03:00","eventName":"n8n.node.started","message":"n8n.node.started","payload":{"workflowId":"69R69hKgsyjh72sS86nKP","workflowName":"My workflow","executionId":"37","nodeType":"n8n-nodes-base.splitInBatches","nodeName":"Para cada candidato","nodeId":"d33b8e09-a71e-42aa-93f5-ccceb95c8e18"}}
{"__type":"$$EventMessageConfirm","confirm":"3b3ab809-a991-4cb8-a99c-f762881f2e5b","ts":"2026-01-21T17:29:28.031-03:00","source":{"id":"0","name":"eventBus"}}
{"__type":"$$EventMessageNode","id":"89daef57-c3e7-4326-a94f-9fdd3e21c60e","ts":"2026-01-21T17:29:28.032-03:00","eventName":"n8n.node.finished","message":"n8n.node.finished","payload":{"workflowId":"69R69hKgsyjh72sS86nKP","workflowName":"My workflow","executionId":"37","nodeType":"n8n-nodes-base.splitInBatches","nodeName":"Para cada candidato","nodeId":"d33b8e09-a71e-42aa-93f5-ccceb95c8e18"}}
{"__type":"$$EventMessageConfirm","confirm":"89daef57-c3e7-4326-a94f-9fdd3e21c60e","ts":"2026-01-21T17:29:28.033-03:00","source":{"id":"0","name":"eventBus"}}
{"__type":"$$EventMessageNode","id":"27a7413b-d8b5-43ca-ac96-1d490e28e67b","ts":"2026-01-21T17:29:28.039-03:00","eventName":"n8n.node.started","message":"n8n.node.started","payload":{"workflowId":"69R69hKgsyjh72sS86nKP","workflowName":"My workflow","executionId":"37","nodeType":"n8n-nodes-base.noOp","nodeName":"Replace Me","nodeId":"7105f268-732e-4e86-b278-bde66e1fc25f"}}
{"__type":"$$EventMessageConfirm","confirm":"27a7413b-d8b5-43ca-ac96-1d490e28e67b","ts":"2026-01-21T17:29:28.040-03:00","source":{"id":"0","name":"eventBus"}}
{"__type":"$$EventMessageNode","id":"172a0f76-6892-4905-922e-575459991e2c","ts":"2026-01-21T17:29:28.041-03:00","eventName":"n8n.node.finished","message":"n8n.node.finished","payload":{"workflowId":"69R69hKgsyjh72sS86nKP","workflowName":"My workflow","executionId":"37","nodeType":"n8n-nodes-base.noOp","nodeName":"Replace Me","nodeId":"7105f268-732e-4e86-b278-bde66e1fc25f"}}
{"__type":"$$EventMessageConfirm","confirm":"172a0f76-6892-4905-922e-575459991e2c","ts":"2026-01-21T17:29:28.041-03:00","source":{"id":"0","name":"eventBus"}}
{"__type":"$$EventMessageNode","id":"435dbb04-2419-4644-963f-5e82c8aed759","ts":"2026-01-21T17:29:28.048-03:00","eventName":"n8n.node.started","message":"n8n.node.started","payload":{"workflowId":"69R69hKgsyjh72sS86nKP","workflowName":"My workflow","executionId":"37","nodeType":"n8n-nodes-base.splitInBatches","nodeName":"Para cada candidato","nodeId":"d33b8e09-a71e-42aa-93f5-ccceb95c8e18"}}
{"__type":"$$EventMessageConfirm","confirm":"435dbb04-2419-4644-963f-5e82c8aed759","ts":"2026-01-21T17:29:28.048-03:00","source":{"id":"0","name":"eventBus"}}
{"__type":"$$EventMessageNode","id":"75c8fb6d-d3ad-40da-af51-813fc9c212c9","ts":"2026-01-21T17:29:28.049-03:00","eventName":"n8n.node.finished","message":"n8n.node.finished","payload":{"workflowId":"69R69hKgsyjh72sS86nKP","workflowName":"My workflow","executionId":"37","nodeType":"n8n-nodes-base.splitInBatches","nodeName":"Para cada candidato","nodeId":"d33b8e09-a71e-42aa-93f5-ccceb95c8e18"}}
{"__type":"$$EventMessageConfirm","confirm":"75c8fb6d-d3ad-40da-af51-813fc9c212c9","ts":"2026-01-21T17:29:28.049-03:00","source":{"id":"0","name":"eventBus"}}
{"__type":"$$EventMessageNode","id":"536d0194-2a01-4328-ab16-5017f2032a34","ts":"2026-01-21T17:29:28.055-03:00","eventName":"n8n.node.started","message":"n8n.node.started","payload":{"workflowId":"69R69hKgsyjh72sS86nKP","workflowName":"My workflow","executionId":"37","nodeType":"n8n-nodes-base.emailSend","nodeName":"Envia email de aprovação","nodeId":"f3824e49-7e50-4886-a801-72831619ef40"}}
{"__type":"$$EventMessageConfirm","confirm":"536d0194-2a01-4328-ab16-5017f2032a34","ts":"2026-01-21T17:29:28.055-03:00","source":{"id":"0","name":"eventBus"}}
{"__type":"$$EventMessageNode","id":"cf5df609-3c9d-4e22-b6ac-c661dba94eed","ts":"2026-01-21T17:29:33.363-03:00","eventName":"n8n.node.finished","message":"n8n.node.finished","payload":{"workflowId":"69R69hKgsyjh72sS86nKP","workflowName":"My workflow","executionId":"37","nodeType":"n8n-nodes-base.emailSend","nodeName":"Envia email de aprovação","nodeId":"f3824e49-7e50-4886-a801-72831619ef40"}}
{"__type":"$$EventMessageConfirm","confirm":"cf5df609-3c9d-4e22-b6ac-c661dba94eed","ts":"2026-01-21T17:29:33.364-03:00","source":{"id":"0","name":"eventBus"}}
{"__type":"$$EventMessageNode","id":"0abb49bd-821e-4855-95c1-5eea45522ad9","ts":"2026-01-21T17:29:33.366-03:00","eventName":"n8n.node.started","message":"n8n.node.started","payload":{"workflowId":"69R69hKgsyjh72sS86nKP","workflowName":"My workflow","executionId":"37","nodeType":"n8n-nodes-base.emailSend","nodeName":"Envia email de aprovação","nodeId":"f3824e49-7e50-4886-a801-72831619ef40"}}
{"__type":"$$EventMessageConfirm","confirm":"0abb49bd-821e-4855-95c1-5eea45522ad9","ts":"2026-01-21T17:29:33.366-03:00","source":{"id":"0","name":"eventBus"}}
{"__type":"$$EventMessageNode","id":"f63b4d74-f2a8-4ef5-8caa-93221bfdeb4f","ts":"2026-01-21T17:29:37.459-03:00","eventName":"n8n.node.finished","message":"n8n.node.finished","payload":{"workflowId":"69R69hKgsyjh72sS86nKP","workflowName":"My workflow","executionId":"37","nodeType":"n8n-nodes-base.emailSend","nodeName":"Envia email de aprovação","nodeId":"f3824e49-7e50-4886-a801-72831619ef40"}}
{"__type":"$$EventMessageConfirm","confirm":"f63b4d74-f2a8-4ef5-8caa-93221bfdeb4f","ts":"2026-01-21T17:29:37.459-03:00","source":{"id":"0","name":"eventBus"}}
{"__type":"$$EventMessageWorkflow","id":"e1e933b1-c39d-417a-901e-34ad51764c82","ts":"2026-01-21T17:29:37.466-03:00","eventName":"n8n.workflow.success","message":"n8n.workflow.success","payload":{"userId":"0a93214d-7da7-4c6c-a88e-0e126f96f983","executionId":"37","success":true,"isManual":true,"workflowId":"69R69hKgsyjh72sS86nKP","workflowName":"My workflow"}}
{"__type":"$$EventMessageConfirm","confirm":"e1e933b1-c39d-417a-901e-34ad51764c82","ts":"2026-01-21T17:29:37.466-03:00","source":{"id":"0","name":"eventBus"}}
{"__type":"$$EventMessageWorkflow","id":"17577cc2-eec2-4338-94b1-3cc3762fe71d","ts":"2026-01-21T17:34:13.609-03:00","eventName":"n8n.workflow.started","message":"n8n.workflow.started","payload":{"executionId":"38","workflowId":"69R69hKgsyjh72sS86nKP","isManual":false,"workflowName":"My workflow"}}
{"__type":"$$EventMessageConfirm","confirm":"17577cc2-eec2-4338-94b1-3cc3762fe71d","ts":"2026-01-21T17:34:13.610-03:00","source":{"id":"0","name":"eventBus"}}
{"__type":"$$EventMessageNode","id":"33d20a00-aad7-44c7-8164-2ef50223f2de","ts":"2026-01-21T17:34:13.613-03:00","eventName":"n8n.node.started","message":"n8n.node.started","payload":{"workflowId":"69R69hKgsyjh72sS86nKP","workflowName":"My workflow","executionId":"38","nodeType":"n8n-nodes-base.scheduleTrigger","nodeName":"Dispara no dia 21/01/2026 às 6PM","nodeId":"04e82b79-f82c-4417-9ad9-69dd69d35845"}}
{"__type":"$$EventMessageConfirm","confirm":"33d20a00-aad7-44c7-8164-2ef50223f2de","ts":"2026-01-21T17:34:13.613-03:00","source":{"id":"0","name":"eventBus"}}
{"__type":"$$EventMessageNode","id":"cf138c7d-8d6e-4a5e-9f92-745cdb99485f","ts":"2026-01-21T17:34:13.626-03:00","eventName":"n8n.node.finished","message":"n8n.node.finished","payload":{"workflowId":"69R69hKgsyjh72sS86nKP","workflowName":"My workflow","executionId":"38","nodeType":"n8n-nodes-base.scheduleTrigger","nodeName":"Dispara no dia 21/01/2026 às 6PM","nodeId":"04e82b79-f82c-4417-9ad9-69dd69d35845"}}
{"__type":"$$EventMessageConfirm","confirm":"cf138c7d-8d6e-4a5e-9f92-745cdb99485f","ts":"2026-01-21T17:34:13.626-03:00","source":{"id":"0","name":"eventBus"}}
{"__type":"$$EventMessageNode","id":"d840267c-df3c-4ff4-9c1e-19e87b9de2b7","ts":"2026-01-21T17:34:13.627-03:00","eventName":"n8n.node.started","message":"n8n.node.started","payload":{"workflowId":"69R69hKgsyjh72sS86nKP","workflowName":"My workflow","executionId":"38","nodeType":"n8n-nodes-base.googleSheets","nodeName":"Obtém candidatos","nodeId":"737aa85f-9690-4e37-b7b3-358bb5c1018f"}}
{"__type":"$$EventMessageConfirm","confirm":"d840267c-df3c-4ff4-9c1e-19e87b9de2b7","ts":"2026-01-21T17:34:13.628-03:00","source":{"id":"0","name":"eventBus"}}
{"__type":"$$EventMessageNode","id":"2db8bb28-574a-4dac-899b-e716f68165ae","ts":"2026-01-21T17:34:14.782-03:00","eventName":"n8n.node.finished","message":"n8n.node.finished","payload":{"workflowId":"69R69hKgsyjh72sS86nKP","workflowName":"My workflow","executionId":"38","nodeType":"n8n-nodes-base.googleSheets","nodeName":"Obtém candidatos","nodeId":"737aa85f-9690-4e37-b7b3-358bb5c1018f"}}
{"__type":"$$EventMessageConfirm","confirm":"2db8bb28-574a-4dac-899b-e716f68165ae","ts":"2026-01-21T17:34:14.782-03:00","source":{"id":"0","name":"eventBus"}}
{"__type":"$$EventMessageNode","id":"c7cca7ed-942a-4c92-acd5-55e48b722f1e","ts":"2026-01-21T17:34:14.783-03:00","eventName":"n8n.node.started","message":"n8n.node.started","payload":{"workflowId":"69R69hKgsyjh72sS86nKP","workflowName":"My workflow","executionId":"38","nodeType":"n8n-nodes-base.if","nodeName":"Candidato aprovado?","nodeId":"84d3b796-8dcc-4598-a73b-3ee54cb91403"}}
{"__type":"$$EventMessageConfirm","confirm":"c7cca7ed-942a-4c92-acd5-55e48b722f1e","ts":"2026-01-21T17:34:14.784-03:00","source":{"id":"0","name":"eventBus"}}
{"__type":"$$EventMessageNode","id":"e6016326-cdf3-40a2-b4f5-883eabe151eb","ts":"2026-01-21T17:34:14.795-03:00","eventName":"n8n.node.finished","message":"n8n.node.finished","payload":{"workflowId":"69R69hKgsyjh72sS86nKP","workflowName":"My workflow","executionId":"38","nodeType":"n8n-nodes-base.if","nodeName":"Candidato aprovado?","nodeId":"84d3b796-8dcc-4598-a73b-3ee54cb91403"}}
{"__type":"$$EventMessageConfirm","confirm":"e6016326-cdf3-40a2-b4f5-883eabe151eb","ts":"2026-01-21T17:34:14.795-03:00","source":{"id":"0","name":"eventBus"}}
{"__type":"$$EventMessageNode","id":"12b491e4-a426-4517-a8c1-897a499fbfcf","ts":"2026-01-21T17:34:14.796-03:00","eventName":"n8n.node.started","message":"n8n.node.started","payload":{"workflowId":"69R69hKgsyjh72sS86nKP","workflowName":"My workflow","executionId":"38","nodeType":"n8n-nodes-base.splitInBatches","nodeName":"Para cada candidato","nodeId":"d33b8e09-a71e-42aa-93f5-ccceb95c8e18"}}
{"__type":"$$EventMessageConfirm","confirm":"12b491e4-a426-4517-a8c1-897a499fbfcf","ts":"2026-01-21T17:34:14.796-03:00","source":{"id":"0","name":"eventBus"}}
{"__type":"$$EventMessageNode","id":"be132f7e-053c-4f09-b82b-475c8fcc670d","ts":"2026-01-21T17:34:14.797-03:00","eventName":"n8n.node.finished","message":"n8n.node.finished","payload":{"workflowId":"69R69hKgsyjh72sS86nKP","workflowName":"My workflow","executionId":"38","nodeType":"n8n-nodes-base.splitInBatches","nodeName":"Para cada candidato","nodeId":"d33b8e09-a71e-42aa-93f5-ccceb95c8e18"}}
{"__type":"$$EventMessageConfirm","confirm":"be132f7e-053c-4f09-b82b-475c8fcc670d","ts":"2026-01-21T17:34:14.798-03:00","source":{"id":"0","name":"eventBus"}}
{"__type":"$$EventMessageNode","id":"c7aa3ea0-7f05-4a2d-8cf8-fbb54fc6ca5b","ts":"2026-01-21T17:34:14.799-03:00","eventName":"n8n.node.started","message":"n8n.node.started","payload":{"workflowId":"69R69hKgsyjh72sS86nKP","workflowName":"My workflow","executionId":"38","nodeType":"n8n-nodes-base.emailSend","nodeName":"Envia email de aprovação","nodeId":"f3824e49-7e50-4886-a801-72831619ef40"}}
{"__type":"$$EventMessageConfirm","confirm":"c7aa3ea0-7f05-4a2d-8cf8-fbb54fc6ca5b","ts":"2026-01-21T17:34:14.799-03:00","source":{"id":"0","name":"eventBus"}}
{"__type":"$$EventMessageNode","id":"63993640-5b62-4486-9b6a-80f2b9aa27e6","ts":"2026-01-21T17:34:18.520-03:00","eventName":"n8n.node.finished","message":"n8n.node.finished","payload":{"workflowId":"69R69hKgsyjh72sS86nKP","workflowName":"My workflow","executionId":"38","nodeType":"n8n-nodes-base.emailSend","nodeName":"Envia email de aprovação","nodeId":"f3824e49-7e50-4886-a801-72831619ef40"}}
{"__type":"$$EventMessageConfirm","confirm":"63993640-5b62-4486-9b6a-80f2b9aa27e6","ts":"2026-01-21T17:34:18.520-03:00","source":{"id":"0","name":"eventBus"}}
{"__type":"$$EventMessageNode","id":"daf38537-e59f-4290-89f9-40115f12c038","ts":"2026-01-21T17:34:18.521-03:00","eventName":"n8n.node.started","message":"n8n.node.started","payload":{"workflowId":"69R69hKgsyjh72sS86nKP","workflowName":"My workflow","executionId":"38","nodeType":"n8n-nodes-base.wait","nodeName":"Aguardar 5s","nodeId":"d4e412ec-a91b-4950-a555-a8e665ce0f15"}}
{"__type":"$$EventMessageConfirm","confirm":"daf38537-e59f-4290-89f9-40115f12c038","ts":"2026-01-21T17:34:18.522-03:00","source":{"id":"0","name":"eventBus"}}
{"__type":"$$EventMessageNode","id":"6be11793-8b56-48bf-a341-16101a0b39dc","ts":"2026-01-21T17:34:23.525-03:00","eventName":"n8n.node.finished","message":"n8n.node.finished","payload":{"workflowId":"69R69hKgsyjh72sS86nKP","workflowName":"My workflow","executionId":"38","nodeType":"n8n-nodes-base.wait","nodeName":"Aguardar 5s","nodeId":"d4e412ec-a91b-4950-a555-a8e665ce0f15"}}
{"__type":"$$EventMessageConfirm","confirm":"6be11793-8b56-48bf-a341-16101a0b39dc","ts":"2026-01-21T17:34:23.526-03:00","source":{"id":"0","name":"eventBus"}}
{"__type":"$$EventMessageNode","id":"c8d34432-84e3-4f6d-b99b-cacf209b2f4f","ts":"2026-01-21T17:34:23.527-03:00","eventName":"n8n.node.started","message":"n8n.node.started","payload":{"workflowId":"69R69hKgsyjh72sS86nKP","workflowName":"My workflow","executionId":"38","nodeType":"n8n-nodes-base.splitInBatches","nodeName":"Para cada candidato","nodeId":"d33b8e09-a71e-42aa-93f5-ccceb95c8e18"}}
{"__type":"$$EventMessageConfirm","confirm":"c8d34432-84e3-4f6d-b99b-cacf209b2f4f","ts":"2026-01-21T17:34:23.527-03:00","source":{"id":"0","name":"eventBus"}}
{"__type":"$$EventMessageNode","id":"05837482-5cd9-4587-927f-fa3ed296e0be","ts":"2026-01-21T17:34:23.528-03:00","eventName":"n8n.node.finished","message":"n8n.node.finished","payload":{"workflowId":"69R69hKgsyjh72sS86nKP","workflowName":"My workflow","executionId":"38","nodeType":"n8n-nodes-base.splitInBatches","nodeName":"Para cada candidato","nodeId":"d33b8e09-a71e-42aa-93f5-ccceb95c8e18"}}
{"__type":"$$EventMessageConfirm","confirm":"05837482-5cd9-4587-927f-fa3ed296e0be","ts":"2026-01-21T17:34:23.528-03:00","source":{"id":"0","name":"eventBus"}}
{"__type":"$$EventMessageNode","id":"d0367da3-83a3-4592-962f-5467dc39ac11","ts":"2026-01-21T17:34:23.529-03:00","eventName":"n8n.node.started","message":"n8n.node.started","payload":{"workflowId":"69R69hKgsyjh72sS86nKP","workflowName":"My workflow","executionId":"38","nodeType":"n8n-nodes-base.emailSend","nodeName":"Envia email de aprovação","nodeId":"f3824e49-7e50-4886-a801-72831619ef40"}}
{"__type":"$$EventMessageConfirm","confirm":"d0367da3-83a3-4592-962f-5467dc39ac11","ts":"2026-01-21T17:34:23.529-03:00","source":{"id":"0","name":"eventBus"}}
{"__type":"$$EventMessageNode","id":"1e608158-1907-4837-bbe7-c226cdf68bb0","ts":"2026-01-21T17:34:27.129-03:00","eventName":"n8n.node.finished","message":"n8n.node.finished","payload":{"workflowId":"69R69hKgsyjh72sS86nKP","workflowName":"My workflow","executionId":"38","nodeType":"n8n-nodes-base.emailSend","nodeName":"Envia email de aprovação","nodeId":"f3824e49-7e50-4886-a801-72831619ef40"}}
{"__type":"$$EventMessageConfirm","confirm":"1e608158-1907-4837-bbe7-c226cdf68bb0","ts":"2026-01-21T17:34:27.130-03:00","source":{"id":"0","name":"eventBus"}}
{"__type":"$$EventMessageNode","id":"3ab974b1-d75c-42ca-8e25-7dd85ce1560b","ts":"2026-01-21T17:34:27.131-03:00","eventName":"n8n.node.started","message":"n8n.node.started","payload":{"workflowId":"69R69hKgsyjh72sS86nKP","workflowName":"My workflow","executionId":"38","nodeType":"n8n-nodes-base.wait","nodeName":"Aguardar 5s","nodeId":"d4e412ec-a91b-4950-a555-a8e665ce0f15"}}
{"__type":"$$EventMessageConfirm","confirm":"3ab974b1-d75c-42ca-8e25-7dd85ce1560b","ts":"2026-01-21T17:34:27.132-03:00","source":{"id":"0","name":"eventBus"}}
{"__type":"$$EventMessageNode","id":"e4dedeb9-9cce-4395-98cf-8ba6c9ba5e56","ts":"2026-01-21T17:34:32.132-03:00","eventName":"n8n.node.finished","message":"n8n.node.finished","payload":{"workflowId":"69R69hKgsyjh72sS86nKP","workflowName":"My workflow","executionId":"38","nodeType":"n8n-nodes-base.wait","nodeName":"Aguardar 5s","nodeId":"d4e412ec-a91b-4950-a555-a8e665ce0f15"}}
{"__type":"$$EventMessageConfirm","confirm":"e4dedeb9-9cce-4395-98cf-8ba6c9ba5e56","ts":"2026-01-21T17:34:32.132-03:00","source":{"id":"0","name":"eventBus"}}
{"__type":"$$EventMessageNode","id":"b1007419-336a-4fbc-9ae4-179522054d1d","ts":"2026-01-21T17:34:32.133-03:00","eventName":"n8n.node.started","message":"n8n.node.started","payload":{"workflowId":"69R69hKgsyjh72sS86nKP","workflowName":"My workflow","executionId":"38","nodeType":"n8n-nodes-base.splitInBatches","nodeName":"Para cada candidato","nodeId":"d33b8e09-a71e-42aa-93f5-ccceb95c8e18"}}
{"__type":"$$EventMessageConfirm","confirm":"b1007419-336a-4fbc-9ae4-179522054d1d","ts":"2026-01-21T17:34:32.133-03:00","source":{"id":"0","name":"eventBus"}}
{"__type":"$$EventMessageNode","id":"4b132ee8-42e8-4123-ba42-b2baf093bd75","ts":"2026-01-21T17:34:32.134-03:00","eventName":"n8n.node.finished","message":"n8n.node.finished","payload":{"workflowId":"69R69hKgsyjh72sS86nKP","workflowName":"My workflow","executionId":"38","nodeType":"n8n-nodes-base.splitInBatches","nodeName":"Para cada candidato","nodeId":"d33b8e09-a71e-42aa-93f5-ccceb95c8e18"}}
{"__type":"$$EventMessageConfirm","confirm":"4b132ee8-42e8-4123-ba42-b2baf093bd75","ts":"2026-01-21T17:34:32.135-03:00","source":{"id":"0","name":"eventBus"}}
{"__type":"$$EventMessageWorkflow","id":"0ede801a-359d-47df-a0f0-f32105c67df4","ts":"2026-01-21T17:34:32.143-03:00","eventName":"n8n.workflow.success","message":"n8n.workflow.success","payload":{"userId":"0a93214d-7da7-4c6c-a88e-0e126f96f983","executionId":"38","success":true,"isManual":true,"workflowId":"69R69hKgsyjh72sS86nKP","workflowName":"My workflow"}}
{"__type":"$$EventMessageConfirm","confirm":"0ede801a-359d-47df-a0f0-f32105c67df4","ts":"2026-01-21T17:34:32.143-03:00","source":{"id":"0","name":"eventBus"}}
{"__type":"$$EventMessageAudit","id":"d68f0ca4-3247-40ec-85a6-1f27b8b5b2ec","ts":"2026-01-21T17:34:51.484-03:00","eventName":"n8n.audit.workflow.updated","message":"n8n.audit.workflow.updated","payload":{"userId":"0a93214d-7da7-4c6c-a88e-0e126f96f983","_email":"engfabiodesalvi@gmail.com","_firstName":"Fabio","_lastName":"engfabiodesalvi@gmail.com","globalRole":"global:owner","workflowId":"69R69hKgsyjh72sS86nKP","workflowName":"Processo Seletivo RH - Parte 1"}}
{"__type":"$$EventMessageConfirm","confirm":"d68f0ca4-3247-40ec-85a6-1f27b8b5b2ec","ts":"2026-01-21T17:34:51.484-03:00","source":{"id":"0","name":"eventBus"}}
{"__type":"$$EventMessageAudit","id":"93cce2bd-690b-4a67-9a31-74f838f062ec","ts":"2026-01-21T17:35:30.594-03:00","eventName":"n8n.audit.workflow.updated","message":"n8n.audit.workflow.updated","payload":{"userId":"0a93214d-7da7-4c6c-a88e-0e126f96f983","_email":"engfabiodesalvi@gmail.com","_firstName":"Fabio","_lastName":"engfabiodesalvi@gmail.com","globalRole":"global:owner","workflowId":"69R69hKgsyjh72sS86nKP","workflowName":"Processo Seletivo RH - Parte 1"}}
{"__type":"$$EventMessageConfirm","confirm":"93cce2bd-690b-4a67-9a31-74f838f062ec","ts":"2026-01-21T17:35:30.596-03:00","source":{"id":"0","name":"eventBus"}}
{"__type":"$$EventMessageWorkflow","id":"473c2158-6796-4a29-84cf-a7224d6c3bae","ts":"2026-01-21T17:35:31.827-03:00","eventName":"n8n.workflow.started","message":"n8n.workflow.started","payload":{"executionId":"39","workflowId":"69R69hKgsyjh72sS86nKP","isManual":false,"workflowName":"Processo Seletivo RH - Parte 1"}}
{"__type":"$$EventMessageConfirm","confirm":"473c2158-6796-4a29-84cf-a7224d6c3bae","ts":"2026-01-21T17:35:31.828-03:00","source":{"id":"0","name":"eventBus"}}
{"__type":"$$EventMessageNode","id":"b143d73e-1725-4c95-a0da-c0cd52e16241","ts":"2026-01-21T17:35:31.832-03:00","eventName":"n8n.node.started","message":"n8n.node.started","payload":{"workflowId":"69R69hKgsyjh72sS86nKP","workflowName":"Processo Seletivo RH - Parte 1","executionId":"39","nodeType":"n8n-nodes-base.scheduleTrigger","nodeName":"Dispara no dia 21/01/2026 às 6PM","nodeId":"04e82b79-f82c-4417-9ad9-69dd69d35845"}}
{"__type":"$$EventMessageConfirm","confirm":"b143d73e-1725-4c95-a0da-c0cd52e16241","ts":"2026-01-21T17:35:31.832-03:00","source":{"id":"0","name":"eventBus"}}
{"__type":"$$EventMessageNode","id":"0849e912-5349-4725-9936-e2bdde40ff2a","ts":"2026-01-21T17:35:31.844-03:00","eventName":"n8n.node.finished","message":"n8n.node.finished","payload":{"workflowId":"69R69hKgsyjh72sS86nKP","workflowName":"Processo Seletivo RH - Parte 1","executionId":"39","nodeType":"n8n-nodes-base.scheduleTrigger","nodeName":"Dispara no dia 21/01/2026 às 6PM","nodeId":"04e82b79-f82c-4417-9ad9-69dd69d35845"}}
{"__type":"$$EventMessageConfirm","confirm":"0849e912-5349-4725-9936-e2bdde40ff2a","ts":"2026-01-21T17:35:31.845-03:00","source":{"id":"0","name":"eventBus"}}
{"__type":"$$EventMessageNode","id":"5df43a3e-a994-4d2a-8768-da972151e527","ts":"2026-01-21T17:35:31.846-03:00","eventName":"n8n.node.started","message":"n8n.node.started","payload":{"workflowId":"69R69hKgsyjh72sS86nKP","workflowName":"Processo Seletivo RH - Parte 1","executionId":"39","nodeType":"n8n-nodes-base.googleSheets","nodeName":"Obtém candidatos","nodeId":"737aa85f-9690-4e37-b7b3-358bb5c1018f"}}
{"__type":"$$EventMessageConfirm","confirm":"5df43a3e-a994-4d2a-8768-da972151e527","ts":"2026-01-21T17:35:31.846-03:00","source":{"id":"0","name":"eventBus"}}
{"__type":"$$EventMessageNode","id":"9abf99ff-004d-4b9b-868e-897aa3d9c3a1","ts":"2026-01-21T17:35:32.617-03:00","eventName":"n8n.node.finished","message":"n8n.node.finished","payload":{"workflowId":"69R69hKgsyjh72sS86nKP","workflowName":"Processo Seletivo RH - Parte 1","executionId":"39","nodeType":"n8n-nodes-base.googleSheets","nodeName":"Obtém candidatos","nodeId":"737aa85f-9690-4e37-b7b3-358bb5c1018f"}}
{"__type":"$$EventMessageConfirm","confirm":"9abf99ff-004d-4b9b-868e-897aa3d9c3a1","ts":"2026-01-21T17:35:32.617-03:00","source":{"id":"0","name":"eventBus"}}
{"__type":"$$EventMessageNode","id":"370a4d13-27f4-4c2a-b07a-84ee0130cddc","ts":"2026-01-21T17:35:32.618-03:00","eventName":"n8n.node.started","message":"n8n.node.started","payload":{"workflowId":"69R69hKgsyjh72sS86nKP","workflowName":"Processo Seletivo RH - Parte 1","executionId":"39","nodeType":"n8n-nodes-base.if","nodeName":"Candidato aprovado?","nodeId":"84d3b796-8dcc-4598-a73b-3ee54cb91403"}}
{"__type":"$$EventMessageConfirm","confirm":"370a4d13-27f4-4c2a-b07a-84ee0130cddc","ts":"2026-01-21T17:35:32.618-03:00","source":{"id":"0","name":"eventBus"}}
{"__type":"$$EventMessageNode","id":"e37ccef4-cc94-4865-ae30-31d1e3407ec7","ts":"2026-01-21T17:35:32.630-03:00","eventName":"n8n.node.finished","message":"n8n.node.finished","payload":{"workflowId":"69R69hKgsyjh72sS86nKP","workflowName":"Processo Seletivo RH - Parte 1","executionId":"39","nodeType":"n8n-nodes-base.if","nodeName":"Candidato aprovado?","nodeId":"84d3b796-8dcc-4598-a73b-3ee54cb91403"}}
{"__type":"$$EventMessageConfirm","confirm":"e37ccef4-cc94-4865-ae30-31d1e3407ec7","ts":"2026-01-21T17:35:32.630-03:00","source":{"id":"0","name":"eventBus"}}
{"__type":"$$EventMessageNode","id":"59660391-e89c-40e9-87d5-70411b122b00","ts":"2026-01-21T17:35:32.631-03:00","eventName":"n8n.node.started","message":"n8n.node.started","payload":{"workflowId":"69R69hKgsyjh72sS86nKP","workflowName":"Processo Seletivo RH - Parte 1","executionId":"39","nodeType":"n8n-nodes-base.splitInBatches","nodeName":"Para cada candidato","nodeId":"d33b8e09-a71e-42aa-93f5-ccceb95c8e18"}}
{"__type":"$$EventMessageConfirm","confirm":"59660391-e89c-40e9-87d5-70411b122b00","ts":"2026-01-21T17:35:32.631-03:00","source":{"id":"0","name":"eventBus"}}
{"__type":"$$EventMessageNode","id":"84563750-0753-4689-828b-8dd121b0945a","ts":"2026-01-21T17:35:32.632-03:00","eventName":"n8n.node.finished","message":"n8n.node.finished","payload":{"workflowId":"69R69hKgsyjh72sS86nKP","workflowName":"Processo Seletivo RH - Parte 1","executionId":"39","nodeType":"n8n-nodes-base.splitInBatches","nodeName":"Para cada candidato","nodeId":"d33b8e09-a71e-42aa-93f5-ccceb95c8e18"}}
{"__type":"$$EventMessageConfirm","confirm":"84563750-0753-4689-828b-8dd121b0945a","ts":"2026-01-21T17:35:32.632-03:00","source":{"id":"0","name":"eventBus"}}
{"__type":"$$EventMessageNode","id":"0c310b24-12f9-40af-b749-f83f51ea9aa5","ts":"2026-01-21T17:35:32.653-03:00","eventName":"n8n.node.started","message":"n8n.node.started","payload":{"workflowId":"69R69hKgsyjh72sS86nKP","workflowName":"Processo Seletivo RH - Parte 1","executionId":"39","nodeType":"n8n-nodes-base.emailSend","nodeName":"Envia email de aprovação","nodeId":"f3824e49-7e50-4886-a801-72831619ef40"}}
{"__type":"$$EventMessageConfirm","confirm":"0c310b24-12f9-40af-b749-f83f51ea9aa5","ts":"2026-01-21T17:35:32.653-03:00","source":{"id":"0","name":"eventBus"}}
{"__type":"$$EventMessageNode","id":"5c02e0e3-6d3d-4121-8905-44804614b279","ts":"2026-01-21T17:35:37.388-03:00","eventName":"n8n.node.finished","message":"n8n.node.finished","payload":{"workflowId":"69R69hKgsyjh72sS86nKP","workflowName":"Processo Seletivo RH - Parte 1","executionId":"39","nodeType":"n8n-nodes-base.emailSend","nodeName":"Envia email de aprovação","nodeId":"f3824e49-7e50-4886-a801-72831619ef40"}}
{"__type":"$$EventMessageConfirm","confirm":"5c02e0e3-6d3d-4121-8905-44804614b279","ts":"2026-01-21T17:35:37.388-03:00","source":{"id":"0","name":"eventBus"}}
{"__type":"$$EventMessageNode","id":"65c66059-8445-410a-87e4-b189778a8322","ts":"2026-01-21T17:35:37.389-03:00","eventName":"n8n.node.started","message":"n8n.node.started","payload":{"workflowId":"69R69hKgsyjh72sS86nKP","workflowName":"Processo Seletivo RH - Parte 1","executionId":"39","nodeType":"n8n-nodes-base.wait","nodeName":"Aguardar 5s","nodeId":"d4e412ec-a91b-4950-a555-a8e665ce0f15"}}
{"__type":"$$EventMessageConfirm","confirm":"65c66059-8445-410a-87e4-b189778a8322","ts":"2026-01-21T17:35:37.389-03:00","source":{"id":"0","name":"eventBus"}}
{"__type":"$$EventMessageNode","id":"1bc5dcc6-0b02-4fde-ae34-cdd4155f17df","ts":"2026-01-21T17:35:42.392-03:00","eventName":"n8n.node.finished","message":"n8n.node.finished","payload":{"workflowId":"69R69hKgsyjh72sS86nKP","workflowName":"Processo Seletivo RH - Parte 1","executionId":"39","nodeType":"n8n-nodes-base.wait","nodeName":"Aguardar 5s","nodeId":"d4e412ec-a91b-4950-a555-a8e665ce0f15"}}
{"__type":"$$EventMessageConfirm","confirm":"1bc5dcc6-0b02-4fde-ae34-cdd4155f17df","ts":"2026-01-21T17:35:42.392-03:00","source":{"id":"0","name":"eventBus"}}
{"__type":"$$EventMessageNode","id":"2d6eefff-2160-4c64-add4-7355fa92e16a","ts":"2026-01-21T17:35:42.394-03:00","eventName":"n8n.node.started","message":"n8n.node.started","payload":{"workflowId":"69R69hKgsyjh72sS86nKP","workflowName":"Processo Seletivo RH - Parte 1","executionId":"39","nodeType":"n8n-nodes-base.splitInBatches","nodeName":"Para cada candidato","nodeId":"d33b8e09-a71e-42aa-93f5-ccceb95c8e18"}}
{"__type":"$$EventMessageConfirm","confirm":"2d6eefff-2160-4c64-add4-7355fa92e16a","ts":"2026-01-21T17:35:42.394-03:00","source":{"id":"0","name":"eventBus"}}
{"__type":"$$EventMessageNode","id":"8eb564cb-f3eb-4dd3-8727-f7f52b56288e","ts":"2026-01-21T17:35:42.395-03:00","eventName":"n8n.node.finished","message":"n8n.node.finished","payload":{"workflowId":"69R69hKgsyjh72sS86nKP","workflowName":"Processo Seletivo RH - Parte 1","executionId":"39","nodeType":"n8n-nodes-base.splitInBatches","nodeName":"Para cada candidato","nodeId":"d33b8e09-a71e-42aa-93f5-ccceb95c8e18"}}
{"__type":"$$EventMessageConfirm","confirm":"8eb564cb-f3eb-4dd3-8727-f7f52b56288e","ts":"2026-01-21T17:35:42.395-03:00","source":{"id":"0","name":"eventBus"}}
{"__type":"$$EventMessageNode","id":"a23e4113-7624-470d-859a-de3529793467","ts":"2026-01-21T17:35:42.396-03:00","eventName":"n8n.node.started","message":"n8n.node.started","payload":{"workflowId":"69R69hKgsyjh72sS86nKP","workflowName":"Processo Seletivo RH - Parte 1","executionId":"39","nodeType":"n8n-nodes-base.emailSend","nodeName":"Envia email de aprovação","nodeId":"f3824e49-7e50-4886-a801-72831619ef40"}}
{"__type":"$$EventMessageConfirm","confirm":"a23e4113-7624-470d-859a-de3529793467","ts":"2026-01-21T17:35:42.396-03:00","source":{"id":"0","name":"eventBus"}}
{"__type":"$$EventMessageNode","id":"ed2d3b13-96e5-49b7-b88c-6b15d5bb0d3d","ts":"2026-01-21T17:35:46.257-03:00","eventName":"n8n.node.finished","message":"n8n.node.finished","payload":{"workflowId":"69R69hKgsyjh72sS86nKP","workflowName":"Processo Seletivo RH - Parte 1","executionId":"39","nodeType":"n8n-nodes-base.emailSend","nodeName":"Envia email de aprovação","nodeId":"f3824e49-7e50-4886-a801-72831619ef40"}}
{"__type":"$$EventMessageConfirm","confirm":"ed2d3b13-96e5-49b7-b88c-6b15d5bb0d3d","ts":"2026-01-21T17:35:46.257-03:00","source":{"id":"0","name":"eventBus"}}
{"__type":"$$EventMessageNode","id":"c9ab7dbd-29d5-4b64-8970-246d2443b7b0","ts":"2026-01-21T17:35:46.258-03:00","eventName":"n8n.node.started","message":"n8n.node.started","payload":{"workflowId":"69R69hKgsyjh72sS86nKP","workflowName":"Processo Seletivo RH - Parte 1","executionId":"39","nodeType":"n8n-nodes-base.wait","nodeName":"Aguardar 5s","nodeId":"d4e412ec-a91b-4950-a555-a8e665ce0f15"}}
{"__type":"$$EventMessageConfirm","confirm":"c9ab7dbd-29d5-4b64-8970-246d2443b7b0","ts":"2026-01-21T17:35:46.258-03:00","source":{"id":"0","name":"eventBus"}}
{"__type":"$$EventMessageNode","id":"8f8a5352-82f7-4c21-a828-97e91c507e8e","ts":"2026-01-21T17:35:51.261-03:00","eventName":"n8n.node.finished","message":"n8n.node.finished","payload":{"workflowId":"69R69hKgsyjh72sS86nKP","workflowName":"Processo Seletivo RH - Parte 1","executionId":"39","nodeType":"n8n-nodes-base.wait","nodeName":"Aguardar 5s","nodeId":"d4e412ec-a91b-4950-a555-a8e665ce0f15"}}
{"__type":"$$EventMessageConfirm","confirm":"8f8a5352-82f7-4c21-a828-97e91c507e8e","ts":"2026-01-21T17:35:51.262-03:00","source":{"id":"0","name":"eventBus"}}
{"__type":"$$EventMessageNode","id":"681efa47-0726-4ca0-af2d-1951c96c17bf","ts":"2026-01-21T17:35:51.265-03:00","eventName":"n8n.node.started","message":"n8n.node.started","payload":{"workflowId":"69R69hKgsyjh72sS86nKP","workflowName":"Processo Seletivo RH - Parte 1","executionId":"39","nodeType":"n8n-nodes-base.splitInBatches","nodeName":"Para cada candidato","nodeId":"d33b8e09-a71e-42aa-93f5-ccceb95c8e18"}}
{"__type":"$$EventMessageConfirm","confirm":"681efa47-0726-4ca0-af2d-1951c96c17bf","ts":"2026-01-21T17:35:51.265-03:00","source":{"id":"0","name":"eventBus"}}
{"__type":"$$EventMessageNode","id":"4dd80e72-15ae-4c0b-9f2c-52dcc44edc40","ts":"2026-01-21T17:35:51.267-03:00","eventName":"n8n.node.finished","message":"n8n.node.finished","payload":{"workflowId":"69R69hKgsyjh72sS86nKP","workflowName":"Processo Seletivo RH - Parte 1","executionId":"39","nodeType":"n8n-nodes-base.splitInBatches","nodeName":"Para cada candidato","nodeId":"d33b8e09-a71e-42aa-93f5-ccceb95c8e18"}}
{"__type":"$$EventMessageConfirm","confirm":"4dd80e72-15ae-4c0b-9f2c-52dcc44edc40","ts":"2026-01-21T17:35:51.268-03:00","source":{"id":"0","name":"eventBus"}}
{"__type":"$$EventMessageWorkflow","id":"56e27e8b-b038-426f-ade3-f2aaae6d43f6","ts":"2026-01-21T17:35:51.300-03:00","eventName":"n8n.workflow.success","message":"n8n.workflow.success","payload":{"userId":"0a93214d-7da7-4c6c-a88e-0e126f96f983","executionId":"39","success":true,"isManual":true,"workflowId":"69R69hKgsyjh72sS86nKP","workflowName":"Processo Seletivo RH - Parte 1"}}
{"__type":"$$EventMessageConfirm","confirm":"56e27e8b-b038-426f-ade3-f2aaae6d43f6","ts":"2026-01-21T17:35:51.301-03:00","source":{"id":"0","name":"eventBus"}}
