{"__type":"$$EventMessageWorkflow","id":"afaf994c-109a-4b2d-979f-b29be3516fca","ts":"2026-01-21T22:55:05.422-03:00","eventName":"n8n.workflow.started","message":"n8n.workflow.started","payload":{"executionId":"46","workflowId":"69R69hKgsyjh72sS86nKP","isManual":false,"workflowName":"Processo Seletivo RH - Parte 1"}}
{"__type":"$$EventMessageConfirm","confirm":"afaf994c-109a-4b2d-979f-b29be3516fca","ts":"2026-01-21T22:55:05.426-03:00","source":{"id":"0","name":"eventBus"}}
{"__type":"$$EventMessageNode","id":"5030b601-3faf-44ca-8e01-8d9db4f37ac5","ts":"2026-01-21T22:55:05.428-03:00","eventName":"n8n.node.started","message":"n8n.node.started","payload":{"workflowId":"69R69hKgsyjh72sS86nKP","workflowName":"Processo Seletivo RH - Parte 1","executionId":"46","nodeType":"n8n-nodes-base.scheduleTrigger","nodeName":"Dispara no dia 21/01/2026 às 6PM","nodeId":"04e82b79-f82c-4417-9ad9-69dd69d35845"}}
{"__type":"$$EventMessageConfirm","confirm":"5030b601-3faf-44ca-8e01-8d9db4f37ac5","ts":"2026-01-21T22:55:05.428-03:00","source":{"id":"0","name":"eventBus"}}
{"__type":"$$EventMessageNode","id":"829a2327-130d-435e-9622-da293ff3c460","ts":"2026-01-21T22:55:05.447-03:00","eventName":"n8n.node.finished","message":"n8n.node.finished","payload":{"workflowId":"69R69hKgsyjh72sS86nKP","workflowName":"Processo Seletivo RH - Parte 1","executionId":"46","nodeType":"n8n-nodes-base.scheduleTrigger","nodeName":"Dispara no dia 21/01/2026 às 6PM","nodeId":"04e82b79-f82c-4417-9ad9-69dd69d35845"}}
{"__type":"$$EventMessageConfirm","confirm":"829a2327-130d-435e-9622-da293ff3c460","ts":"2026-01-21T22:55:05.448-03:00","source":{"id":"0","name":"eventBus"}}
{"__type":"$$EventMessageNode","id":"999d3b82-2509-493a-81a9-ec3175dcb5df","ts":"2026-01-21T22:55:05.451-03:00","eventName":"n8n.node.started","message":"n8n.node.started","payload":{"workflowId":"69R69hKgsyjh72sS86nKP","workflowName":"Processo Seletivo RH - Parte 1","executionId":"46","nodeType":"n8n-nodes-base.googleSheets","nodeName":"Obtém candidatos","nodeId":"737aa85f-9690-4e37-b7b3-358bb5c1018f"}}
{"__type":"$$EventMessageConfirm","confirm":"999d3b82-2509-493a-81a9-ec3175dcb5df","ts":"2026-01-21T22:55:05.451-03:00","source":{"id":"0","name":"eventBus"}}
{"__type":"$$EventMessageNode","id":"8ef6c5b4-1074-45b4-8f5d-a13bffe9a5e9","ts":"2026-01-21T22:55:06.893-03:00","eventName":"n8n.node.finished","message":"n8n.node.finished","payload":{"workflowId":"69R69hKgsyjh72sS86nKP","workflowName":"Processo Seletivo RH - Parte 1","executionId":"46","nodeType":"n8n-nodes-base.googleSheets","nodeName":"Obtém candidatos","nodeId":"737aa85f-9690-4e37-b7b3-358bb5c1018f"}}
{"__type":"$$EventMessageConfirm","confirm":"8ef6c5b4-1074-45b4-8f5d-a13bffe9a5e9","ts":"2026-01-21T22:55:06.894-03:00","source":{"id":"0","name":"eventBus"}}
{"__type":"$$EventMessageNode","id":"0331b424-adb0-489e-869f-28767ef312b0","ts":"2026-01-21T22:55:06.895-03:00","eventName":"n8n.node.started","message":"n8n.node.started","payload":{"workflowId":"69R69hKgsyjh72sS86nKP","workflowName":"Processo Seletivo RH - Parte 1","executionId":"46","nodeType":"n8n-nodes-base.if","nodeName":"Candidato aprovado?","nodeId":"84d3b796-8dcc-4598-a73b-3ee54cb91403"}}
{"__type":"$$EventMessageConfirm","confirm":"0331b424-adb0-489e-869f-28767ef312b0","ts":"2026-01-21T22:55:06.895-03:00","source":{"id":"0","name":"eventBus"}}
{"__type":"$$EventMessageNode","id":"d6179f82-e5e2-4806-aaa1-3dc9d5ae5952","ts":"2026-01-21T22:55:06.988-03:00","eventName":"n8n.node.finished","message":"n8n.node.finished","payload":{"workflowId":"69R69hKgsyjh72sS86nKP","workflowName":"Processo Seletivo RH - Parte 1","executionId":"46","nodeType":"n8n-nodes-base.if","nodeName":"Candidato aprovado?","nodeId":"84d3b796-8dcc-4598-a73b-3ee54cb91403"}}
{"__type":"$$EventMessageConfirm","confirm":"d6179f82-e5e2-4806-aaa1-3dc9d5ae5952","ts":"2026-01-21T22:55:06.988-03:00","source":{"id":"0","name":"eventBus"}}
{"__type":"$$EventMessageNode","id":"5c66114f-1e1e-428d-9384-0d2c86b3ec3a","ts":"2026-01-21T22:55:06.989-03:00","eventName":"n8n.node.started","message":"n8n.node.started","payload":{"workflowId":"69R69hKgsyjh72sS86nKP","workflowName":"Processo Seletivo RH - Parte 1","executionId":"46","nodeType":"n8n-nodes-base.splitInBatches","nodeName":"Para cada candidato","nodeId":"d33b8e09-a71e-42aa-93f5-ccceb95c8e18"}}
{"__type":"$$EventMessageConfirm","confirm":"5c66114f-1e1e-428d-9384-0d2c86b3ec3a","ts":"2026-01-21T22:55:06.989-03:00","source":{"id":"0","name":"eventBus"}}
{"__type":"$$EventMessageNode","id":"3d6fc520-565c-4b33-b4b5-2bfb7d461b53","ts":"2026-01-21T22:55:06.990-03:00","eventName":"n8n.node.finished","message":"n8n.node.finished","payload":{"workflowId":"69R69hKgsyjh72sS86nKP","workflowName":"Processo Seletivo RH - Parte 1","executionId":"46","nodeType":"n8n-nodes-base.splitInBatches","nodeName":"Para cada candidato","nodeId":"d33b8e09-a71e-42aa-93f5-ccceb95c8e18"}}
{"__type":"$$EventMessageConfirm","confirm":"3d6fc520-565c-4b33-b4b5-2bfb7d461b53","ts":"2026-01-21T22:55:06.991-03:00","source":{"id":"0","name":"eventBus"}}
{"__type":"$$EventMessageNode","id":"fb679ec6-2ad9-47e6-9ad6-67b6082b532d","ts":"2026-01-21T22:55:06.992-03:00","eventName":"n8n.node.started","message":"n8n.node.started","payload":{"workflowId":"69R69hKgsyjh72sS86nKP","workflowName":"Processo Seletivo RH - Parte 1","executionId":"46","nodeType":"n8n-nodes-base.emailSend","nodeName":"Envia email de aprovação","nodeId":"f3824e49-7e50-4886-a801-72831619ef40"}}
{"__type":"$$EventMessageConfirm","confirm":"fb679ec6-2ad9-47e6-9ad6-67b6082b532d","ts":"2026-01-21T22:55:06.993-03:00","source":{"id":"0","name":"eventBus"}}
{"__type":"$$EventMessageNode","id":"a328ce4d-f57e-441b-9a35-d55ef02f2704","ts":"2026-01-21T22:55:11.708-03:00","eventName":"n8n.node.finished","message":"n8n.node.finished","payload":{"workflowId":"69R69hKgsyjh72sS86nKP","workflowName":"Processo Seletivo RH - Parte 1","executionId":"46","nodeType":"n8n-nodes-base.emailSend","nodeName":"Envia email de aprovação","nodeId":"f3824e49-7e50-4886-a801-72831619ef40"}}
{"__type":"$$EventMessageConfirm","confirm":"a328ce4d-f57e-441b-9a35-d55ef02f2704","ts":"2026-01-21T22:55:11.708-03:00","source":{"id":"0","name":"eventBus"}}
{"__type":"$$EventMessageNode","id":"801b48fe-ab71-4de9-8697-b9562a2e812b","ts":"2026-01-21T22:55:11.710-03:00","eventName":"n8n.node.started","message":"n8n.node.started","payload":{"workflowId":"69R69hKgsyjh72sS86nKP","workflowName":"Processo Seletivo RH - Parte 1","executionId":"46","nodeType":"n8n-nodes-base.wait","nodeName":"Aguardar 5s","nodeId":"d4e412ec-a91b-4950-a555-a8e665ce0f15"}}
{"__type":"$$EventMessageConfirm","confirm":"801b48fe-ab71-4de9-8697-b9562a2e812b","ts":"2026-01-21T22:55:11.710-03:00","source":{"id":"0","name":"eventBus"}}
{"__type":"$$EventMessageNode","id":"e631bee6-2a74-453c-94f4-693512b99127","ts":"2026-01-21T22:55:16.712-03:00","eventName":"n8n.node.finished","message":"n8n.node.finished","payload":{"workflowId":"69R69hKgsyjh72sS86nKP","workflowName":"Processo Seletivo RH - Parte 1","executionId":"46","nodeType":"n8n-nodes-base.wait","nodeName":"Aguardar 5s","nodeId":"d4e412ec-a91b-4950-a555-a8e665ce0f15"}}
{"__type":"$$EventMessageConfirm","confirm":"e631bee6-2a74-453c-94f4-693512b99127","ts":"2026-01-21T22:55:16.712-03:00","source":{"id":"0","name":"eventBus"}}
{"__type":"$$EventMessageNode","id":"10d26988-8380-4d24-91c1-8eaa142c2a37","ts":"2026-01-21T22:55:16.714-03:00","eventName":"n8n.node.started","message":"n8n.node.started","payload":{"workflowId":"69R69hKgsyjh72sS86nKP","workflowName":"Processo Seletivo RH - Parte 1","executionId":"46","nodeType":"n8n-nodes-base.splitInBatches","nodeName":"Para cada candidato","nodeId":"d33b8e09-a71e-42aa-93f5-ccceb95c8e18"}}
{"__type":"$$EventMessageConfirm","confirm":"10d26988-8380-4d24-91c1-8eaa142c2a37","ts":"2026-01-21T22:55:16.714-03:00","source":{"id":"0","name":"eventBus"}}
{"__type":"$$EventMessageNode","id":"5c10e434-8922-4d53-8990-e9cf8dd71371","ts":"2026-01-21T22:55:16.716-03:00","eventName":"n8n.node.finished","message":"n8n.node.finished","payload":{"workflowId":"69R69hKgsyjh72sS86nKP","workflowName":"Processo Seletivo RH - Parte 1","executionId":"46","nodeType":"n8n-nodes-base.splitInBatches","nodeName":"Para cada candidato","nodeId":"d33b8e09-a71e-42aa-93f5-ccceb95c8e18"}}
{"__type":"$$EventMessageConfirm","confirm":"5c10e434-8922-4d53-8990-e9cf8dd71371","ts":"2026-01-21T22:55:16.716-03:00","source":{"id":"0","name":"eventBus"}}
{"__type":"$$EventMessageNode","id":"044c6356-b5bb-4252-9def-f322a6a5ce61","ts":"2026-01-21T22:55:16.719-03:00","eventName":"n8n.node.started","message":"n8n.node.started","payload":{"workflowId":"69R69hKgsyjh72sS86nKP","workflowName":"Processo Seletivo RH - Parte 1","executionId":"46","nodeType":"n8n-nodes-base.emailSend","nodeName":"Envia email de aprovação","nodeId":"f3824e49-7e50-4886-a801-72831619ef40"}}
{"__type":"$$EventMessageConfirm","confirm":"044c6356-b5bb-4252-9def-f322a6a5ce61","ts":"2026-01-21T22:55:16.719-03:00","source":{"id":"0","name":"eventBus"}}
{"__type":"$$EventMessageNode","id":"e04a54a9-c7c8-4f08-bedc-fc1b0feef548","ts":"2026-01-21T22:55:19.885-03:00","eventName":"n8n.node.finished","message":"n8n.node.finished","payload":{"workflowId":"69R69hKgsyjh72sS86nKP","workflowName":"Processo Seletivo RH - Parte 1","executionId":"46","nodeType":"n8n-nodes-base.emailSend","nodeName":"Envia email de aprovação","nodeId":"f3824e49-7e50-4886-a801-72831619ef40"}}
{"__type":"$$EventMessageConfirm","confirm":"e04a54a9-c7c8-4f08-bedc-fc1b0feef548","ts":"2026-01-21T22:55:19.886-03:00","source":{"id":"0","name":"eventBus"}}
{"__type":"$$EventMessageNode","id":"a662f3c0-2e96-4ec9-a77b-ff863775608b","ts":"2026-01-21T22:55:19.887-03:00","eventName":"n8n.node.started","message":"n8n.node.started","payload":{"workflowId":"69R69hKgsyjh72sS86nKP","workflowName":"Processo Seletivo RH - Parte 1","executionId":"46","nodeType":"n8n-nodes-base.wait","nodeName":"Aguardar 5s","nodeId":"d4e412ec-a91b-4950-a555-a8e665ce0f15"}}
{"__type":"$$EventMessageConfirm","confirm":"a662f3c0-2e96-4ec9-a77b-ff863775608b","ts":"2026-01-21T22:55:19.887-03:00","source":{"id":"0","name":"eventBus"}}
{"__type":"$$EventMessageNode","id":"2ee0a3b1-b2ff-4ebd-9e59-124e9fcc845a","ts":"2026-01-21T22:55:24.890-03:00","eventName":"n8n.node.finished","message":"n8n.node.finished","payload":{"workflowId":"69R69hKgsyjh72sS86nKP","workflowName":"Processo Seletivo RH - Parte 1","executionId":"46","nodeType":"n8n-nodes-base.wait","nodeName":"Aguardar 5s","nodeId":"d4e412ec-a91b-4950-a555-a8e665ce0f15"}}
{"__type":"$$EventMessageConfirm","confirm":"2ee0a3b1-b2ff-4ebd-9e59-124e9fcc845a","ts":"2026-01-21T22:55:24.891-03:00","source":{"id":"0","name":"eventBus"}}
{"__type":"$$EventMessageNode","id":"4e537d38-f204-4633-b12c-4fb331fcbf89","ts":"2026-01-21T22:55:24.892-03:00","eventName":"n8n.node.started","message":"n8n.node.started","payload":{"workflowId":"69R69hKgsyjh72sS86nKP","workflowName":"Processo Seletivo RH - Parte 1","executionId":"46","nodeType":"n8n-nodes-base.splitInBatches","nodeName":"Para cada candidato","nodeId":"d33b8e09-a71e-42aa-93f5-ccceb95c8e18"}}
{"__type":"$$EventMessageConfirm","confirm":"4e537d38-f204-4633-b12c-4fb331fcbf89","ts":"2026-01-21T22:55:24.892-03:00","source":{"id":"0","name":"eventBus"}}
{"__type":"$$EventMessageNode","id":"f4c68c70-4fcb-4ef4-904c-67079a2af3ba","ts":"2026-01-21T22:55:24.894-03:00","eventName":"n8n.node.finished","message":"n8n.node.finished","payload":{"workflowId":"69R69hKgsyjh72sS86nKP","workflowName":"Processo Seletivo RH - Parte 1","executionId":"46","nodeType":"n8n-nodes-base.splitInBatches","nodeName":"Para cada candidato","nodeId":"d33b8e09-a71e-42aa-93f5-ccceb95c8e18"}}
{"__type":"$$EventMessageConfirm","confirm":"f4c68c70-4fcb-4ef4-904c-67079a2af3ba","ts":"2026-01-21T22:55:24.894-03:00","source":{"id":"0","name":"eventBus"}}
{"__type":"$$EventMessageWorkflow","id":"70e54946-c95c-4bef-ab08-42b2b3ea46ea","ts":"2026-01-21T22:55:24.914-03:00","eventName":"n8n.workflow.success","message":"n8n.workflow.success","payload":{"userId":"0a93214d-7da7-4c6c-a88e-0e126f96f983","executionId":"46","success":true,"isManual":true,"workflowId":"69R69hKgsyjh72sS86nKP","workflowName":"Processo Seletivo RH - Parte 1"}}
{"__type":"$$EventMessageConfirm","confirm":"70e54946-c95c-4bef-ab08-42b2b3ea46ea","ts":"2026-01-21T22:55:24.914-03:00","source":{"id":"0","name":"eventBus"}}
{"__type":"$$EventMessageWorkflow","id":"fc034f61-8d81-46f0-9a8c-9eec44c39e39","ts":"2026-01-21T23:03:10.017-03:00","eventName":"n8n.workflow.started","message":"n8n.workflow.started","payload":{"executionId":"47","workflowId":"69R69hKgsyjh72sS86nKP","isManual":false,"workflowName":"Processo Seletivo RH - Parte 1"}}
{"__type":"$$EventMessageConfirm","confirm":"fc034f61-8d81-46f0-9a8c-9eec44c39e39","ts":"2026-01-21T23:03:10.022-03:00","source":{"id":"0","name":"eventBus"}}
{"__type":"$$EventMessageNode","id":"cd84c3fe-0cd5-4e0b-aef8-b63c462ebf69","ts":"2026-01-21T23:03:10.036-03:00","eventName":"n8n.node.started","message":"n8n.node.started","payload":{"workflowId":"69R69hKgsyjh72sS86nKP","workflowName":"Processo Seletivo RH - Parte 1","executionId":"47","nodeType":"n8n-nodes-base.if","nodeName":"Candidato aprovado?","nodeId":"84d3b796-8dcc-4598-a73b-3ee54cb91403"}}
{"__type":"$$EventMessageConfirm","confirm":"cd84c3fe-0cd5-4e0b-aef8-b63c462ebf69","ts":"2026-01-21T23:03:10.037-03:00","source":{"id":"0","name":"eventBus"}}
{"__type":"$$EventMessageNode","id":"ed2a7df9-4444-459a-a178-c9d3dd643261","ts":"2026-01-21T23:03:10.071-03:00","eventName":"n8n.node.finished","message":"n8n.node.finished","payload":{"workflowId":"69R69hKgsyjh72sS86nKP","workflowName":"Processo Seletivo RH - Parte 1","executionId":"47","nodeType":"n8n-nodes-base.if","nodeName":"Candidato aprovado?","nodeId":"84d3b796-8dcc-4598-a73b-3ee54cb91403"}}
{"__type":"$$EventMessageConfirm","confirm":"ed2a7df9-4444-459a-a178-c9d3dd643261","ts":"2026-01-21T23:03:10.072-03:00","source":{"id":"0","name":"eventBus"}}
{"__type":"$$EventMessageWorkflow","id":"112a43fd-2194-4712-8843-860d650f7918","ts":"2026-01-21T23:03:10.092-03:00","eventName":"n8n.workflow.success","message":"n8n.workflow.success","payload":{"userId":"0a93214d-7da7-4c6c-a88e-0e126f96f983","executionId":"47","success":true,"isManual":true,"workflowId":"69R69hKgsyjh72sS86nKP","workflowName":"Processo Seletivo RH - Parte 1"}}
{"__type":"$$EventMessageConfirm","confirm":"112a43fd-2194-4712-8843-860d650f7918","ts":"2026-01-21T23:03:10.092-03:00","source":{"id":"0","name":"eventBus"}}
{"__type":"$$EventMessageAudit","id":"f4d85d50-daf1-402c-b478-5ba103da1072","ts":"2026-01-21T23:05:19.724-03:00","eventName":"n8n.audit.workflow.updated","message":"n8n.audit.workflow.updated","payload":{"userId":"0a93214d-7da7-4c6c-a88e-0e126f96f983","_email":"engfabiodesalvi@gmail.com","_firstName":"Fabio","_lastName":"engfabiodesalvi@gmail.com","globalRole":"global:owner","workflowId":"69R69hKgsyjh72sS86nKP","workflowName":"Processo Seletivo RH - Parte 1"}}
{"__type":"$$EventMessageConfirm","confirm":"f4d85d50-daf1-402c-b478-5ba103da1072","ts":"2026-01-21T23:05:19.724-03:00","source":{"id":"0","name":"eventBus"}}
{"__type":"$$EventMessageWorkflow","id":"7b3d082a-1748-43eb-9cbf-0ba626a22298","ts":"2026-01-21T23:15:10.238-03:00","eventName":"n8n.workflow.started","message":"n8n.workflow.started","payload":{"executionId":"48","workflowId":"69R69hKgsyjh72sS86nKP","isManual":false,"workflowName":"Processo Seletivo RH - Parte 1"}}
{"__type":"$$EventMessageConfirm","confirm":"7b3d082a-1748-43eb-9cbf-0ba626a22298","ts":"2026-01-21T23:15:10.242-03:00","source":{"id":"0","name":"eventBus"}}
{"__type":"$$EventMessageNode","id":"eb659d80-e0b2-41ad-8cf7-396f97f60273","ts":"2026-01-21T23:15:10.251-03:00","eventName":"n8n.node.started","message":"n8n.node.started","payload":{"workflowId":"69R69hKgsyjh72sS86nKP","workflowName":"Processo Seletivo RH - Parte 1","executionId":"48","nodeType":"n8n-nodes-base.splitInBatches","nodeName":"Para cada candidato","nodeId":"d33b8e09-a71e-42aa-93f5-ccceb95c8e18"}}
{"__type":"$$EventMessageConfirm","confirm":"eb659d80-e0b2-41ad-8cf7-396f97f60273","ts":"2026-01-21T23:15:10.251-03:00","source":{"id":"0","name":"eventBus"}}
{"__type":"$$EventMessageNode","id":"a1aab4cd-a04b-4b78-87b0-50a76a7f3145","ts":"2026-01-21T23:15:10.272-03:00","eventName":"n8n.node.finished","message":"n8n.node.finished","payload":{"workflowId":"69R69hKgsyjh72sS86nKP","workflowName":"Processo Seletivo RH - Parte 1","executionId":"48","nodeType":"n8n-nodes-base.splitInBatches","nodeName":"Para cada candidato","nodeId":"d33b8e09-a71e-42aa-93f5-ccceb95c8e18"}}
{"__type":"$$EventMessageConfirm","confirm":"a1aab4cd-a04b-4b78-87b0-50a76a7f3145","ts":"2026-01-21T23:15:10.272-03:00","source":{"id":"0","name":"eventBus"}}
{"__type":"$$EventMessageWorkflow","id":"6cb1b259-91a5-4aa4-ad72-a257c0ec2fb9","ts":"2026-01-21T23:15:10.295-03:00","eventName":"n8n.workflow.success","message":"n8n.workflow.success","payload":{"userId":"0a93214d-7da7-4c6c-a88e-0e126f96f983","executionId":"48","success":true,"isManual":true,"workflowId":"69R69hKgsyjh72sS86nKP","workflowName":"Processo Seletivo RH - Parte 1"}}
{"__type":"$$EventMessageConfirm","confirm":"6cb1b259-91a5-4aa4-ad72-a257c0ec2fb9","ts":"2026-01-21T23:15:10.295-03:00","source":{"id":"0","name":"eventBus"}}
{"__type":"$$EventMessageWorkflow","id":"3dff4e33-b7c8-487d-b320-8086de853a1f","ts":"2026-01-21T23:15:45.055-03:00","eventName":"n8n.workflow.started","message":"n8n.workflow.started","payload":{"executionId":"49","workflowId":"69R69hKgsyjh72sS86nKP","isManual":false,"workflowName":"Processo Seletivo RH - Parte 1"}}
{"__type":"$$EventMessageConfirm","confirm":"3dff4e33-b7c8-487d-b320-8086de853a1f","ts":"2026-01-21T23:15:45.055-03:00","source":{"id":"0","name":"eventBus"}}
{"__type":"$$EventMessageNode","id":"c4faa71e-cb9c-4206-8893-1ce949497f05","ts":"2026-01-21T23:15:45.057-03:00","eventName":"n8n.node.started","message":"n8n.node.started","payload":{"workflowId":"69R69hKgsyjh72sS86nKP","workflowName":"Processo Seletivo RH - Parte 1","executionId":"49","nodeType":"n8n-nodes-base.splitInBatches","nodeName":"Para cada candidato","nodeId":"d33b8e09-a71e-42aa-93f5-ccceb95c8e18"}}
{"__type":"$$EventMessageConfirm","confirm":"c4faa71e-cb9c-4206-8893-1ce949497f05","ts":"2026-01-21T23:15:45.057-03:00","source":{"id":"0","name":"eventBus"}}
{"__type":"$$EventMessageNode","id":"b28b795d-11b6-4f85-927e-98448a026a74","ts":"2026-01-21T23:15:45.058-03:00","eventName":"n8n.node.finished","message":"n8n.node.finished","payload":{"workflowId":"69R69hKgsyjh72sS86nKP","workflowName":"Processo Seletivo RH - Parte 1","executionId":"49","nodeType":"n8n-nodes-base.splitInBatches","nodeName":"Para cada candidato","nodeId":"d33b8e09-a71e-42aa-93f5-ccceb95c8e18"}}
{"__type":"$$EventMessageConfirm","confirm":"b28b795d-11b6-4f85-927e-98448a026a74","ts":"2026-01-21T23:15:45.059-03:00","source":{"id":"0","name":"eventBus"}}
{"__type":"$$EventMessageWorkflow","id":"f984edbe-968a-4fdd-972a-b3f31ce0fb2e","ts":"2026-01-21T23:15:45.065-03:00","eventName":"n8n.workflow.success","message":"n8n.workflow.success","payload":{"userId":"0a93214d-7da7-4c6c-a88e-0e126f96f983","executionId":"49","success":true,"isManual":true,"workflowId":"69R69hKgsyjh72sS86nKP","workflowName":"Processo Seletivo RH - Parte 1"}}
{"__type":"$$EventMessageConfirm","confirm":"f984edbe-968a-4fdd-972a-b3f31ce0fb2e","ts":"2026-01-21T23:15:45.065-03:00","source":{"id":"0","name":"eventBus"}}
{"__type":"$$EventMessageWorkflow","id":"86da899b-f692-4556-bdc4-7082a3e8ad99","ts":"2026-01-21T23:24:25.776-03:00","eventName":"n8n.workflow.started","message":"n8n.workflow.started","payload":{"executionId":"50","workflowId":"69R69hKgsyjh72sS86nKP","isManual":false,"workflowName":"Processo Seletivo RH - Parte 1"}}
{"__type":"$$EventMessageConfirm","confirm":"86da899b-f692-4556-bdc4-7082a3e8ad99","ts":"2026-01-21T23:24:25.782-03:00","source":{"id":"0","name":"eventBus"}}
{"__type":"$$EventMessageNode","id":"7e1fd7c0-90a3-49d0-80c9-2412d52663d4","ts":"2026-01-21T23:24:25.804-03:00","eventName":"n8n.node.started","message":"n8n.node.started","payload":{"workflowId":"69R69hKgsyjh72sS86nKP","workflowName":"Processo Seletivo RH - Parte 1","executionId":"50","nodeType":"n8n-nodes-base.emailSend","nodeName":"Envia email de aprovação","nodeId":"f3824e49-7e50-4886-a801-72831619ef40"}}
{"__type":"$$EventMessageConfirm","confirm":"7e1fd7c0-90a3-49d0-80c9-2412d52663d4","ts":"2026-01-21T23:24:25.804-03:00","source":{"id":"0","name":"eventBus"}}
{"__type":"$$EventMessageNode","id":"75f0d3d1-518a-460a-bf4b-e20c506c01ed","ts":"2026-01-21T23:24:30.716-03:00","eventName":"n8n.node.finished","message":"n8n.node.finished","payload":{"workflowId":"69R69hKgsyjh72sS86nKP","workflowName":"Processo Seletivo RH - Parte 1","executionId":"50","nodeType":"n8n-nodes-base.emailSend","nodeName":"Envia email de aprovação","nodeId":"f3824e49-7e50-4886-a801-72831619ef40"}}
{"__type":"$$EventMessageConfirm","confirm":"75f0d3d1-518a-460a-bf4b-e20c506c01ed","ts":"2026-01-21T23:24:30.717-03:00","source":{"id":"0","name":"eventBus"}}
{"__type":"$$EventMessageWorkflow","id":"f5ef4cbd-faa7-42ff-9cb5-ca626a5e0218","ts":"2026-01-21T23:24:30.751-03:00","eventName":"n8n.workflow.success","message":"n8n.workflow.success","payload":{"userId":"0a93214d-7da7-4c6c-a88e-0e126f96f983","executionId":"50","success":true,"isManual":true,"workflowId":"69R69hKgsyjh72sS86nKP","workflowName":"Processo Seletivo RH - Parte 1"}}
{"__type":"$$EventMessageConfirm","confirm":"f5ef4cbd-faa7-42ff-9cb5-ca626a5e0218","ts":"2026-01-21T23:24:30.751-03:00","source":{"id":"0","name":"eventBus"}}
{"__type":"$$EventMessageWorkflow","id":"1736bd85-1400-4b69-8b58-5b3641603c07","ts":"2026-01-21T23:38:05.678-03:00","eventName":"n8n.workflow.started","message":"n8n.workflow.started","payload":{"executionId":"51","workflowId":"RD27V52HDqc0mrwf","isManual":false,"workflowName":"Processo Seletivo RH - Parte 2"}}
{"__type":"$$EventMessageConfirm","confirm":"1736bd85-1400-4b69-8b58-5b3641603c07","ts":"2026-01-21T23:38:05.681-03:00","source":{"id":"0","name":"eventBus"}}
{"__type":"$$EventMessageNode","id":"4e94c7cc-7aaf-48d5-88e0-a07c2e9e57d7","ts":"2026-01-21T23:38:05.686-03:00","eventName":"n8n.node.started","message":"n8n.node.started","payload":{"workflowId":"RD27V52HDqc0mrwf","workflowName":"Processo Seletivo RH - Parte 2","executionId":"51","nodeType":"n8n-nodes-base.scheduleTrigger","nodeName":"Dispara no dia 21/01/2026 às 6PM","nodeId":"fb020a88-3a80-44be-bb37-ac43fab90f63"}}
{"__type":"$$EventMessageConfirm","confirm":"4e94c7cc-7aaf-48d5-88e0-a07c2e9e57d7","ts":"2026-01-21T23:38:05.686-03:00","source":{"id":"0","name":"eventBus"}}
{"__type":"$$EventMessageNode","id":"f5ee3760-8208-44f4-a636-d9cae6d372ea","ts":"2026-01-21T23:38:05.724-03:00","eventName":"n8n.node.finished","message":"n8n.node.finished","payload":{"workflowId":"RD27V52HDqc0mrwf","workflowName":"Processo Seletivo RH - Parte 2","executionId":"51","nodeType":"n8n-nodes-base.scheduleTrigger","nodeName":"Dispara no dia 21/01/2026 às 6PM","nodeId":"fb020a88-3a80-44be-bb37-ac43fab90f63"}}
{"__type":"$$EventMessageConfirm","confirm":"f5ee3760-8208-44f4-a636-d9cae6d372ea","ts":"2026-01-21T23:38:05.725-03:00","source":{"id":"0","name":"eventBus"}}
{"__type":"$$EventMessageNode","id":"3318a084-20d8-4764-9c27-05f05de75350","ts":"2026-01-21T23:38:05.727-03:00","eventName":"n8n.node.started","message":"n8n.node.started","payload":{"workflowId":"RD27V52HDqc0mrwf","workflowName":"Processo Seletivo RH - Parte 2","executionId":"51","nodeType":"n8n-nodes-base.googleSheets","nodeName":"Obtém candidatos","nodeId":"20d880d1-bd61-4ee0-bd55-61b3450fac2b"}}
{"__type":"$$EventMessageConfirm","confirm":"3318a084-20d8-4764-9c27-05f05de75350","ts":"2026-01-21T23:38:05.727-03:00","source":{"id":"0","name":"eventBus"}}
{"__type":"$$EventMessageNode","id":"969dd109-e326-45f3-bd9d-cf40292c423b","ts":"2026-01-21T23:38:07.007-03:00","eventName":"n8n.node.finished","message":"n8n.node.finished","payload":{"workflowId":"RD27V52HDqc0mrwf","workflowName":"Processo Seletivo RH - Parte 2","executionId":"51","nodeType":"n8n-nodes-base.googleSheets","nodeName":"Obtém candidatos","nodeId":"20d880d1-bd61-4ee0-bd55-61b3450fac2b"}}
{"__type":"$$EventMessageConfirm","confirm":"969dd109-e326-45f3-bd9d-cf40292c423b","ts":"2026-01-21T23:38:07.007-03:00","source":{"id":"0","name":"eventBus"}}
{"__type":"$$EventMessageNode","id":"494227c5-4235-46df-aa45-b6548deb6457","ts":"2026-01-21T23:38:07.008-03:00","eventName":"n8n.node.started","message":"n8n.node.started","payload":{"workflowId":"RD27V52HDqc0mrwf","workflowName":"Processo Seletivo RH - Parte 2","executionId":"51","nodeType":"n8n-nodes-base.if","nodeName":"Candidato aprovado?","nodeId":"c277aedf-2093-4031-adcb-017869c7decf"}}
{"__type":"$$EventMessageConfirm","confirm":"494227c5-4235-46df-aa45-b6548deb6457","ts":"2026-01-21T23:38:07.008-03:00","source":{"id":"0","name":"eventBus"}}
{"__type":"$$EventMessageNode","id":"8597983b-f170-41fd-a3ec-66dda0ed8779","ts":"2026-01-21T23:38:07.033-03:00","eventName":"n8n.node.finished","message":"n8n.node.finished","payload":{"workflowId":"RD27V52HDqc0mrwf","workflowName":"Processo Seletivo RH - Parte 2","executionId":"51","nodeType":"n8n-nodes-base.if","nodeName":"Candidato aprovado?","nodeId":"c277aedf-2093-4031-adcb-017869c7decf"}}
{"__type":"$$EventMessageConfirm","confirm":"8597983b-f170-41fd-a3ec-66dda0ed8779","ts":"2026-01-21T23:38:07.034-03:00","source":{"id":"0","name":"eventBus"}}
{"__type":"$$EventMessageNode","id":"9e732403-7426-43e0-aa9f-97313e9ce27f","ts":"2026-01-21T23:38:07.035-03:00","eventName":"n8n.node.started","message":"n8n.node.started","payload":{"workflowId":"RD27V52HDqc0mrwf","workflowName":"Processo Seletivo RH - Parte 2","executionId":"51","nodeType":"n8n-nodes-base.aggregate","nodeName":"Gera array de nomes","nodeId":"f908d136-a6e2-4c43-ab6e-c1ec3708b10f"}}
{"__type":"$$EventMessageConfirm","confirm":"9e732403-7426-43e0-aa9f-97313e9ce27f","ts":"2026-01-21T23:38:07.035-03:00","source":{"id":"0","name":"eventBus"}}
{"__type":"$$EventMessageNode","id":"9ae20f40-9cf5-4763-a24c-f0efbc948f24","ts":"2026-01-21T23:38:07.040-03:00","eventName":"n8n.node.finished","message":"n8n.node.finished","payload":{"workflowId":"RD27V52HDqc0mrwf","workflowName":"Processo Seletivo RH - Parte 2","executionId":"51","nodeType":"n8n-nodes-base.aggregate","nodeName":"Gera array de nomes","nodeId":"f908d136-a6e2-4c43-ab6e-c1ec3708b10f"}}
{"__type":"$$EventMessageConfirm","confirm":"9ae20f40-9cf5-4763-a24c-f0efbc948f24","ts":"2026-01-21T23:38:07.040-03:00","source":{"id":"0","name":"eventBus"}}
{"__type":"$$EventMessageWorkflow","id":"48827c2e-ceb0-4d47-abb8-a99ac36a3108","ts":"2026-01-21T23:38:07.062-03:00","eventName":"n8n.workflow.success","message":"n8n.workflow.success","payload":{"userId":"0a93214d-7da7-4c6c-a88e-0e126f96f983","executionId":"51","success":true,"isManual":true,"workflowId":"RD27V52HDqc0mrwf","workflowName":"Processo Seletivo RH - Parte 2"}}
{"__type":"$$EventMessageConfirm","confirm":"48827c2e-ceb0-4d47-abb8-a99ac36a3108","ts":"2026-01-21T23:38:07.062-03:00","source":{"id":"0","name":"eventBus"}}
{"__type":"$$EventMessageWorkflow","id":"2c768a44-2a5e-4d85-bb81-8a381789f5b2","ts":"2026-01-21T23:44:37.598-03:00","eventName":"n8n.workflow.started","message":"n8n.workflow.started","payload":{"executionId":"52","workflowId":"RD27V52HDqc0mrwf","isManual":false,"workflowName":"Processo Seletivo RH - Parte 2"}}
{"__type":"$$EventMessageConfirm","confirm":"2c768a44-2a5e-4d85-bb81-8a381789f5b2","ts":"2026-01-21T23:44:37.602-03:00","source":{"id":"0","name":"eventBus"}}
{"__type":"$$EventMessageNode","id":"9499efdb-883e-4513-a6b5-345de544b7db","ts":"2026-01-21T23:44:37.610-03:00","eventName":"n8n.node.started","message":"n8n.node.started","payload":{"workflowId":"RD27V52HDqc0mrwf","workflowName":"Processo Seletivo RH - Parte 2","executionId":"52","nodeType":"n8n-nodes-base.scheduleTrigger","nodeName":"Dispara no dia 21/01/2026 às 6PM","nodeId":"fb020a88-3a80-44be-bb37-ac43fab90f63"}}
{"__type":"$$EventMessageConfirm","confirm":"9499efdb-883e-4513-a6b5-345de544b7db","ts":"2026-01-21T23:44:37.611-03:00","source":{"id":"0","name":"eventBus"}}
{"__type":"$$EventMessageNode","id":"de8b9ea3-3742-4ad1-8c09-588e90d4fbb6","ts":"2026-01-21T23:44:37.640-03:00","eventName":"n8n.node.finished","message":"n8n.node.finished","payload":{"workflowId":"RD27V52HDqc0mrwf","workflowName":"Processo Seletivo RH - Parte 2","executionId":"52","nodeType":"n8n-nodes-base.scheduleTrigger","nodeName":"Dispara no dia 21/01/2026 às 6PM","nodeId":"fb020a88-3a80-44be-bb37-ac43fab90f63"}}
{"__type":"$$EventMessageConfirm","confirm":"de8b9ea3-3742-4ad1-8c09-588e90d4fbb6","ts":"2026-01-21T23:44:37.640-03:00","source":{"id":"0","name":"eventBus"}}
{"__type":"$$EventMessageNode","id":"af4efbf2-3250-471f-a7c8-66fdd82cc620","ts":"2026-01-21T23:44:37.644-03:00","eventName":"n8n.node.started","message":"n8n.node.started","payload":{"workflowId":"RD27V52HDqc0mrwf","workflowName":"Processo Seletivo RH - Parte 2","executionId":"52","nodeType":"n8n-nodes-base.googleSheets","nodeName":"Obtém candidatos","nodeId":"20d880d1-bd61-4ee0-bd55-61b3450fac2b"}}
{"__type":"$$EventMessageConfirm","confirm":"af4efbf2-3250-471f-a7c8-66fdd82cc620","ts":"2026-01-21T23:44:37.644-03:00","source":{"id":"0","name":"eventBus"}}
{"__type":"$$EventMessageNode","id":"46eb64bc-c2fe-48cf-bfb2-e29734939521","ts":"2026-01-21T23:44:38.894-03:00","eventName":"n8n.node.finished","message":"n8n.node.finished","payload":{"workflowId":"RD27V52HDqc0mrwf","workflowName":"Processo Seletivo RH - Parte 2","executionId":"52","nodeType":"n8n-nodes-base.googleSheets","nodeName":"Obtém candidatos","nodeId":"20d880d1-bd61-4ee0-bd55-61b3450fac2b"}}
{"__type":"$$EventMessageConfirm","confirm":"46eb64bc-c2fe-48cf-bfb2-e29734939521","ts":"2026-01-21T23:44:38.894-03:00","source":{"id":"0","name":"eventBus"}}
{"__type":"$$EventMessageNode","id":"41a2c4f9-1cef-4ba8-b076-265c6956d985","ts":"2026-01-21T23:44:38.894-03:00","eventName":"n8n.node.started","message":"n8n.node.started","payload":{"workflowId":"RD27V52HDqc0mrwf","workflowName":"Processo Seletivo RH - Parte 2","executionId":"52","nodeType":"n8n-nodes-base.if","nodeName":"Candidato aprovado?","nodeId":"c277aedf-2093-4031-adcb-017869c7decf"}}
{"__type":"$$EventMessageConfirm","confirm":"41a2c4f9-1cef-4ba8-b076-265c6956d985","ts":"2026-01-21T23:44:38.895-03:00","source":{"id":"0","name":"eventBus"}}
{"__type":"$$EventMessageNode","id":"768432e2-982d-4b15-be63-01fb3ff94504","ts":"2026-01-21T23:44:38.912-03:00","eventName":"n8n.node.finished","message":"n8n.node.finished","payload":{"workflowId":"RD27V52HDqc0mrwf","workflowName":"Processo Seletivo RH - Parte 2","executionId":"52","nodeType":"n8n-nodes-base.if","nodeName":"Candidato aprovado?","nodeId":"c277aedf-2093-4031-adcb-017869c7decf"}}
{"__type":"$$EventMessageConfirm","confirm":"768432e2-982d-4b15-be63-01fb3ff94504","ts":"2026-01-21T23:44:38.912-03:00","source":{"id":"0","name":"eventBus"}}
{"__type":"$$EventMessageNode","id":"9f16f3fe-ab96-4957-a490-186cde27bdff","ts":"2026-01-21T23:44:38.913-03:00","eventName":"n8n.node.started","message":"n8n.node.started","payload":{"workflowId":"RD27V52HDqc0mrwf","workflowName":"Processo Seletivo RH - Parte 2","executionId":"52","nodeType":"n8n-nodes-base.splitInBatches","nodeName":"Para cada candidato","nodeId":"10e8fdca-baac-4baf-8bb3-7d79829e9ab7"}}
{"__type":"$$EventMessageConfirm","confirm":"9f16f3fe-ab96-4957-a490-186cde27bdff","ts":"2026-01-21T23:44:38.913-03:00","source":{"id":"0","name":"eventBus"}}
{"__type":"$$EventMessageNode","id":"58fd529e-891a-40a4-9ad6-d505c19c7117","ts":"2026-01-21T23:44:38.915-03:00","eventName":"n8n.node.finished","message":"n8n.node.finished","payload":{"workflowId":"RD27V52HDqc0mrwf","workflowName":"Processo Seletivo RH - Parte 2","executionId":"52","nodeType":"n8n-nodes-base.splitInBatches","nodeName":"Para cada candidato","nodeId":"10e8fdca-baac-4baf-8bb3-7d79829e9ab7"}}
{"__type":"$$EventMessageConfirm","confirm":"58fd529e-891a-40a4-9ad6-d505c19c7117","ts":"2026-01-21T23:44:38.915-03:00","source":{"id":"0","name":"eventBus"}}
{"__type":"$$EventMessageNode","id":"49840d46-2d10-4cf7-a1db-017706a839ce","ts":"2026-01-21T23:44:38.916-03:00","eventName":"n8n.node.started","message":"n8n.node.started","payload":{"workflowId":"RD27V52HDqc0mrwf","workflowName":"Processo Seletivo RH - Parte 2","executionId":"52","nodeType":"n8n-nodes-base.emailSend","nodeName":"Envia email de aprovação","nodeId":"841c4713-772e-4a6f-8954-36288d669c43"}}
{"__type":"$$EventMessageConfirm","confirm":"49840d46-2d10-4cf7-a1db-017706a839ce","ts":"2026-01-21T23:44:38.916-03:00","source":{"id":"0","name":"eventBus"}}
{"__type":"$$EventMessageNode","id":"b3cd1e65-f990-416d-bea4-763bacd8f8d7","ts":"2026-01-21T23:44:43.129-03:00","eventName":"n8n.node.finished","message":"n8n.node.finished","payload":{"workflowId":"RD27V52HDqc0mrwf","workflowName":"Processo Seletivo RH - Parte 2","executionId":"52","nodeType":"n8n-nodes-base.emailSend","nodeName":"Envia email de aprovação","nodeId":"841c4713-772e-4a6f-8954-36288d669c43"}}
{"__type":"$$EventMessageConfirm","confirm":"b3cd1e65-f990-416d-bea4-763bacd8f8d7","ts":"2026-01-21T23:44:43.129-03:00","source":{"id":"0","name":"eventBus"}}
{"__type":"$$EventMessageNode","id":"6fbb28bc-e4b2-4de2-85d3-592c246e9145","ts":"2026-01-21T23:44:43.130-03:00","eventName":"n8n.node.started","message":"n8n.node.started","payload":{"workflowId":"RD27V52HDqc0mrwf","workflowName":"Processo Seletivo RH - Parte 2","executionId":"52","nodeType":"n8n-nodes-base.wait","nodeName":"Aguardar 5s","nodeId":"008bb81a-9c02-4079-88ab-813001f30e82"}}
{"__type":"$$EventMessageConfirm","confirm":"6fbb28bc-e4b2-4de2-85d3-592c246e9145","ts":"2026-01-21T23:44:43.130-03:00","source":{"id":"0","name":"eventBus"}}
{"__type":"$$EventMessageNode","id":"379b2143-25cb-453b-b1da-91f64e56a207","ts":"2026-01-21T23:44:48.137-03:00","eventName":"n8n.node.finished","message":"n8n.node.finished","payload":{"workflowId":"RD27V52HDqc0mrwf","workflowName":"Processo Seletivo RH - Parte 2","executionId":"52","nodeType":"n8n-nodes-base.wait","nodeName":"Aguardar 5s","nodeId":"008bb81a-9c02-4079-88ab-813001f30e82"}}
{"__type":"$$EventMessageConfirm","confirm":"379b2143-25cb-453b-b1da-91f64e56a207","ts":"2026-01-21T23:44:48.137-03:00","source":{"id":"0","name":"eventBus"}}
{"__type":"$$EventMessageNode","id":"73701863-54e3-45ee-9405-e49d6fd50f15","ts":"2026-01-21T23:44:48.138-03:00","eventName":"n8n.node.started","message":"n8n.node.started","payload":{"workflowId":"RD27V52HDqc0mrwf","workflowName":"Processo Seletivo RH - Parte 2","executionId":"52","nodeType":"n8n-nodes-base.splitInBatches","nodeName":"Para cada candidato","nodeId":"10e8fdca-baac-4baf-8bb3-7d79829e9ab7"}}
{"__type":"$$EventMessageConfirm","confirm":"73701863-54e3-45ee-9405-e49d6fd50f15","ts":"2026-01-21T23:44:48.138-03:00","source":{"id":"0","name":"eventBus"}}
{"__type":"$$EventMessageNode","id":"fdcdf4e8-60de-4fa7-87ae-c7ae8c938cdc","ts":"2026-01-21T23:44:48.150-03:00","eventName":"n8n.node.finished","message":"n8n.node.finished","payload":{"workflowId":"RD27V52HDqc0mrwf","workflowName":"Processo Seletivo RH - Parte 2","executionId":"52","nodeType":"n8n-nodes-base.splitInBatches","nodeName":"Para cada candidato","nodeId":"10e8fdca-baac-4baf-8bb3-7d79829e9ab7"}}
{"__type":"$$EventMessageConfirm","confirm":"fdcdf4e8-60de-4fa7-87ae-c7ae8c938cdc","ts":"2026-01-21T23:44:48.151-03:00","source":{"id":"0","name":"eventBus"}}
{"__type":"$$EventMessageNode","id":"b7d12338-42bb-4c56-b0c7-e048b8d1c101","ts":"2026-01-21T23:44:48.152-03:00","eventName":"n8n.node.started","message":"n8n.node.started","payload":{"workflowId":"RD27V52HDqc0mrwf","workflowName":"Processo Seletivo RH - Parte 2","executionId":"52","nodeType":"n8n-nodes-base.emailSend","nodeName":"Envia email de aprovação","nodeId":"841c4713-772e-4a6f-8954-36288d669c43"}}
{"__type":"$$EventMessageConfirm","confirm":"b7d12338-42bb-4c56-b0c7-e048b8d1c101","ts":"2026-01-21T23:44:48.152-03:00","source":{"id":"0","name":"eventBus"}}
{"__type":"$$EventMessageNode","id":"4db36a4a-fb44-4c11-bc2e-dd0bb460c876","ts":"2026-01-21T23:44:51.950-03:00","eventName":"n8n.node.finished","message":"n8n.node.finished","payload":{"workflowId":"RD27V52HDqc0mrwf","workflowName":"Processo Seletivo RH - Parte 2","executionId":"52","nodeType":"n8n-nodes-base.emailSend","nodeName":"Envia email de aprovação","nodeId":"841c4713-772e-4a6f-8954-36288d669c43"}}
{"__type":"$$EventMessageConfirm","confirm":"4db36a4a-fb44-4c11-bc2e-dd0bb460c876","ts":"2026-01-21T23:44:51.950-03:00","source":{"id":"0","name":"eventBus"}}
{"__type":"$$EventMessageNode","id":"e57df106-96ec-42a2-bb02-51e7c6f39ce9","ts":"2026-01-21T23:44:51.951-03:00","eventName":"n8n.node.started","message":"n8n.node.started","payload":{"workflowId":"RD27V52HDqc0mrwf","workflowName":"Processo Seletivo RH - Parte 2","executionId":"52","nodeType":"n8n-nodes-base.wait","nodeName":"Aguardar 5s","nodeId":"008bb81a-9c02-4079-88ab-813001f30e82"}}
{"__type":"$$EventMessageConfirm","confirm":"e57df106-96ec-42a2-bb02-51e7c6f39ce9","ts":"2026-01-21T23:44:51.951-03:00","source":{"id":"0","name":"eventBus"}}
{"__type":"$$EventMessageNode","id":"7ea233a8-9fb9-49d1-9742-beb4b483a1ae","ts":"2026-01-21T23:44:56.953-03:00","eventName":"n8n.node.finished","message":"n8n.node.finished","payload":{"workflowId":"RD27V52HDqc0mrwf","workflowName":"Processo Seletivo RH - Parte 2","executionId":"52","nodeType":"n8n-nodes-base.wait","nodeName":"Aguardar 5s","nodeId":"008bb81a-9c02-4079-88ab-813001f30e82"}}
{"__type":"$$EventMessageConfirm","confirm":"7ea233a8-9fb9-49d1-9742-beb4b483a1ae","ts":"2026-01-21T23:44:56.953-03:00","source":{"id":"0","name":"eventBus"}}
{"__type":"$$EventMessageNode","id":"84d903c2-6b7b-4b79-915e-019e653db8a7","ts":"2026-01-21T23:44:56.956-03:00","eventName":"n8n.node.started","message":"n8n.node.started","payload":{"workflowId":"RD27V52HDqc0mrwf","workflowName":"Processo Seletivo RH - Parte 2","executionId":"52","nodeType":"n8n-nodes-base.splitInBatches","nodeName":"Para cada candidato","nodeId":"10e8fdca-baac-4baf-8bb3-7d79829e9ab7"}}
{"__type":"$$EventMessageConfirm","confirm":"84d903c2-6b7b-4b79-915e-019e653db8a7","ts":"2026-01-21T23:44:56.956-03:00","source":{"id":"0","name":"eventBus"}}
{"__type":"$$EventMessageNode","id":"e03ebe46-23b2-4fdd-8785-87f187317bf4","ts":"2026-01-21T23:44:56.957-03:00","eventName":"n8n.node.finished","message":"n8n.node.finished","payload":{"workflowId":"RD27V52HDqc0mrwf","workflowName":"Processo Seletivo RH - Parte 2","executionId":"52","nodeType":"n8n-nodes-base.splitInBatches","nodeName":"Para cada candidato","nodeId":"10e8fdca-baac-4baf-8bb3-7d79829e9ab7"}}
{"__type":"$$EventMessageConfirm","confirm":"e03ebe46-23b2-4fdd-8785-87f187317bf4","ts":"2026-01-21T23:44:56.957-03:00","source":{"id":"0","name":"eventBus"}}
{"__type":"$$EventMessageNode","id":"1791abfc-5169-4ccf-9379-9245775bd77c","ts":"2026-01-21T23:44:56.959-03:00","eventName":"n8n.node.started","message":"n8n.node.started","payload":{"workflowId":"RD27V52HDqc0mrwf","workflowName":"Processo Seletivo RH - Parte 2","executionId":"52","nodeType":"n8n-nodes-base.aggregate","nodeName":"Gera array de nomes","nodeId":"f908d136-a6e2-4c43-ab6e-c1ec3708b10f"}}
{"__type":"$$EventMessageConfirm","confirm":"1791abfc-5169-4ccf-9379-9245775bd77c","ts":"2026-01-21T23:44:56.960-03:00","source":{"id":"0","name":"eventBus"}}
{"__type":"$$EventMessageNode","id":"4b99fc92-26c9-4b55-90f1-c5172151cf47","ts":"2026-01-21T23:44:56.964-03:00","eventName":"n8n.node.finished","message":"n8n.node.finished","payload":{"workflowId":"RD27V52HDqc0mrwf","workflowName":"Processo Seletivo RH - Parte 2","executionId":"52","nodeType":"n8n-nodes-base.aggregate","nodeName":"Gera array de nomes","nodeId":"f908d136-a6e2-4c43-ab6e-c1ec3708b10f"}}
{"__type":"$$EventMessageConfirm","confirm":"4b99fc92-26c9-4b55-90f1-c5172151cf47","ts":"2026-01-21T23:44:56.964-03:00","source":{"id":"0","name":"eventBus"}}
{"__type":"$$EventMessageNode","id":"851b61c7-e926-4b25-9acd-eaf8e5571f2d","ts":"2026-01-21T23:44:56.965-03:00","eventName":"n8n.node.started","message":"n8n.node.started","payload":{"workflowId":"RD27V52HDqc0mrwf","workflowName":"Processo Seletivo RH - Parte 2","executionId":"52","nodeType":"n8n-nodes-base.emailSend","nodeName":"Envia lista de candidatos reprovados","nodeId":"5f107d04-e52b-4ffe-b801-0ddbbdafb8bd"}}
{"__type":"$$EventMessageConfirm","confirm":"851b61c7-e926-4b25-9acd-eaf8e5571f2d","ts":"2026-01-21T23:44:56.965-03:00","source":{"id":"0","name":"eventBus"}}
{"__type":"$$EventMessageNode","id":"f91e0ab0-ace4-4ad2-81b3-864e85c76675","ts":"2026-01-21T23:45:00.371-03:00","eventName":"n8n.node.finished","message":"n8n.node.finished","payload":{"workflowId":"RD27V52HDqc0mrwf","workflowName":"Processo Seletivo RH - Parte 2","executionId":"52","nodeType":"n8n-nodes-base.emailSend","nodeName":"Envia lista de candidatos reprovados","nodeId":"5f107d04-e52b-4ffe-b801-0ddbbdafb8bd"}}
{"__type":"$$EventMessageConfirm","confirm":"f91e0ab0-ace4-4ad2-81b3-864e85c76675","ts":"2026-01-21T23:45:00.371-03:00","source":{"id":"0","name":"eventBus"}}
{"__type":"$$EventMessageWorkflow","id":"da5a18f5-2907-471a-b4c2-aa1aca9bd1fb","ts":"2026-01-21T23:45:00.388-03:00","eventName":"n8n.workflow.success","message":"n8n.workflow.success","payload":{"userId":"0a93214d-7da7-4c6c-a88e-0e126f96f983","executionId":"52","success":true,"isManual":true,"workflowId":"RD27V52HDqc0mrwf","workflowName":"Processo Seletivo RH - Parte 2"}}
{"__type":"$$EventMessageConfirm","confirm":"da5a18f5-2907-471a-b4c2-aa1aca9bd1fb","ts":"2026-01-21T23:45:00.389-03:00","source":{"id":"0","name":"eventBus"}}
