{"__type":"$$EventMessageAudit","id":"a20b87af-0fb1-4624-9f25-fdc9dae67853","ts":"2026-01-21T01:06:25.059-03:00","eventName":"n8n.audit.user.login.success","message":"n8n.audit.user.login.success","payload":{"userId":"0a93214d-7da7-4c6c-a88e-0e126f96f983","_email":"engfabiodesalvi@gmail.com","_firstName":"Fabio","_lastName":"engfabiodesalvi@gmail.com","globalRole":"global:owner","authenticationMethod":"email"}}
{"__type":"$$EventMessageConfirm","confirm":"a20b87af-0fb1-4624-9f25-fdc9dae67853","ts":"2026-01-21T01:06:25.067-03:00","source":{"id":"0","name":"eventBus"}}
{"__type":"$$EventMessageAudit","id":"7a17d635-14ca-4bdd-a131-59a1ea3ae7e4","ts":"2026-01-21T01:07:16.359-03:00","eventName":"n8n.audit.workflow.created","message":"n8n.audit.workflow.created","payload":{"userId":"0a93214d-7da7-4c6c-a88e-0e126f96f983","_email":"engfabiodesalvi@gmail.com","_firstName":"Fabio","_lastName":"engfabiodesalvi@gmail.com","globalRole":"global:owner","workflowId":"kRvD9OE3z6kH5FeG","workflowName":"Nodes Centrais - DIO - 6"}}
{"__type":"$$EventMessageConfirm","confirm":"7a17d635-14ca-4bdd-a131-59a1ea3ae7e4","ts":"2026-01-21T01:07:16.359-03:00","source":{"id":"0","name":"eventBus"}}
{"__type":"$$EventMessageAudit","id":"8fe74566-09e6-4ac3-8e57-93c431000983","ts":"2026-01-21T01:07:39.375-03:00","eventName":"n8n.audit.workflow.updated","message":"n8n.audit.workflow.updated","payload":{"userId":"0a93214d-7da7-4c6c-a88e-0e126f96f983","_email":"engfabiodesalvi@gmail.com","_firstName":"Fabio","_lastName":"engfabiodesalvi@gmail.com","globalRole":"global:owner","workflowId":"kRvD9OE3z6kH5FeG","workflowName":"Nodes Centrais - DIO - 6"}}
{"__type":"$$EventMessageConfirm","confirm":"8fe74566-09e6-4ac3-8e57-93c431000983","ts":"2026-01-21T01:07:39.376-03:00","source":{"id":"0","name":"eventBus"}}
{"__type":"$$EventMessageAudit","id":"e2d50be2-0704-49aa-9dbf-a1d2b3cb3256","ts":"2026-01-21T01:10:55.230-03:00","eventName":"n8n.audit.workflow.updated","message":"n8n.audit.workflow.updated","payload":{"userId":"0a93214d-7da7-4c6c-a88e-0e126f96f983","_email":"engfabiodesalvi@gmail.com","_firstName":"Fabio","_lastName":"engfabiodesalvi@gmail.com","globalRole":"global:owner","workflowId":"kRvD9OE3z6kH5FeG","workflowName":"Nodes Centrais - DIO - 6"}}
{"__type":"$$EventMessageConfirm","confirm":"e2d50be2-0704-49aa-9dbf-a1d2b3cb3256","ts":"2026-01-21T01:10:55.233-03:00","source":{"id":"0","name":"eventBus"}}
{"__type":"$$EventMessageAudit","id":"f6ddc8eb-588c-4c25-b279-cc928f74ac5a","ts":"2026-01-21T01:12:56.721-03:00","eventName":"n8n.audit.user.credentials.created","message":"n8n.audit.user.credentials.created","payload":{"userId":"0a93214d-7da7-4c6c-a88e-0e126f96f983","_email":"engfabiodesalvi@gmail.com","_firstName":"Fabio","_lastName":"engfabiodesalvi@gmail.com","globalRole":"global:owner","credentialType":"googleSheetsOAuth2Api","credentialId":"fw4RCweCsyHTqQ9f","publicApi":false,"projectId":"Luk9mwWnusjByjaQ","projectType":"personal"}}
{"__type":"$$EventMessageConfirm","confirm":"f6ddc8eb-588c-4c25-b279-cc928f74ac5a","ts":"2026-01-21T01:12:56.723-03:00","source":{"id":"0","name":"eventBus"}}
{"__type":"$$EventMessageWorkflow","id":"67aa83ce-3c1e-415c-9cdb-0329a10df8df","ts":"2026-01-21T01:21:56.552-03:00","eventName":"n8n.workflow.started","message":"n8n.workflow.started","payload":{"executionId":"13","workflowId":"kRvD9OE3z6kH5FeG","isManual":false,"workflowName":"Nodes Centrais - DIO - 6"}}
{"__type":"$$EventMessageConfirm","confirm":"67aa83ce-3c1e-415c-9cdb-0329a10df8df","ts":"2026-01-21T01:21:56.555-03:00","source":{"id":"0","name":"eventBus"}}
{"__type":"$$EventMessageNode","id":"add6af1d-8933-43c5-ab53-a9ae6bbd0008","ts":"2026-01-21T01:21:56.561-03:00","eventName":"n8n.node.started","message":"n8n.node.started","payload":{"workflowId":"kRvD9OE3z6kH5FeG","workflowName":"Nodes Centrais - DIO - 6","executionId":"13","nodeType":"n8n-nodes-base.webhook","nodeName":"Monitora par-moedas","nodeId":"d8ca22df-f472-4520-88ac-423181480938"}}
{"__type":"$$EventMessageConfirm","confirm":"add6af1d-8933-43c5-ab53-a9ae6bbd0008","ts":"2026-01-21T01:21:56.562-03:00","source":{"id":"0","name":"eventBus"}}
{"__type":"$$EventMessageNode","id":"e69327e7-c5c1-4bf6-83ab-9e134ac6c4c5","ts":"2026-01-21T01:21:56.570-03:00","eventName":"n8n.node.finished","message":"n8n.node.finished","payload":{"workflowId":"kRvD9OE3z6kH5FeG","workflowName":"Nodes Centrais - DIO - 6","executionId":"13","nodeType":"n8n-nodes-base.webhook","nodeName":"Monitora par-moedas","nodeId":"d8ca22df-f472-4520-88ac-423181480938"}}
{"__type":"$$EventMessageConfirm","confirm":"e69327e7-c5c1-4bf6-83ab-9e134ac6c4c5","ts":"2026-01-21T01:21:56.570-03:00","source":{"id":"0","name":"eventBus"}}
{"__type":"$$EventMessageNode","id":"3ea75366-685c-47c7-bac1-0da3e990165f","ts":"2026-01-21T01:21:56.576-03:00","eventName":"n8n.node.started","message":"n8n.node.started","payload":{"workflowId":"kRvD9OE3z6kH5FeG","workflowName":"Nodes Centrais - DIO - 6","executionId":"13","nodeType":"n8n-nodes-base.httpRequest","nodeName":"Consultar cotação do par-moeda","nodeId":"9fe41d87-022a-4b19-a5b9-a0a75b92df60"}}
{"__type":"$$EventMessageConfirm","confirm":"3ea75366-685c-47c7-bac1-0da3e990165f","ts":"2026-01-21T01:21:56.576-03:00","source":{"id":"0","name":"eventBus"}}
{"__type":"$$EventMessageNode","id":"6bb213ca-448f-4770-a93e-e5c9e4b04e30","ts":"2026-01-21T01:21:56.886-03:00","eventName":"n8n.node.finished","message":"n8n.node.finished","payload":{"workflowId":"kRvD9OE3z6kH5FeG","workflowName":"Nodes Centrais - DIO - 6","executionId":"13","nodeType":"n8n-nodes-base.httpRequest","nodeName":"Consultar cotação do par-moeda","nodeId":"9fe41d87-022a-4b19-a5b9-a0a75b92df60"}}
{"__type":"$$EventMessageConfirm","confirm":"6bb213ca-448f-4770-a93e-e5c9e4b04e30","ts":"2026-01-21T01:21:56.893-03:00","source":{"id":"0","name":"eventBus"}}
{"__type":"$$EventMessageNode","id":"4af82b22-873b-4db9-bebd-ac11ad6b61db","ts":"2026-01-21T01:21:56.895-03:00","eventName":"n8n.node.started","message":"n8n.node.started","payload":{"workflowId":"kRvD9OE3z6kH5FeG","workflowName":"Nodes Centrais - DIO - 6","executionId":"13","nodeType":"n8n-nodes-base.set","nodeName":"Conversão Dolar x Real","nodeId":"b1e8a702-448b-4f03-837c-e07cd81bb360"}}
{"__type":"$$EventMessageConfirm","confirm":"4af82b22-873b-4db9-bebd-ac11ad6b61db","ts":"2026-01-21T01:21:56.895-03:00","source":{"id":"0","name":"eventBus"}}
{"__type":"$$EventMessageNode","id":"24b5b5fd-be9e-4714-b6d8-9f8297ec102a","ts":"2026-01-21T01:21:57.089-03:00","eventName":"n8n.node.finished","message":"n8n.node.finished","payload":{"workflowId":"kRvD9OE3z6kH5FeG","workflowName":"Nodes Centrais - DIO - 6","executionId":"13","nodeType":"n8n-nodes-base.set","nodeName":"Conversão Dolar x Real","nodeId":"b1e8a702-448b-4f03-837c-e07cd81bb360"}}
{"__type":"$$EventMessageConfirm","confirm":"24b5b5fd-be9e-4714-b6d8-9f8297ec102a","ts":"2026-01-21T01:21:57.089-03:00","source":{"id":"0","name":"eventBus"}}
{"__type":"$$EventMessageNode","id":"680b0b39-03fe-4129-be79-692db8ba0ddf","ts":"2026-01-21T01:21:57.090-03:00","eventName":"n8n.node.started","message":"n8n.node.started","payload":{"workflowId":"kRvD9OE3z6kH5FeG","workflowName":"Nodes Centrais - DIO - 6","executionId":"13","nodeType":"n8n-nodes-base.switch","nodeName":"Cotação do Dolar","nodeId":"b00e96cb-9238-47f6-be42-1b4341efb576"}}
{"__type":"$$EventMessageConfirm","confirm":"680b0b39-03fe-4129-be79-692db8ba0ddf","ts":"2026-01-21T01:21:57.091-03:00","source":{"id":"0","name":"eventBus"}}
{"__type":"$$EventMessageNode","id":"aa4907e9-b1f0-4161-9389-8fca8e2fc342","ts":"2026-01-21T01:21:57.151-03:00","eventName":"n8n.node.finished","message":"n8n.node.finished","payload":{"workflowId":"kRvD9OE3z6kH5FeG","workflowName":"Nodes Centrais - DIO - 6","executionId":"13","nodeType":"n8n-nodes-base.switch","nodeName":"Cotação do Dolar","nodeId":"b00e96cb-9238-47f6-be42-1b4341efb576"}}
{"__type":"$$EventMessageConfirm","confirm":"aa4907e9-b1f0-4161-9389-8fca8e2fc342","ts":"2026-01-21T01:21:57.152-03:00","source":{"id":"0","name":"eventBus"}}
{"__type":"$$EventMessageWorkflow","id":"3b046220-31c8-4ee0-93ee-948afa0a1152","ts":"2026-01-21T01:21:57.166-03:00","eventName":"n8n.workflow.success","message":"n8n.workflow.success","payload":{"executionId":"13","success":true,"isManual":true,"workflowId":"kRvD9OE3z6kH5FeG","workflowName":"Nodes Centrais - DIO - 6"}}
{"__type":"$$EventMessageConfirm","confirm":"3b046220-31c8-4ee0-93ee-948afa0a1152","ts":"2026-01-21T01:21:57.166-03:00","source":{"id":"0","name":"eventBus"}}
{"__type":"$$EventMessageWorkflow","id":"eb556cda-85d8-4743-bffb-d058a16cc244","ts":"2026-01-21T01:23:37.576-03:00","eventName":"n8n.workflow.started","message":"n8n.workflow.started","payload":{"executionId":"14","workflowId":"kRvD9OE3z6kH5FeG","isManual":false,"workflowName":"Nodes Centrais - DIO - 6"}}
{"__type":"$$EventMessageConfirm","confirm":"eb556cda-85d8-4743-bffb-d058a16cc244","ts":"2026-01-21T01:23:37.576-03:00","source":{"id":"0","name":"eventBus"}}
{"__type":"$$EventMessageWorkflow","id":"0ab8dfba-ab65-4cfa-8d0a-b5c811ec06f4","ts":"2026-01-21T01:23:37.587-03:00","eventName":"n8n.workflow.success","message":"n8n.workflow.success","payload":{"userId":"0a93214d-7da7-4c6c-a88e-0e126f96f983","executionId":"14","success":true,"isManual":true,"workflowId":"kRvD9OE3z6kH5FeG","workflowName":"Nodes Centrais - DIO - 6"}}
{"__type":"$$EventMessageConfirm","confirm":"0ab8dfba-ab65-4cfa-8d0a-b5c811ec06f4","ts":"2026-01-21T01:23:37.587-03:00","source":{"id":"0","name":"eventBus"}}
{"__type":"$$EventMessageWorkflow","id":"cdc31ddf-aa11-4f79-bfca-98529cbdf375","ts":"2026-01-21T01:25:12.713-03:00","eventName":"n8n.workflow.started","message":"n8n.workflow.started","payload":{"executionId":"15","workflowId":"kRvD9OE3z6kH5FeG","isManual":false,"workflowName":"Nodes Centrais - DIO - 6"}}
{"__type":"$$EventMessageConfirm","confirm":"cdc31ddf-aa11-4f79-bfca-98529cbdf375","ts":"2026-01-21T01:25:12.714-03:00","source":{"id":"0","name":"eventBus"}}
{"__type":"$$EventMessageNode","id":"8f59f1b1-0de7-4b59-b8cb-765340256623","ts":"2026-01-21T01:25:12.716-03:00","eventName":"n8n.node.started","message":"n8n.node.started","payload":{"workflowId":"kRvD9OE3z6kH5FeG","workflowName":"Nodes Centrais - DIO - 6","executionId":"15","nodeType":"n8n-nodes-base.webhook","nodeName":"Monitora par-moedas","nodeId":"d8ca22df-f472-4520-88ac-423181480938"}}
{"__type":"$$EventMessageConfirm","confirm":"8f59f1b1-0de7-4b59-b8cb-765340256623","ts":"2026-01-21T01:25:12.716-03:00","source":{"id":"0","name":"eventBus"}}
{"__type":"$$EventMessageNode","id":"5ac47d71-be58-4c6a-a974-0ae2b8d65f74","ts":"2026-01-21T01:25:12.718-03:00","eventName":"n8n.node.finished","message":"n8n.node.finished","payload":{"workflowId":"kRvD9OE3z6kH5FeG","workflowName":"Nodes Centrais - DIO - 6","executionId":"15","nodeType":"n8n-nodes-base.webhook","nodeName":"Monitora par-moedas","nodeId":"d8ca22df-f472-4520-88ac-423181480938"}}
{"__type":"$$EventMessageConfirm","confirm":"5ac47d71-be58-4c6a-a974-0ae2b8d65f74","ts":"2026-01-21T01:25:12.718-03:00","source":{"id":"0","name":"eventBus"}}
{"__type":"$$EventMessageNode","id":"c405ec6e-1574-47e7-92ca-32f7738af5e2","ts":"2026-01-21T01:25:12.720-03:00","eventName":"n8n.node.started","message":"n8n.node.started","payload":{"workflowId":"kRvD9OE3z6kH5FeG","workflowName":"Nodes Centrais - DIO - 6","executionId":"15","nodeType":"n8n-nodes-base.httpRequest","nodeName":"Consultar cotação do par-moeda","nodeId":"9fe41d87-022a-4b19-a5b9-a0a75b92df60"}}
{"__type":"$$EventMessageConfirm","confirm":"c405ec6e-1574-47e7-92ca-32f7738af5e2","ts":"2026-01-21T01:25:12.721-03:00","source":{"id":"0","name":"eventBus"}}
{"__type":"$$EventMessageNode","id":"1be38355-c9e6-4bc5-9dfb-5d4c0430ed09","ts":"2026-01-21T01:25:12.827-03:00","eventName":"n8n.node.finished","message":"n8n.node.finished","payload":{"workflowId":"kRvD9OE3z6kH5FeG","workflowName":"Nodes Centrais - DIO - 6","executionId":"15","nodeType":"n8n-nodes-base.httpRequest","nodeName":"Consultar cotação do par-moeda","nodeId":"9fe41d87-022a-4b19-a5b9-a0a75b92df60"}}
{"__type":"$$EventMessageConfirm","confirm":"1be38355-c9e6-4bc5-9dfb-5d4c0430ed09","ts":"2026-01-21T01:25:12.827-03:00","source":{"id":"0","name":"eventBus"}}
{"__type":"$$EventMessageNode","id":"ae88ef5e-bf52-4461-ba7b-9894e69b6047","ts":"2026-01-21T01:25:12.828-03:00","eventName":"n8n.node.started","message":"n8n.node.started","payload":{"workflowId":"kRvD9OE3z6kH5FeG","workflowName":"Nodes Centrais - DIO - 6","executionId":"15","nodeType":"n8n-nodes-base.set","nodeName":"Conversão Dolar x Real","nodeId":"b1e8a702-448b-4f03-837c-e07cd81bb360"}}
{"__type":"$$EventMessageConfirm","confirm":"ae88ef5e-bf52-4461-ba7b-9894e69b6047","ts":"2026-01-21T01:25:12.828-03:00","source":{"id":"0","name":"eventBus"}}
{"__type":"$$EventMessageNode","id":"44bf8b47-ce5c-4902-aeba-734d93c9337d","ts":"2026-01-21T01:25:12.833-03:00","eventName":"n8n.node.finished","message":"n8n.node.finished","payload":{"workflowId":"kRvD9OE3z6kH5FeG","workflowName":"Nodes Centrais - DIO - 6","executionId":"15","nodeType":"n8n-nodes-base.set","nodeName":"Conversão Dolar x Real","nodeId":"b1e8a702-448b-4f03-837c-e07cd81bb360"}}
{"__type":"$$EventMessageConfirm","confirm":"44bf8b47-ce5c-4902-aeba-734d93c9337d","ts":"2026-01-21T01:25:12.833-03:00","source":{"id":"0","name":"eventBus"}}
{"__type":"$$EventMessageNode","id":"3d554e62-bd4f-49c0-9645-c798be85004e","ts":"2026-01-21T01:25:12.835-03:00","eventName":"n8n.node.started","message":"n8n.node.started","payload":{"workflowId":"kRvD9OE3z6kH5FeG","workflowName":"Nodes Centrais - DIO - 6","executionId":"15","nodeType":"n8n-nodes-base.switch","nodeName":"Cotação do Dolar","nodeId":"b00e96cb-9238-47f6-be42-1b4341efb576"}}
{"__type":"$$EventMessageConfirm","confirm":"3d554e62-bd4f-49c0-9645-c798be85004e","ts":"2026-01-21T01:25:12.836-03:00","source":{"id":"0","name":"eventBus"}}
{"__type":"$$EventMessageNode","id":"eed84df1-4223-4c62-8ebc-e9cc8542ac00","ts":"2026-01-21T01:25:12.843-03:00","eventName":"n8n.node.finished","message":"n8n.node.finished","payload":{"workflowId":"kRvD9OE3z6kH5FeG","workflowName":"Nodes Centrais - DIO - 6","executionId":"15","nodeType":"n8n-nodes-base.switch","nodeName":"Cotação do Dolar","nodeId":"b00e96cb-9238-47f6-be42-1b4341efb576"}}
{"__type":"$$EventMessageConfirm","confirm":"eed84df1-4223-4c62-8ebc-e9cc8542ac00","ts":"2026-01-21T01:25:12.843-03:00","source":{"id":"0","name":"eventBus"}}
{"__type":"$$EventMessageNode","id":"1a490e72-0c5d-4d70-8b7f-302547c80c56","ts":"2026-01-21T01:25:12.844-03:00","eventName":"n8n.node.started","message":"n8n.node.started","payload":{"workflowId":"kRvD9OE3z6kH5FeG","workflowName":"Nodes Centrais - DIO - 6","executionId":"15","nodeType":"n8n-nodes-base.googleSheets","nodeName":"Salva cotação na planilha","nodeId":"963ef536-75df-4307-a4c7-6d62e9fd0f2f"}}
{"__type":"$$EventMessageConfirm","confirm":"1a490e72-0c5d-4d70-8b7f-302547c80c56","ts":"2026-01-21T01:25:12.844-03:00","source":{"id":"0","name":"eventBus"}}
{"__type":"$$EventMessageNode","id":"4afa7bb4-fa17-4a91-8e2b-60daa7b5e5ae","ts":"2026-01-21T01:25:14.640-03:00","eventName":"n8n.node.finished","message":"n8n.node.finished","payload":{"workflowId":"kRvD9OE3z6kH5FeG","workflowName":"Nodes Centrais - DIO - 6","executionId":"15","nodeType":"n8n-nodes-base.googleSheets","nodeName":"Salva cotação na planilha","nodeId":"963ef536-75df-4307-a4c7-6d62e9fd0f2f"}}
{"__type":"$$EventMessageConfirm","confirm":"4afa7bb4-fa17-4a91-8e2b-60daa7b5e5ae","ts":"2026-01-21T01:25:14.640-03:00","source":{"id":"0","name":"eventBus"}}
{"__type":"$$EventMessageWorkflow","id":"c88c0f66-c004-4d54-a219-ee4888aaeec6","ts":"2026-01-21T01:25:14.650-03:00","eventName":"n8n.workflow.success","message":"n8n.workflow.success","payload":{"executionId":"15","success":true,"isManual":true,"workflowId":"kRvD9OE3z6kH5FeG","workflowName":"Nodes Centrais - DIO - 6"}}
{"__type":"$$EventMessageConfirm","confirm":"c88c0f66-c004-4d54-a219-ee4888aaeec6","ts":"2026-01-21T01:25:14.651-03:00","source":{"id":"0","name":"eventBus"}}
{"__type":"$$EventMessageWorkflow","id":"f45f3153-d6f1-4e24-b861-d37aafe6a683","ts":"2026-01-21T01:27:02.646-03:00","eventName":"n8n.workflow.started","message":"n8n.workflow.started","payload":{"executionId":"16","workflowId":"kRvD9OE3z6kH5FeG","isManual":false,"workflowName":"Nodes Centrais - DIO - 6"}}
{"__type":"$$EventMessageConfirm","confirm":"f45f3153-d6f1-4e24-b861-d37aafe6a683","ts":"2026-01-21T01:27:02.648-03:00","source":{"id":"0","name":"eventBus"}}
{"__type":"$$EventMessageNode","id":"6bd0b6fe-3d36-467c-bfc2-18e04bd3ecb2","ts":"2026-01-21T01:27:02.655-03:00","eventName":"n8n.node.started","message":"n8n.node.started","payload":{"workflowId":"kRvD9OE3z6kH5FeG","workflowName":"Nodes Centrais - DIO - 6","executionId":"16","nodeType":"n8n-nodes-base.googleSheets","nodeName":"Salva cotação na planilha","nodeId":"963ef536-75df-4307-a4c7-6d62e9fd0f2f"}}
{"__type":"$$EventMessageConfirm","confirm":"6bd0b6fe-3d36-467c-bfc2-18e04bd3ecb2","ts":"2026-01-21T01:27:02.655-03:00","source":{"id":"0","name":"eventBus"}}
{"__type":"$$EventMessageNode","id":"7075212f-e20e-4c68-b682-1127374127eb","ts":"2026-01-21T01:27:03.804-03:00","eventName":"n8n.node.finished","message":"n8n.node.finished","payload":{"workflowId":"kRvD9OE3z6kH5FeG","workflowName":"Nodes Centrais - DIO - 6","executionId":"16","nodeType":"n8n-nodes-base.googleSheets","nodeName":"Salva cotação na planilha","nodeId":"963ef536-75df-4307-a4c7-6d62e9fd0f2f"}}
{"__type":"$$EventMessageConfirm","confirm":"7075212f-e20e-4c68-b682-1127374127eb","ts":"2026-01-21T01:27:03.804-03:00","source":{"id":"0","name":"eventBus"}}
{"__type":"$$EventMessageWorkflow","id":"a9e1acb7-7b21-439a-b389-919aacbdf47a","ts":"2026-01-21T01:27:03.832-03:00","eventName":"n8n.workflow.failed","message":"n8n.workflow.failed","payload":{"userId":"0a93214d-7da7-4c6c-a88e-0e126f96f983","executionId":"16","success":false,"isManual":true,"workflowId":"kRvD9OE3z6kH5FeG","workflowName":"Nodes Centrais - DIO - 6","lastNodeExecuted":"Salva cotação na planilha","errorNodeType":"n8n-nodes-base.googleSheets","errorMessage":"Column names were updated after the node's setup"}}
{"__type":"$$EventMessageConfirm","confirm":"a9e1acb7-7b21-439a-b389-919aacbdf47a","ts":"2026-01-21T01:27:03.833-03:00","source":{"id":"0","name":"eventBus"}}
{"__type":"$$EventMessageWorkflow","id":"63594919-4567-486e-94e1-d389cdb445a7","ts":"2026-01-21T01:27:17.618-03:00","eventName":"n8n.workflow.started","message":"n8n.workflow.started","payload":{"executionId":"17","workflowId":"kRvD9OE3z6kH5FeG","isManual":false,"workflowName":"Nodes Centrais - DIO - 6"}}
{"__type":"$$EventMessageConfirm","confirm":"63594919-4567-486e-94e1-d389cdb445a7","ts":"2026-01-21T01:27:17.618-03:00","source":{"id":"0","name":"eventBus"}}
{"__type":"$$EventMessageNode","id":"14db230d-a33b-4ff6-9cc8-f927c54a23ec","ts":"2026-01-21T01:27:17.621-03:00","eventName":"n8n.node.started","message":"n8n.node.started","payload":{"workflowId":"kRvD9OE3z6kH5FeG","workflowName":"Nodes Centrais - DIO - 6","executionId":"17","nodeType":"n8n-nodes-base.googleSheets","nodeName":"Salva cotação na planilha","nodeId":"963ef536-75df-4307-a4c7-6d62e9fd0f2f"}}
{"__type":"$$EventMessageConfirm","confirm":"14db230d-a33b-4ff6-9cc8-f927c54a23ec","ts":"2026-01-21T01:27:17.621-03:00","source":{"id":"0","name":"eventBus"}}
{"__type":"$$EventMessageNode","id":"3308ccd9-07e5-4e24-8a17-5ff796fcbc88","ts":"2026-01-21T01:27:19.358-03:00","eventName":"n8n.node.finished","message":"n8n.node.finished","payload":{"workflowId":"kRvD9OE3z6kH5FeG","workflowName":"Nodes Centrais - DIO - 6","executionId":"17","nodeType":"n8n-nodes-base.googleSheets","nodeName":"Salva cotação na planilha","nodeId":"963ef536-75df-4307-a4c7-6d62e9fd0f2f"}}
{"__type":"$$EventMessageConfirm","confirm":"3308ccd9-07e5-4e24-8a17-5ff796fcbc88","ts":"2026-01-21T01:27:19.358-03:00","source":{"id":"0","name":"eventBus"}}
{"__type":"$$EventMessageWorkflow","id":"b54e5221-58e6-4007-aee0-1cbd677384f2","ts":"2026-01-21T01:27:19.376-03:00","eventName":"n8n.workflow.success","message":"n8n.workflow.success","payload":{"userId":"0a93214d-7da7-4c6c-a88e-0e126f96f983","executionId":"17","success":true,"isManual":true,"workflowId":"kRvD9OE3z6kH5FeG","workflowName":"Nodes Centrais - DIO - 6"}}
{"__type":"$$EventMessageConfirm","confirm":"b54e5221-58e6-4007-aee0-1cbd677384f2","ts":"2026-01-21T01:27:19.376-03:00","source":{"id":"0","name":"eventBus"}}
{"__type":"$$EventMessageWorkflow","id":"d27f45ce-9da7-4475-8378-5a3f55eda1f1","ts":"2026-01-21T01:27:59.470-03:00","eventName":"n8n.workflow.started","message":"n8n.workflow.started","payload":{"executionId":"18","workflowId":"kRvD9OE3z6kH5FeG","isManual":false,"workflowName":"Nodes Centrais - DIO - 6"}}
{"__type":"$$EventMessageConfirm","confirm":"d27f45ce-9da7-4475-8378-5a3f55eda1f1","ts":"2026-01-21T01:27:59.470-03:00","source":{"id":"0","name":"eventBus"}}
{"__type":"$$EventMessageNode","id":"6439c3ff-4be1-433e-abb2-57fdc32337d3","ts":"2026-01-21T01:27:59.471-03:00","eventName":"n8n.node.started","message":"n8n.node.started","payload":{"workflowId":"kRvD9OE3z6kH5FeG","workflowName":"Nodes Centrais - DIO - 6","executionId":"18","nodeType":"n8n-nodes-base.googleSheets","nodeName":"Salva cotação na planilha","nodeId":"963ef536-75df-4307-a4c7-6d62e9fd0f2f"}}
{"__type":"$$EventMessageConfirm","confirm":"6439c3ff-4be1-433e-abb2-57fdc32337d3","ts":"2026-01-21T01:27:59.472-03:00","source":{"id":"0","name":"eventBus"}}
{"__type":"$$EventMessageNode","id":"6bd23c80-0bfc-4488-beda-1095c47e57b9","ts":"2026-01-21T01:28:01.533-03:00","eventName":"n8n.node.finished","message":"n8n.node.finished","payload":{"workflowId":"kRvD9OE3z6kH5FeG","workflowName":"Nodes Centrais - DIO - 6","executionId":"18","nodeType":"n8n-nodes-base.googleSheets","nodeName":"Salva cotação na planilha","nodeId":"963ef536-75df-4307-a4c7-6d62e9fd0f2f"}}
{"__type":"$$EventMessageConfirm","confirm":"6bd23c80-0bfc-4488-beda-1095c47e57b9","ts":"2026-01-21T01:28:01.534-03:00","source":{"id":"0","name":"eventBus"}}
{"__type":"$$EventMessageWorkflow","id":"8c79a94b-a3bf-4717-b223-fa3888c29f8c","ts":"2026-01-21T01:28:01.547-03:00","eventName":"n8n.workflow.success","message":"n8n.workflow.success","payload":{"userId":"0a93214d-7da7-4c6c-a88e-0e126f96f983","executionId":"18","success":true,"isManual":true,"workflowId":"kRvD9OE3z6kH5FeG","workflowName":"Nodes Centrais - DIO - 6"}}
{"__type":"$$EventMessageConfirm","confirm":"8c79a94b-a3bf-4717-b223-fa3888c29f8c","ts":"2026-01-21T01:28:01.548-03:00","source":{"id":"0","name":"eventBus"}}
{"__type":"$$EventMessageWorkflow","id":"2eb22c41-1f28-4e72-9c57-0d532f2c562f","ts":"2026-01-21T01:28:09.275-03:00","eventName":"n8n.workflow.started","message":"n8n.workflow.started","payload":{"executionId":"19","workflowId":"kRvD9OE3z6kH5FeG","isManual":false,"workflowName":"Nodes Centrais - DIO - 6"}}
{"__type":"$$EventMessageConfirm","confirm":"2eb22c41-1f28-4e72-9c57-0d532f2c562f","ts":"2026-01-21T01:28:09.275-03:00","source":{"id":"0","name":"eventBus"}}
{"__type":"$$EventMessageNode","id":"3a901f04-27e5-437c-b008-404c080394c2","ts":"2026-01-21T01:28:09.277-03:00","eventName":"n8n.node.started","message":"n8n.node.started","payload":{"workflowId":"kRvD9OE3z6kH5FeG","workflowName":"Nodes Centrais - DIO - 6","executionId":"19","nodeType":"n8n-nodes-base.googleSheets","nodeName":"Salva cotação na planilha","nodeId":"963ef536-75df-4307-a4c7-6d62e9fd0f2f"}}
{"__type":"$$EventMessageConfirm","confirm":"3a901f04-27e5-437c-b008-404c080394c2","ts":"2026-01-21T01:28:09.277-03:00","source":{"id":"0","name":"eventBus"}}
{"__type":"$$EventMessageNode","id":"374431a1-4aae-47eb-b7fc-2a59b7f3d22e","ts":"2026-01-21T01:28:11.123-03:00","eventName":"n8n.node.finished","message":"n8n.node.finished","payload":{"workflowId":"kRvD9OE3z6kH5FeG","workflowName":"Nodes Centrais - DIO - 6","executionId":"19","nodeType":"n8n-nodes-base.googleSheets","nodeName":"Salva cotação na planilha","nodeId":"963ef536-75df-4307-a4c7-6d62e9fd0f2f"}}
{"__type":"$$EventMessageConfirm","confirm":"374431a1-4aae-47eb-b7fc-2a59b7f3d22e","ts":"2026-01-21T01:28:11.123-03:00","source":{"id":"0","name":"eventBus"}}
{"__type":"$$EventMessageWorkflow","id":"71d48dbd-27d9-4a31-85e6-788b2b1789f3","ts":"2026-01-21T01:28:11.128-03:00","eventName":"n8n.workflow.success","message":"n8n.workflow.success","payload":{"userId":"0a93214d-7da7-4c6c-a88e-0e126f96f983","executionId":"19","success":true,"isManual":true,"workflowId":"kRvD9OE3z6kH5FeG","workflowName":"Nodes Centrais - DIO - 6"}}
{"__type":"$$EventMessageConfirm","confirm":"71d48dbd-27d9-4a31-85e6-788b2b1789f3","ts":"2026-01-21T01:28:11.128-03:00","source":{"id":"0","name":"eventBus"}}
{"__type":"$$EventMessageAudit","id":"bb646f22-f918-470d-8917-8f6e0db9fef3","ts":"2026-01-21T01:28:40.053-03:00","eventName":"n8n.audit.workflow.updated","message":"n8n.audit.workflow.updated","payload":{"userId":"0a93214d-7da7-4c6c-a88e-0e126f96f983","_email":"engfabiodesalvi@gmail.com","_firstName":"Fabio","_lastName":"engfabiodesalvi@gmail.com","globalRole":"global:owner","workflowId":"kRvD9OE3z6kH5FeG","workflowName":"Nodes Centrais - DIO - 6"}}
{"__type":"$$EventMessageConfirm","confirm":"bb646f22-f918-470d-8917-8f6e0db9fef3","ts":"2026-01-21T01:28:40.053-03:00","source":{"id":"0","name":"eventBus"}}
{"__type":"$$EventMessageAudit","id":"fc2ebef3-1e6c-48f2-8c1c-bf216ddcd50b","ts":"2026-01-21T01:48:54.000-03:00","eventName":"n8n.audit.user.credentials.created","message":"n8n.audit.user.credentials.created","payload":{"userId":"0a93214d-7da7-4c6c-a88e-0e126f96f983","_email":"engfabiodesalvi@gmail.com","_firstName":"Fabio","_lastName":"engfabiodesalvi@gmail.com","globalRole":"global:owner","credentialType":"smtp","credentialId":"7ySW43qqFN5va8st","publicApi":false,"projectId":"Luk9mwWnusjByjaQ","projectType":"personal"}}
{"__type":"$$EventMessageConfirm","confirm":"fc2ebef3-1e6c-48f2-8c1c-bf216ddcd50b","ts":"2026-01-21T01:48:54.008-03:00","source":{"id":"0","name":"eventBus"}}
{"__type":"$$EventMessageAudit","id":"f80383ff-971a-433a-9bc3-a167499ba082","ts":"2026-01-21T01:57:33.208-03:00","eventName":"n8n.audit.user.credentials.updated","message":"n8n.audit.user.credentials.updated","payload":{"userId":"0a93214d-7da7-4c6c-a88e-0e126f96f983","_email":"engfabiodesalvi@gmail.com","_firstName":"Fabio","_lastName":"engfabiodesalvi@gmail.com","globalRole":"global:owner","credentialType":"smtp","credentialId":"7ySW43qqFN5va8st"}}
{"__type":"$$EventMessageConfirm","confirm":"f80383ff-971a-433a-9bc3-a167499ba082","ts":"2026-01-21T01:57:33.211-03:00","source":{"id":"0","name":"eventBus"}}
{"__type":"$$EventMessageAudit","id":"3d0e12e8-9e57-415c-bfe2-34d99172d50d","ts":"2026-01-21T01:57:44.243-03:00","eventName":"n8n.audit.user.credentials.updated","message":"n8n.audit.user.credentials.updated","payload":{"userId":"0a93214d-7da7-4c6c-a88e-0e126f96f983","_email":"engfabiodesalvi@gmail.com","_firstName":"Fabio","_lastName":"engfabiodesalvi@gmail.com","globalRole":"global:owner","credentialType":"smtp","credentialId":"7ySW43qqFN5va8st"}}
{"__type":"$$EventMessageConfirm","confirm":"3d0e12e8-9e57-415c-bfe2-34d99172d50d","ts":"2026-01-21T01:57:44.243-03:00","source":{"id":"0","name":"eventBus"}}
{"__type":"$$EventMessageAudit","id":"1d8dcda8-45f4-48b1-9446-0a6f97a150b0","ts":"2026-01-21T01:58:36.941-03:00","eventName":"n8n.audit.user.credentials.updated","message":"n8n.audit.user.credentials.updated","payload":{"userId":"0a93214d-7da7-4c6c-a88e-0e126f96f983","_email":"engfabiodesalvi@gmail.com","_firstName":"Fabio","_lastName":"engfabiodesalvi@gmail.com","globalRole":"global:owner","credentialType":"smtp","credentialId":"7ySW43qqFN5va8st"}}
{"__type":"$$EventMessageConfirm","confirm":"1d8dcda8-45f4-48b1-9446-0a6f97a150b0","ts":"2026-01-21T01:58:36.941-03:00","source":{"id":"0","name":"eventBus"}}
{"__type":"$$EventMessageAudit","id":"f9faf208-5b16-4f5c-9a3c-f54803cb0c45","ts":"2026-01-21T02:02:44.022-03:00","eventName":"n8n.audit.user.credentials.updated","message":"n8n.audit.user.credentials.updated","payload":{"userId":"0a93214d-7da7-4c6c-a88e-0e126f96f983","_email":"engfabiodesalvi@gmail.com","_firstName":"Fabio","_lastName":"engfabiodesalvi@gmail.com","globalRole":"global:owner","credentialType":"smtp","credentialId":"7ySW43qqFN5va8st"}}
{"__type":"$$EventMessageConfirm","confirm":"f9faf208-5b16-4f5c-9a3c-f54803cb0c45","ts":"2026-01-21T02:02:44.024-03:00","source":{"id":"0","name":"eventBus"}}
{"__type":"$$EventMessageAudit","id":"86437d2b-0766-465c-84d8-914a3eda1a34","ts":"2026-01-21T02:03:00.369-03:00","eventName":"n8n.audit.user.credentials.updated","message":"n8n.audit.user.credentials.updated","payload":{"userId":"0a93214d-7da7-4c6c-a88e-0e126f96f983","_email":"engfabiodesalvi@gmail.com","_firstName":"Fabio","_lastName":"engfabiodesalvi@gmail.com","globalRole":"global:owner","credentialType":"smtp","credentialId":"7ySW43qqFN5va8st"}}
{"__type":"$$EventMessageConfirm","confirm":"86437d2b-0766-465c-84d8-914a3eda1a34","ts":"2026-01-21T02:03:00.370-03:00","source":{"id":"0","name":"eventBus"}}
{"__type":"$$EventMessageWorkflow","id":"6e2f8b79-9d28-4960-900c-1c502b59dac6","ts":"2026-01-21T02:03:14.822-03:00","eventName":"n8n.workflow.started","message":"n8n.workflow.started","payload":{"executionId":"20","workflowId":"kRvD9OE3z6kH5FeG","isManual":false,"workflowName":"Nodes Centrais - DIO - 6"}}
{"__type":"$$EventMessageConfirm","confirm":"6e2f8b79-9d28-4960-900c-1c502b59dac6","ts":"2026-01-21T02:03:14.822-03:00","source":{"id":"0","name":"eventBus"}}
{"__type":"$$EventMessageNode","id":"ba080f53-f87f-4689-8a8a-f482546fe8bc","ts":"2026-01-21T02:03:14.825-03:00","eventName":"n8n.node.started","message":"n8n.node.started","payload":{"workflowId":"kRvD9OE3z6kH5FeG","workflowName":"Nodes Centrais - DIO - 6","executionId":"20","nodeType":"n8n-nodes-base.emailSend","nodeName":"Send email","nodeId":"031b7326-3c53-48cc-8c27-fa1c00395a61"}}
{"__type":"$$EventMessageConfirm","confirm":"ba080f53-f87f-4689-8a8a-f482546fe8bc","ts":"2026-01-21T02:03:14.826-03:00","source":{"id":"0","name":"eventBus"}}
{"__type":"$$EventMessageNode","id":"5a51a283-4840-4e2d-a506-21dd4657a01f","ts":"2026-01-21T02:03:15.889-03:00","eventName":"n8n.node.finished","message":"n8n.node.finished","payload":{"workflowId":"kRvD9OE3z6kH5FeG","workflowName":"Nodes Centrais - DIO - 6","executionId":"20","nodeType":"n8n-nodes-base.emailSend","nodeName":"Send email","nodeId":"031b7326-3c53-48cc-8c27-fa1c00395a61"}}
{"__type":"$$EventMessageConfirm","confirm":"5a51a283-4840-4e2d-a506-21dd4657a01f","ts":"2026-01-21T02:03:15.890-03:00","source":{"id":"0","name":"eventBus"}}
{"__type":"$$EventMessageWorkflow","id":"aa4c2585-3fe8-4cda-a695-e93849b909af","ts":"2026-01-21T02:03:15.905-03:00","eventName":"n8n.workflow.failed","message":"n8n.workflow.failed","payload":{"userId":"0a93214d-7da7-4c6c-a88e-0e126f96f983","executionId":"20","success":false,"isManual":true,"workflowId":"kRvD9OE3z6kH5FeG","workflowName":"Nodes Centrais - DIO - 6","lastNodeExecuted":"Send email","errorNodeType":"n8n-nodes-base.emailSend","errorMessage":"Mail command failed: 530-5.7.0 Must issue a STARTTLS command first. For more information, go to\n530-5.7.0  https://support.google.com/a/answer/3221692 and review RFC 3207\n530 5.7.0 specifications. a92af1059eb24-1244ac58140sm21080495c88.4 - gsmtp"}}
{"__type":"$$EventMessageConfirm","confirm":"aa4c2585-3fe8-4cda-a695-e93849b909af","ts":"2026-01-21T02:03:15.906-03:00","source":{"id":"0","name":"eventBus"}}
{"__type":"$$EventMessageAudit","id":"a349f3b1-c922-4d78-9703-8c3e498467af","ts":"2026-01-21T02:03:42.145-03:00","eventName":"n8n.audit.user.credentials.updated","message":"n8n.audit.user.credentials.updated","payload":{"userId":"0a93214d-7da7-4c6c-a88e-0e126f96f983","_email":"engfabiodesalvi@gmail.com","_firstName":"Fabio","_lastName":"engfabiodesalvi@gmail.com","globalRole":"global:owner","credentialType":"smtp","credentialId":"7ySW43qqFN5va8st"}}
{"__type":"$$EventMessageConfirm","confirm":"a349f3b1-c922-4d78-9703-8c3e498467af","ts":"2026-01-21T02:03:42.146-03:00","source":{"id":"0","name":"eventBus"}}
{"__type":"$$EventMessageAudit","id":"4937addc-d023-45bd-b603-b85f2d2d8a6d","ts":"2026-01-21T02:03:59.092-03:00","eventName":"n8n.audit.user.credentials.updated","message":"n8n.audit.user.credentials.updated","payload":{"userId":"0a93214d-7da7-4c6c-a88e-0e126f96f983","_email":"engfabiodesalvi@gmail.com","_firstName":"Fabio","_lastName":"engfabiodesalvi@gmail.com","globalRole":"global:owner","credentialType":"smtp","credentialId":"7ySW43qqFN5va8st"}}
{"__type":"$$EventMessageConfirm","confirm":"4937addc-d023-45bd-b603-b85f2d2d8a6d","ts":"2026-01-21T02:03:59.092-03:00","source":{"id":"0","name":"eventBus"}}
{"__type":"$$EventMessageAudit","id":"db8c7500-ed28-40f7-beb1-c9e61998f59a","ts":"2026-01-21T02:04:05.983-03:00","eventName":"n8n.audit.user.credentials.updated","message":"n8n.audit.user.credentials.updated","payload":{"userId":"0a93214d-7da7-4c6c-a88e-0e126f96f983","_email":"engfabiodesalvi@gmail.com","_firstName":"Fabio","_lastName":"engfabiodesalvi@gmail.com","globalRole":"global:owner","credentialType":"smtp","credentialId":"7ySW43qqFN5va8st"}}
{"__type":"$$EventMessageConfirm","confirm":"db8c7500-ed28-40f7-beb1-c9e61998f59a","ts":"2026-01-21T02:04:05.983-03:00","source":{"id":"0","name":"eventBus"}}
{"__type":"$$EventMessageAudit","id":"70c76737-5bda-429d-abda-b21abfe573d3","ts":"2026-01-21T02:04:59.319-03:00","eventName":"n8n.audit.user.credentials.updated","message":"n8n.audit.user.credentials.updated","payload":{"userId":"0a93214d-7da7-4c6c-a88e-0e126f96f983","_email":"engfabiodesalvi@gmail.com","_firstName":"Fabio","_lastName":"engfabiodesalvi@gmail.com","globalRole":"global:owner","credentialType":"smtp","credentialId":"7ySW43qqFN5va8st"}}
{"__type":"$$EventMessageConfirm","confirm":"70c76737-5bda-429d-abda-b21abfe573d3","ts":"2026-01-21T02:04:59.319-03:00","source":{"id":"0","name":"eventBus"}}
{"__type":"$$EventMessageWorkflow","id":"bd6fc40e-0dfc-4537-9650-82775242b31a","ts":"2026-01-21T02:05:06.314-03:00","eventName":"n8n.workflow.started","message":"n8n.workflow.started","payload":{"executionId":"21","workflowId":"kRvD9OE3z6kH5FeG","isManual":false,"workflowName":"Nodes Centrais - DIO - 6"}}
{"__type":"$$EventMessageConfirm","confirm":"bd6fc40e-0dfc-4537-9650-82775242b31a","ts":"2026-01-21T02:05:06.315-03:00","source":{"id":"0","name":"eventBus"}}
{"__type":"$$EventMessageNode","id":"df1d86d5-7980-4d8d-80de-61ebea868a9e","ts":"2026-01-21T02:05:06.323-03:00","eventName":"n8n.node.started","message":"n8n.node.started","payload":{"workflowId":"kRvD9OE3z6kH5FeG","workflowName":"Nodes Centrais - DIO - 6","executionId":"21","nodeType":"n8n-nodes-base.emailSend","nodeName":"Send email","nodeId":"031b7326-3c53-48cc-8c27-fa1c00395a61"}}
{"__type":"$$EventMessageConfirm","confirm":"df1d86d5-7980-4d8d-80de-61ebea868a9e","ts":"2026-01-21T02:05:06.323-03:00","source":{"id":"0","name":"eventBus"}}
{"__type":"$$EventMessageNode","id":"0672eae0-e6e6-4990-8db9-9d4ce656b8f6","ts":"2026-01-21T02:05:07.957-03:00","eventName":"n8n.node.finished","message":"n8n.node.finished","payload":{"workflowId":"kRvD9OE3z6kH5FeG","workflowName":"Nodes Centrais - DIO - 6","executionId":"21","nodeType":"n8n-nodes-base.emailSend","nodeName":"Send email","nodeId":"031b7326-3c53-48cc-8c27-fa1c00395a61"}}
{"__type":"$$EventMessageConfirm","confirm":"0672eae0-e6e6-4990-8db9-9d4ce656b8f6","ts":"2026-01-21T02:05:07.957-03:00","source":{"id":"0","name":"eventBus"}}
{"__type":"$$EventMessageWorkflow","id":"c0a7a959-860a-4fe8-a980-60c447a81ba4","ts":"2026-01-21T02:05:07.976-03:00","eventName":"n8n.workflow.failed","message":"n8n.workflow.failed","payload":{"userId":"0a93214d-7da7-4c6c-a88e-0e126f96f983","executionId":"21","success":false,"isManual":true,"workflowId":"kRvD9OE3z6kH5FeG","workflowName":"Nodes Centrais - DIO - 6","lastNodeExecuted":"Send email","errorNodeType":"n8n-nodes-base.emailSend","errorMessage":"self-signed certificate in certificate chain"}}
{"__type":"$$EventMessageConfirm","confirm":"c0a7a959-860a-4fe8-a980-60c447a81ba4","ts":"2026-01-21T02:05:07.977-03:00","source":{"id":"0","name":"eventBus"}}
{"__type":"$$EventMessageAudit","id":"611e7dbe-cef6-45a1-98a8-485fabc0682f","ts":"2026-01-21T02:08:42.176-03:00","eventName":"n8n.audit.user.credentials.updated","message":"n8n.audit.user.credentials.updated","payload":{"userId":"0a93214d-7da7-4c6c-a88e-0e126f96f983","_email":"engfabiodesalvi@gmail.com","_firstName":"Fabio","_lastName":"engfabiodesalvi@gmail.com","globalRole":"global:owner","credentialType":"smtp","credentialId":"7ySW43qqFN5va8st"}}
{"__type":"$$EventMessageConfirm","confirm":"611e7dbe-cef6-45a1-98a8-485fabc0682f","ts":"2026-01-21T02:08:42.179-03:00","source":{"id":"0","name":"eventBus"}}
{"__type":"$$EventMessageAudit","id":"2b282016-8db4-4a41-8500-2868dceab389","ts":"2026-01-21T02:08:54.396-03:00","eventName":"n8n.audit.user.credentials.updated","message":"n8n.audit.user.credentials.updated","payload":{"userId":"0a93214d-7da7-4c6c-a88e-0e126f96f983","_email":"engfabiodesalvi@gmail.com","_firstName":"Fabio","_lastName":"engfabiodesalvi@gmail.com","globalRole":"global:owner","credentialType":"smtp","credentialId":"7ySW43qqFN5va8st"}}
{"__type":"$$EventMessageConfirm","confirm":"2b282016-8db4-4a41-8500-2868dceab389","ts":"2026-01-21T02:08:54.396-03:00","source":{"id":"0","name":"eventBus"}}
{"__type":"$$EventMessageAudit","id":"c35090ef-e40f-41cf-a6fa-cd92de44192b","ts":"2026-01-21T02:09:06.744-03:00","eventName":"n8n.audit.workflow.updated","message":"n8n.audit.workflow.updated","payload":{"userId":"0a93214d-7da7-4c6c-a88e-0e126f96f983","_email":"engfabiodesalvi@gmail.com","_firstName":"Fabio","_lastName":"engfabiodesalvi@gmail.com","globalRole":"global:owner","workflowId":"kRvD9OE3z6kH5FeG","workflowName":"Nodes Centrais - DIO - 6"}}
{"__type":"$$EventMessageConfirm","confirm":"c35090ef-e40f-41cf-a6fa-cd92de44192b","ts":"2026-01-21T02:09:06.744-03:00","source":{"id":"0","name":"eventBus"}}
